{"meta": {"format": 3, "version": "7.13.5", "timestamp": "2026-04-14T17:42:53.539260", "branch_coverage": false, "show_contexts": false}, "files": {"app/__init__.py": {"executed_lines": [4], "summary": {"covered_lines": 1, "num_statements": 1, "percent_covered": 100.0, "percent_covered_display": "100", "missing_lines": 0, "excluded_lines": 0, "percent_statements_covered": 100.0, "percent_statements_covered_display": "100"}, "missing_lines": [], "excluded_lines": [], "functions": {"": {"executed_lines": [4], "summary": {"covered_lines": 1, "num_statements": 1, "percent_covered": 100.0, "percent_covered_display": "100", "missing_lines": 0, "excluded_lines": 0, "percent_statements_covered": 100.0, "percent_statements_covered_display": "100"}, "missing_lines": [], "excluded_lines": [], "start_line": 1}}, "classes": {"": {"executed_lines": [4], "summary": {"covered_lines": 1, "num_statements": 1, "percent_covered": 100.0, "percent_covered_display": "100", "missing_lines": 0, "excluded_lines": 0, "percent_statements_covered": 100.0, "percent_statements_covered_display": "100"}, "missing_lines": [], "excluded_lines": [], "start_line": 1}}}, "app/cache/base.py": {"executed_lines": [10, 11, 12, 13, 15, 18, 21, 22, 23, 45, 47, 55, 57, 59, 60, 62, 73, 74, 75, 76, 77, 78, 79, 80, 81, 82, 84, 103, 104, 105, 106, 107, 108, 109, 110, 111, 112, 114, 125, 126, 127, 128, 129, 130, 131, 132, 134, 144, 145, 146, 147, 148, 149, 150, 151, 152, 153, 155, 164, 165, 166, 167, 169, 171, 172, 173, 175, 190, 198], "summary": {"covered_lines": 69, "num_statements": 79, "percent_covered": 87.34177215189874, "percent_covered_display": "87", "missing_lines": 10, "excluded_lines": 0, "percent_statements_covered": 87.34177215189874, "percent_statements_covered_display": "87"}, "missing_lines": [48, 50, 183, 184, 186, 187, 188, 192, 193, 194], "excluded_lines": [], "functions": {"CacheService.__init__": {"executed_lines": [22, 23], "summary": {"covered_lines": 2, "num_statements": 2, "percent_covered": 100.0, "percent_covered_display": "100", "missing_lines": 0, "excluded_lines": 0, "percent_statements_covered": 100.0, "percent_statements_covered_display": "100"}, "missing_lines": [], "excluded_lines": [], "start_line": 21}, "CacheService._get_redis": {"executed_lines": [47, 55], "summary": {"covered_lines": 2, "num_statements": 4, "percent_covered": 50.0, "percent_covered_display": "50", "missing_lines": 2, "excluded_lines": 0, "percent_statements_covered": 50.0, "percent_statements_covered_display": "50"}, "missing_lines": [48, 50], "excluded_lines": [], "start_line": 45}, "CacheService._build_key": {"executed_lines": [59, 60], "summary": {"covered_lines": 2, "num_statements": 2, "percent_covered": 100.0, "percent_covered_display": "100", "missing_lines": 0, "excluded_lines": 0, "percent_statements_covered": 100.0, "percent_statements_covered_display": "100"}, "missing_lines": [], "excluded_lines": [], "start_line": 57}, "CacheService.get": {"executed_lines": [73, 74, 75, 76, 77, 78, 79, 80, 81, 82], "summary": {"covered_lines": 10, "num_statements": 10, "percent_covered": 100.0, "percent_covered_display": "100", "missing_lines": 0, "excluded_lines": 0, "percent_statements_covered": 100.0, "percent_statements_covered_display": "100"}, "missing_lines": [], "excluded_lines": [], "start_line": 62}, "CacheService.set": {"executed_lines": [103, 104, 105, 106, 107, 108, 109, 110, 111, 112], "summary": {"covered_lines": 10, "num_statements": 10, "percent_covered": 100.0, "percent_covered_display": "100", "missing_lines": 0, "excluded_lines": 0, "percent_statements_covered": 100.0, "percent_statements_covered_display": "100"}, "missing_lines": [], "excluded_lines": [], "start_line": 84}, "CacheService.delete": {"executed_lines": [125, 126, 127, 128, 129, 130, 131, 132], "summary": {"covered_lines": 8, "num_statements": 8, "percent_covered": 100.0, "percent_covered_display": "100", "missing_lines": 0, "excluded_lines": 0, "percent_statements_covered": 100.0, "percent_statements_covered_display": "100"}, "missing_lines": [], "excluded_lines": [], "start_line": 114}, "CacheService.invalidate_pattern": {"executed_lines": [144, 145, 146, 147, 148, 149, 150, 151, 152, 153], "summary": {"covered_lines": 10, "num_statements": 10, "percent_covered": 100.0, "percent_covered_display": "100", "missing_lines": 0, "excluded_lines": 0, "percent_statements_covered": 100.0, "percent_statements_covered_display": "100"}, "missing_lines": [], "excluded_lines": [], "start_line": 134}, "CacheService.invalidate_customer_cache": {"executed_lines": [164, 165, 166, 167], "summary": {"covered_lines": 4, "num_statements": 4, "percent_covered": 100.0, "percent_covered_display": "100", "missing_lines": 0, "excluded_lines": 0, "percent_statements_covered": 100.0, "percent_statements_covered_display": "100"}, "missing_lines": [], "excluded_lines": [], "start_line": 155}, "CacheService.invalidate_tag_cache": {"executed_lines": [171, 172, 173], "summary": {"covered_lines": 3, "num_statements": 3, "percent_covered": 100.0, "percent_covered_display": "100", "missing_lines": 0, "excluded_lines": 0, "percent_statements_covered": 100.0, "percent_statements_covered_display": "100"}, "missing_lines": [], "excluded_lines": [], "start_line": 169}, "CacheService.invalidate_analytics_cache": {"executed_lines": [], "summary": {"covered_lines": 0, "num_statements": 5, "percent_covered": 0.0, "percent_covered_display": "0", "missing_lines": 5, "excluded_lines": 0, "percent_statements_covered": 0.0, "percent_statements_covered_display": "0"}, "missing_lines": [183, 184, 186, 187, 188], "excluded_lines": [], "start_line": 175}, "CacheService.invalidate_billing_cache": {"executed_lines": [], "summary": {"covered_lines": 0, "num_statements": 3, "percent_covered": 0.0, "percent_covered_display": "0", "missing_lines": 3, "excluded_lines": 0, "percent_statements_covered": 0.0, "percent_statements_covered_display": "0"}, "missing_lines": [192, 193, 194], "excluded_lines": [], "start_line": 190}, "": {"executed_lines": [10, 11, 12, 13, 15, 18, 21, 45, 57, 62, 84, 114, 134, 155, 169, 175, 190, 198], "summary": {"covered_lines": 18, "num_statements": 18, "percent_covered": 100.0, "percent_covered_display": "100", "missing_lines": 0, "excluded_lines": 0, "percent_statements_covered": 100.0, "percent_statements_covered_display": "100"}, "missing_lines": [], "excluded_lines": [], "start_line": 1}}, "classes": {"CacheService": {"executed_lines": [22, 23, 47, 55, 59, 60, 73, 74, 75, 76, 77, 78, 79, 80, 81, 82, 103, 104, 105, 106, 107, 108, 109, 110, 111, 112, 125, 126, 127, 128, 129, 130, 131, 132, 144, 145, 146, 147, 148, 149, 150, 151, 152, 153, 164, 165, 166, 167, 171, 172, 173], "summary": {"covered_lines": 51, "num_statements": 61, "percent_covered": 83.60655737704919, "percent_covered_display": "84", "missing_lines": 10, "excluded_lines": 0, "percent_statements_covered": 83.60655737704919, "percent_statements_covered_display": "84"}, "missing_lines": [48, 50, 183, 184, 186, 187, 188, 192, 193, 194], "excluded_lines": [], "start_line": 18}, "": {"executed_lines": [10, 11, 12, 13, 15, 18, 21, 45, 57, 62, 84, 114, 134, 155, 169, 175, 190, 198], "summary": {"covered_lines": 18, "num_statements": 18, "percent_covered": 100.0, "percent_covered_display": "100", "missing_lines": 0, "excluded_lines": 0, "percent_statements_covered": 100.0, "percent_statements_covered_display": "100"}, "missing_lines": [], "excluded_lines": [], "start_line": 1}}}, "app/cache/permissions.py": {"executed_lines": [8, 9, 10, 12, 15, 18, 19, 20, 22, 38, 56, 75], "summary": {"covered_lines": 12, "num_statements": 29, "percent_covered": 41.37931034482759, "percent_covered_display": "41", "missing_lines": 17, "excluded_lines": 0, "percent_statements_covered": 41.37931034482759, "percent_statements_covered_display": "41"}, "missing_lines": [32, 33, 34, 35, 36, 49, 50, 51, 52, 53, 54, 66, 67, 68, 69, 70, 71], "excluded_lines": [], "functions": {"PermissionCache.__init__": {"executed_lines": [19, 20], "summary": {"covered_lines": 2, "num_statements": 2, "percent_covered": 100.0, "percent_covered_display": "100", "missing_lines": 0, "excluded_lines": 0, "percent_statements_covered": 100.0, "percent_statements_covered_display": "100"}, "missing_lines": [], "excluded_lines": [], "start_line": 18}, "PermissionCache.get_permissions": {"executed_lines": [], "summary": {"covered_lines": 0, "num_statements": 5, "percent_covered": 0.0, "percent_covered_display": "0", "missing_lines": 5, "excluded_lines": 0, "percent_statements_covered": 0.0, "percent_statements_covered_display": "0"}, "missing_lines": [32, 33, 34, 35, 36], "excluded_lines": [], "start_line": 22}, "PermissionCache.set_permissions": {"executed_lines": [], "summary": {"covered_lines": 0, "num_statements": 6, "percent_covered": 0.0, "percent_covered_display": "0", "missing_lines": 6, "excluded_lines": 0, "percent_statements_covered": 0.0, "percent_statements_covered_display": "0"}, "missing_lines": [49, 50, 51, 52, 53, 54], "excluded_lines": [], "start_line": 38}, "PermissionCache.invalidate": {"executed_lines": [], "summary": {"covered_lines": 0, "num_statements": 6, "percent_covered": 0.0, "percent_covered_display": "0", "missing_lines": 6, "excluded_lines": 0, "percent_statements_covered": 0.0, "percent_statements_covered_display": "0"}, "missing_lines": [66, 67, 68, 69, 70, 71], "excluded_lines": [], "start_line": 56}, "": {"executed_lines": [8, 9, 10, 12, 15, 18, 22, 38, 56, 75], "summary": {"covered_lines": 10, "num_statements": 10, "percent_covered": 100.0, "percent_covered_display": "100", "missing_lines": 0, "excluded_lines": 0, "percent_statements_covered": 100.0, "percent_statements_covered_display": "100"}, "missing_lines": [], "excluded_lines": [], "start_line": 1}}, "classes": {"PermissionCache": {"executed_lines": [19, 20], "summary": {"covered_lines": 2, "num_statements": 19, "percent_covered": 10.526315789473685, "percent_covered_display": "11", "missing_lines": 17, "excluded_lines": 0, "percent_statements_covered": 10.526315789473685, "percent_statements_covered_display": "11"}, "missing_lines": [32, 33, 34, 35, 36, 49, 50, 51, 52, 53, 54, 66, 67, 68, 69, 70, 71], "excluded_lines": [], "start_line": 15}, "": {"executed_lines": [8, 9, 10, 12, 15, 18, 22, 38, 56, 75], "summary": {"covered_lines": 10, "num_statements": 10, "percent_covered": 100.0, "percent_covered_display": "100", "missing_lines": 0, "excluded_lines": 0, "percent_statements_covered": 100.0, "percent_statements_covered_display": "100"}, "missing_lines": [], "excluded_lines": [], "start_line": 1}}}, "app/config.py": {"executed_lines": [1, 2, 3, 4, 5, 8, 12, 13, 14, 15, 16, 17, 20, 21, 24, 28, 29, 30, 33, 34, 35, 36, 39, 40, 43, 44, 45, 46, 49, 50, 53, 59, 62, 63, 64, 65, 66, 67, 68, 69, 70, 72, 73, 74, 77, 78, 80, 83], "summary": {"covered_lines": 48, "num_statements": 48, "percent_covered": 100.0, "percent_covered_display": "100", "missing_lines": 0, "excluded_lines": 0, "percent_statements_covered": 100.0, "percent_statements_covered_display": "100"}, "missing_lines": [], "excluded_lines": [], "functions": {"get_settings": {"executed_lines": [80], "summary": {"covered_lines": 1, "num_statements": 1, "percent_covered": 100.0, "percent_covered_display": "100", "missing_lines": 0, "excluded_lines": 0, "percent_statements_covered": 100.0, "percent_statements_covered_display": "100"}, "missing_lines": [], "excluded_lines": [], "start_line": 78}, "": {"executed_lines": [1, 2, 3, 4, 5, 8, 12, 13, 14, 15, 16, 17, 20, 21, 24, 28, 29, 30, 33, 34, 35, 36, 39, 40, 43, 44, 45, 46, 49, 50, 53, 59, 62, 63, 64, 65, 66, 67, 68, 69, 70, 72, 73, 74, 77, 78, 83], "summary": {"covered_lines": 47, "num_statements": 47, "percent_covered": 100.0, "percent_covered_display": "100", "missing_lines": 0, "excluded_lines": 0, "percent_statements_covered": 100.0, "percent_statements_covered_display": "100"}, "missing_lines": [], "excluded_lines": [], "start_line": 1}}, "classes": {"Settings": {"executed_lines": [], "summary": {"covered_lines": 0, "num_statements": 0, "percent_covered": 100.0, "percent_covered_display": "100", "missing_lines": 0, "excluded_lines": 0, "percent_statements_covered": 100.0, "percent_statements_covered_display": "100"}, "missing_lines": [], "excluded_lines": [], "start_line": 8}, "Settings.Config": {"executed_lines": [], "summary": {"covered_lines": 0, "num_statements": 0, "percent_covered": 100.0, "percent_covered_display": "100", "missing_lines": 0, "excluded_lines": 0, "percent_statements_covered": 100.0, "percent_statements_covered_display": "100"}, "missing_lines": [], "excluded_lines": [], "start_line": 72}, "": {"executed_lines": [1, 2, 3, 4, 5, 8, 12, 13, 14, 15, 16, 17, 20, 21, 24, 28, 29, 30, 33, 34, 35, 36, 39, 40, 43, 44, 45, 46, 49, 50, 53, 59, 62, 63, 64, 65, 66, 67, 68, 69, 70, 72, 73, 74, 77, 78, 80, 83], "summary": {"covered_lines": 48, "num_statements": 48, "percent_covered": 100.0, "percent_covered_display": "100", "missing_lines": 0, "excluded_lines": 0, "percent_statements_covered": 100.0, "percent_statements_covered_display": "100"}, "missing_lines": [], "excluded_lines": [], "start_line": 1}}}, "app/main.py": {"executed_lines": [], "summary": {"covered_lines": 0, "num_statements": 94, "percent_covered": 0.0, "percent_covered_display": "0", "missing_lines": 94, "excluded_lines": 0, "percent_statements_covered": 0.0, "percent_statements_covered_display": "0"}, "missing_lines": [1, 2, 3, 4, 10, 11, 12, 13, 14, 15, 18, 30, 33, 42, 43, 44, 48, 49, 52, 53, 56, 57, 61, 63, 66, 69, 71, 72, 73, 75, 76, 77, 78, 82, 83, 84, 86, 87, 88, 89, 92, 95, 98, 99, 100, 101, 102, 103, 104, 105, 106, 107, 108, 109, 110, 111, 113, 114, 115, 116, 117, 118, 119, 120, 121, 122, 123, 124, 125, 126, 127, 128, 131, 133, 136, 137, 139, 147, 148, 150, 159, 160, 161, 163, 164, 167, 168, 169, 170, 172, 174, 178, 181, 182], "excluded_lines": [], "functions": {"create_app": {"executed_lines": [], "summary": {"covered_lines": 0, "num_statements": 69, "percent_covered": 0.0, "percent_covered_display": "0", "missing_lines": 69, "excluded_lines": 0, "percent_statements_covered": 0.0, "percent_statements_covered_display": "0"}, "missing_lines": [30, 33, 42, 43, 44, 48, 49, 52, 53, 56, 57, 61, 63, 66, 69, 71, 72, 75, 76, 82, 83, 84, 86, 87, 88, 89, 92, 95, 98, 99, 100, 101, 102, 103, 104, 105, 106, 107, 108, 109, 110, 111, 113, 114, 115, 116, 117, 118, 119, 120, 121, 122, 123, 124, 125, 126, 127, 128, 131, 133, 136, 137, 147, 148, 159, 160, 167, 168, 174], "excluded_lines": [], "start_line": 18}, "create_app.db_session_middleware": {"executed_lines": [], "summary": {"covered_lines": 0, "num_statements": 1, "percent_covered": 0.0, "percent_covered_display": "0", "missing_lines": 1, "excluded_lines": 0, "percent_statements_covered": 0.0, "percent_statements_covered_display": "0"}, "missing_lines": [73], "excluded_lines": [], "start_line": 72}, "create_app.close_db_session": {"executed_lines": [], "summary": {"covered_lines": 0, "num_statements": 2, "percent_covered": 0.0, "percent_covered_display": "0", "missing_lines": 2, "excluded_lines": 0, "percent_statements_covered": 0.0, "percent_statements_covered_display": "0"}, "missing_lines": [77, 78], "excluded_lines": [], "start_line": 76}, "create_app.health_check": {"executed_lines": [], "summary": {"covered_lines": 0, "num_statements": 1, "percent_covered": 0.0, "percent_covered_display": "0", "missing_lines": 1, "excluded_lines": 0, "percent_statements_covered": 0.0, "percent_statements_covered_display": "0"}, "missing_lines": [139], "excluded_lines": [], "start_line": 137}, "create_app.index": {"executed_lines": [], "summary": {"covered_lines": 0, "num_statements": 1, "percent_covered": 0.0, "percent_covered_display": "0", "missing_lines": 1, "excluded_lines": 0, "percent_statements_covered": 0.0, "percent_statements_covered_display": "0"}, "missing_lines": [150], "excluded_lines": [], "start_line": 148}, "create_app.on_start": {"executed_lines": [], "summary": {"covered_lines": 0, "num_statements": 3, "percent_covered": 0.0, "percent_covered_display": "0", "missing_lines": 3, "excluded_lines": 0, "percent_statements_covered": 0.0, "percent_statements_covered_display": "0"}, "missing_lines": [161, 163, 164], "excluded_lines": [], "start_line": 160}, "create_app.on_shutdown": {"executed_lines": [], "summary": {"covered_lines": 0, "num_statements": 3, "percent_covered": 0.0, "percent_covered_display": "0", "missing_lines": 3, "excluded_lines": 0, "percent_statements_covered": 0.0, "percent_statements_covered_display": "0"}, "missing_lines": [169, 170, 172], "excluded_lines": [], "start_line": 168}, "": {"executed_lines": [], "summary": {"covered_lines": 0, "num_statements": 14, "percent_covered": 0.0, "percent_covered_display": "0", "missing_lines": 14, "excluded_lines": 0, "percent_statements_covered": 0.0, "percent_statements_covered_display": "0"}, "missing_lines": [1, 2, 3, 4, 10, 11, 12, 13, 14, 15, 18, 178, 181, 182], "excluded_lines": [], "start_line": 1}}, "classes": {"": {"executed_lines": [], "summary": {"covered_lines": 0, "num_statements": 94, "percent_covered": 0.0, "percent_covered_display": "0", "missing_lines": 94, "excluded_lines": 0, "percent_statements_covered": 0.0, "percent_statements_covered_display": "0"}, "missing_lines": [1, 2, 3, 4, 10, 11, 12, 13, 14, 15, 18, 30, 33, 42, 43, 44, 48, 49, 52, 53, 56, 57, 61, 63, 66, 69, 71, 72, 73, 75, 76, 77, 78, 82, 83, 84, 86, 87, 88, 89, 92, 95, 98, 99, 100, 101, 102, 103, 104, 105, 106, 107, 108, 109, 110, 111, 113, 114, 115, 116, 117, 118, 119, 120, 121, 122, 123, 124, 125, 126, 127, 128, 131, 133, 136, 137, 139, 147, 148, 150, 159, 160, 161, 163, 164, 167, 168, 169, 170, 172, 174, 178, 181, 182], "excluded_lines": [], "start_line": 1}}}, "app/middleware/__init__.py": {"executed_lines": [3, 5], "summary": {"covered_lines": 2, "num_statements": 2, "percent_covered": 100.0, "percent_covered_display": "100", "missing_lines": 0, "excluded_lines": 0, "percent_statements_covered": 100.0, "percent_statements_covered_display": "100"}, "missing_lines": [], "excluded_lines": [], "functions": {"": {"executed_lines": [3, 5], "summary": {"covered_lines": 2, "num_statements": 2, "percent_covered": 100.0, "percent_covered_display": "100", "missing_lines": 0, "excluded_lines": 0, "percent_statements_covered": 100.0, "percent_statements_covered_display": "100"}, "missing_lines": [], "excluded_lines": [], "start_line": 1}}, "classes": {"": {"executed_lines": [3, 5], "summary": {"covered_lines": 2, "num_statements": 2, "percent_covered": 100.0, "percent_covered_display": "100", "missing_lines": 0, "excluded_lines": 0, "percent_statements_covered": 100.0, "percent_statements_covered_display": "100"}, "missing_lines": [], "excluded_lines": [], "start_line": 1}}}, "app/middleware/audit.py": {"executed_lines": [], "summary": {"covered_lines": 0, "num_statements": 58, "percent_covered": 0.0, "percent_covered_display": "0", "missing_lines": 58, "excluded_lines": 0, "percent_statements_covered": 0.0, "percent_statements_covered_display": "0"}, "missing_lines": [4, 5, 6, 7, 8, 9, 12, 15, 16, 18, 20, 21, 24, 32, 33, 36, 37, 40, 45, 46, 49, 52, 53, 54, 59, 60, 69, 71, 72, 74, 77, 81, 82, 83, 84, 87, 89, 94, 97, 99, 100, 102, 103, 104, 105, 106, 107, 108, 111, 112, 113, 114, 115, 116, 117, 119, 120, 121], "excluded_lines": [], "functions": {"audit_middleware": {"executed_lines": [], "summary": {"covered_lines": 0, "num_statements": 2, "percent_covered": 0.0, "percent_covered_display": "0", "missing_lines": 2, "excluded_lines": 0, "percent_statements_covered": 0.0, "percent_statements_covered_display": "0"}, "missing_lines": [15, 16], "excluded_lines": [], "start_line": 12}, "audit_middleware.log_write_operations": {"executed_lines": [], "summary": {"covered_lines": 0, "num_statements": 21, "percent_covered": 0.0, "percent_covered_display": "0", "missing_lines": 21, "excluded_lines": 0, "percent_statements_covered": 0.0, "percent_statements_covered_display": "0"}, "missing_lines": [18, 20, 21, 24, 32, 33, 36, 37, 40, 45, 46, 49, 52, 53, 54, 59, 60, 69, 71, 72, 74], "excluded_lines": [], "start_line": 16}, "extract_module_from_path": {"executed_lines": [], "summary": {"covered_lines": 0, "num_statements": 4, "percent_covered": 0.0, "percent_covered_display": "0", "missing_lines": 4, "excluded_lines": 0, "percent_statements_covered": 0.0, "percent_statements_covered_display": "0"}, "missing_lines": [81, 82, 83, 84], "excluded_lines": [], "start_line": 77}, "map_method_to_action": {"executed_lines": [], "summary": {"covered_lines": 0, "num_statements": 2, "percent_covered": 0.0, "percent_covered_display": "0", "missing_lines": 2, "excluded_lines": 0, "percent_statements_covered": 0.0, "percent_statements_covered_display": "0"}, "missing_lines": [89, 94], "excluded_lines": [], "start_line": 87}, "extract_record_info": {"executed_lines": [], "summary": {"covered_lines": 0, "num_statements": 19, "percent_covered": 0.0, "percent_covered_display": "0", "missing_lines": 19, "excluded_lines": 0, "percent_statements_covered": 0.0, "percent_statements_covered_display": "0"}, "missing_lines": [99, 100, 102, 103, 104, 105, 106, 107, 108, 111, 112, 113, 114, 115, 116, 117, 119, 120, 121], "excluded_lines": [], "start_line": 97}, "": {"executed_lines": [], "summary": {"covered_lines": 0, "num_statements": 10, "percent_covered": 0.0, "percent_covered_display": "0", "missing_lines": 10, "excluded_lines": 0, "percent_statements_covered": 0.0, "percent_statements_covered_display": "0"}, "missing_lines": [4, 5, 6, 7, 8, 9, 12, 77, 87, 97], "excluded_lines": [], "start_line": 1}}, "classes": {"": {"executed_lines": [], "summary": {"covered_lines": 0, "num_statements": 58, "percent_covered": 0.0, "percent_covered_display": "0", "missing_lines": 58, "excluded_lines": 0, "percent_statements_covered": 0.0, "percent_statements_covered_display": "0"}, "missing_lines": [4, 5, 6, 7, 8, 9, 12, 15, 16, 18, 20, 21, 24, 32, 33, 36, 37, 40, 45, 46, 49, 52, 53, 54, 59, 60, 69, 71, 72, 74, 77, 81, 82, 83, 84, 87, 89, 94, 97, 99, 100, 102, 103, 104, 105, 106, 107, 108, 111, 112, 113, 114, 115, 116, 117, 119, 120, 121], "excluded_lines": [], "start_line": 1}}}, "app/middleware/auth.py": {"executed_lines": [3, 4, 5, 6, 7, 8, 9, 10, 11, 14, 73, 78, 86, 87, 88, 111, 113, 116, 158, 161, 162, 170], "summary": {"covered_lines": 22, "num_statements": 87, "percent_covered": 25.28735632183908, "percent_covered_display": "25", "missing_lines": 65, "excluded_lines": 0, "percent_statements_covered": 25.28735632183908, "percent_statements_covered_display": "25"}, "missing_lines": [17, 18, 20, 22, 29, 30, 33, 35, 36, 38, 40, 41, 42, 43, 44, 48, 49, 54, 55, 56, 57, 58, 59, 60, 63, 64, 65, 66, 67, 69, 70, 75, 89, 91, 92, 95, 96, 98, 100, 101, 103, 106, 107, 109, 126, 127, 130, 131, 134, 135, 138, 139, 141, 144, 145, 147, 148, 151, 152, 153, 155, 163, 165, 166, 168], "excluded_lines": [], "functions": {"auth_middleware": {"executed_lines": [], "summary": {"covered_lines": 0, "num_statements": 2, "percent_covered": 0.0, "percent_covered_display": "0", "missing_lines": 2, "excluded_lines": 0, "percent_statements_covered": 0.0, "percent_statements_covered_display": "0"}, "missing_lines": [17, 18], "excluded_lines": [], "start_line": 14}, "auth_middleware.authenticate": {"executed_lines": [], "summary": {"covered_lines": 0, "num_statements": 29, "percent_covered": 0.0, "percent_covered_display": "0", "missing_lines": 29, "excluded_lines": 0, "percent_statements_covered": 0.0, "percent_statements_covered_display": "0"}, "missing_lines": [20, 22, 29, 30, 33, 35, 36, 38, 40, 41, 42, 43, 44, 48, 49, 54, 55, 56, 57, 58, 59, 60, 63, 64, 65, 66, 67, 69, 70], "excluded_lines": [], "start_line": 18}, "get_current_user": {"executed_lines": [], "summary": {"covered_lines": 0, "num_statements": 1, "percent_covered": 0.0, "percent_covered_display": "0", "missing_lines": 1, "excluded_lines": 0, "percent_statements_covered": 0.0, "percent_statements_covered_display": "0"}, "missing_lines": [75], "excluded_lines": [], "start_line": 73}, "require_permission": {"executed_lines": [86, 87, 113], "summary": {"covered_lines": 3, "num_statements": 3, "percent_covered": 100.0, "percent_covered_display": "100", "missing_lines": 0, "excluded_lines": 0, "percent_statements_covered": 100.0, "percent_statements_covered_display": "100"}, "missing_lines": [], "excluded_lines": [], "start_line": 78}, "require_permission.decorator": {"executed_lines": [88, 111], "summary": {"covered_lines": 2, "num_statements": 2, "percent_covered": 100.0, "percent_covered_display": "100", "missing_lines": 0, "excluded_lines": 0, "percent_statements_covered": 100.0, "percent_statements_covered_display": "100"}, "missing_lines": [], "excluded_lines": [], "start_line": 86}, "require_permission.decorator.decorated_function": {"executed_lines": [], "summary": {"covered_lines": 0, "num_statements": 12, "percent_covered": 0.0, "percent_covered_display": "0", "missing_lines": 12, "excluded_lines": 0, "percent_statements_covered": 0.0, "percent_statements_covered_display": "0"}, "missing_lines": [89, 91, 92, 95, 96, 98, 100, 101, 103, 106, 107, 109], "excluded_lines": [], "start_line": 88}, "_check_permission": {"executed_lines": [], "summary": {"covered_lines": 0, "num_statements": 17, "percent_covered": 0.0, "percent_covered_display": "0", "missing_lines": 17, "excluded_lines": 0, "percent_statements_covered": 0.0, "percent_statements_covered_display": "0"}, "missing_lines": [126, 127, 130, 131, 134, 135, 138, 139, 141, 144, 145, 147, 148, 151, 152, 153, 155], "excluded_lines": [], "start_line": 116}, "auth_required": {"executed_lines": [161, 162, 170], "summary": {"covered_lines": 3, "num_statements": 3, "percent_covered": 100.0, "percent_covered_display": "100", "missing_lines": 0, "excluded_lines": 0, "percent_statements_covered": 100.0, "percent_statements_covered_display": "100"}, "missing_lines": [], "excluded_lines": [], "start_line": 158}, "auth_required.decorated_function": {"executed_lines": [], "summary": {"covered_lines": 0, "num_statements": 4, "percent_covered": 0.0, "percent_covered_display": "0", "missing_lines": 4, "excluded_lines": 0, "percent_statements_covered": 0.0, "percent_statements_covered_display": "0"}, "missing_lines": [163, 165, 166, 168], "excluded_lines": [], "start_line": 162}, "": {"executed_lines": [3, 4, 5, 6, 7, 8, 9, 10, 11, 14, 73, 78, 116, 158], "summary": {"covered_lines": 14, "num_statements": 14, "percent_covered": 100.0, "percent_covered_display": "100", "missing_lines": 0, "excluded_lines": 0, "percent_statements_covered": 100.0, "percent_statements_covered_display": "100"}, "missing_lines": [], "excluded_lines": [], "start_line": 1}}, "classes": {"": {"executed_lines": [3, 4, 5, 6, 7, 8, 9, 10, 11, 14, 73, 78, 86, 87, 88, 111, 113, 116, 158, 161, 162, 170], "summary": {"covered_lines": 22, "num_statements": 87, "percent_covered": 25.28735632183908, "percent_covered_display": "25", "missing_lines": 65, "excluded_lines": 0, "percent_statements_covered": 25.28735632183908, "percent_statements_covered_display": "25"}, "missing_lines": [17, 18, 20, 22, 29, 30, 33, 35, 36, 38, 40, 41, 42, 43, 44, 48, 49, 54, 55, 56, 57, 58, 59, 60, 63, 64, 65, 66, 67, 69, 70, 75, 89, 91, 92, 95, 96, 98, 100, 101, 103, 106, 107, 109, 126, 127, 130, 131, 134, 135, 138, 139, 141, 144, 145, 147, 148, 151, 152, 153, 155, 163, 165, 166, 168], "excluded_lines": [], "start_line": 1}}}, "app/models/__init__.py": {"executed_lines": [3, 6, 9, 14, 15, 16, 17, 18, 19, 20, 21, 26], "summary": {"covered_lines": 12, "num_statements": 12, "percent_covered": 100.0, "percent_covered_display": "100", "missing_lines": 0, "excluded_lines": 0, "percent_statements_covered": 100.0, "percent_statements_covered_display": "100"}, "missing_lines": [], "excluded_lines": [], "functions": {"": {"executed_lines": [3, 6, 9, 14, 15, 16, 17, 18, 19, 20, 21, 26], "summary": {"covered_lines": 12, "num_statements": 12, "percent_covered": 100.0, "percent_covered_display": "100", "missing_lines": 0, "excluded_lines": 0, "percent_statements_covered": 100.0, "percent_statements_covered_display": "100"}, "missing_lines": [], "excluded_lines": [], "start_line": 1}}, "classes": {"Base": {"executed_lines": [], "summary": {"covered_lines": 0, "num_statements": 0, "percent_covered": 100.0, "percent_covered_display": "100", "missing_lines": 0, "excluded_lines": 0, "percent_statements_covered": 100.0, "percent_statements_covered_display": "100"}, "missing_lines": [], "excluded_lines": [], "start_line": 6}, "": {"executed_lines": [3, 6, 9, 14, 15, 16, 17, 18, 19, 20, 21, 26], "summary": {"covered_lines": 12, "num_statements": 12, "percent_covered": 100.0, "percent_covered_display": "100", "missing_lines": 0, "excluded_lines": 0, "percent_statements_covered": 100.0, "percent_statements_covered_display": "100"}, "missing_lines": [], "excluded_lines": [], "start_line": 1}}}, "app/models/base.py": {"executed_lines": [3, 4, 5, 8, 11, 12, 15, 18, 21, 24, 26], "summary": {"covered_lines": 11, "num_statements": 11, "percent_covered": 100.0, "percent_covered_display": "100", "missing_lines": 0, "excluded_lines": 0, "percent_statements_covered": 100.0, "percent_statements_covered_display": "100"}, "missing_lines": [], "excluded_lines": [], "functions": {"": {"executed_lines": [3, 4, 5, 8, 11, 12, 15, 18, 21, 24, 26], "summary": {"covered_lines": 11, "num_statements": 11, "percent_covered": 100.0, "percent_covered_display": "100", "missing_lines": 0, "excluded_lines": 0, "percent_statements_covered": 100.0, "percent_statements_covered_display": "100"}, "missing_lines": [], "excluded_lines": [], "start_line": 1}}, "classes": {"TimestampMixin": {"executed_lines": [], "summary": {"covered_lines": 0, "num_statements": 0, "percent_covered": 100.0, "percent_covered_display": "100", "missing_lines": 0, "excluded_lines": 0, "percent_statements_covered": 100.0, "percent_statements_covered_display": "100"}, "missing_lines": [], "excluded_lines": [], "start_line": 8}, "SoftDeleteMixin": {"executed_lines": [], "summary": {"covered_lines": 0, "num_statements": 0, "percent_covered": 100.0, "percent_covered_display": "100", "missing_lines": 0, "excluded_lines": 0, "percent_statements_covered": 100.0, "percent_statements_covered_display": "100"}, "missing_lines": [], "excluded_lines": [], "start_line": 15}, "BaseModel": {"executed_lines": [], "summary": {"covered_lines": 0, "num_statements": 0, "percent_covered": 100.0, "percent_covered_display": "100", "missing_lines": 0, "excluded_lines": 0, "percent_statements_covered": 100.0, "percent_statements_covered_display": "100"}, "missing_lines": [], "excluded_lines": [], "start_line": 21}, "": {"executed_lines": [3, 4, 5, 8, 11, 12, 15, 18, 21, 24, 26], "summary": {"covered_lines": 11, "num_statements": 11, "percent_covered": 100.0, "percent_covered_display": "100", "missing_lines": 0, "excluded_lines": 0, "percent_statements_covered": 100.0, "percent_statements_covered_display": "100"}, "missing_lines": [], "excluded_lines": [], "start_line": 1}}}, "app/models/billing.py": {"executed_lines": [3, 15, 16, 17, 20, 23, 24, 25, 26, 27, 28, 31, 34, 36, 39, 40, 41, 42, 43, 44, 47, 49, 53, 56, 58, 59, 60, 62, 63, 64, 67, 70, 72, 73, 74, 75, 76, 77, 78, 79, 80, 81, 84, 87, 89, 90, 91, 92, 93, 94, 95, 96, 98, 101, 102, 103, 104, 105, 106, 107, 108, 111, 114, 116, 124, 127, 129, 132, 133, 134, 135, 137, 140, 143, 146, 148, 149, 150, 151, 152, 153, 156, 159, 161, 162, 163, 164, 165, 167, 173, 176, 178, 179, 184, 185, 186, 187, 190, 191, 194, 197, 200, 202, 203, 204, 205, 206, 207, 208], "summary": {"covered_lines": 109, "num_statements": 110, "percent_covered": 99.0909090909091, "percent_covered_display": "99", "missing_lines": 1, "excluded_lines": 0, "percent_statements_covered": 99.0909090909091, "percent_statements_covered_display": "99"}, "missing_lines": [50], "excluded_lines": [], "functions": {"CustomerBalance.__repr__": {"executed_lines": [], "summary": {"covered_lines": 0, "num_statements": 1, "percent_covered": 0.0, "percent_covered_display": "0", "missing_lines": 1, "excluded_lines": 0, "percent_statements_covered": 0.0, "percent_statements_covered_display": "0"}, "missing_lines": [50], "excluded_lines": [], "start_line": 49}, "": {"executed_lines": [3, 15, 16, 17, 20, 23, 24, 25, 26, 27, 28, 31, 34, 36, 39, 40, 41, 42, 43, 44, 47, 49, 53, 56, 58, 59, 60, 62, 63, 64, 67, 70, 72, 73, 74, 75, 76, 77, 78, 79, 80, 81, 84, 87, 89, 90, 91, 92, 93, 94, 95, 96, 98, 101, 102, 103, 104, 105, 106, 107, 108, 111, 114, 116, 124, 127, 129, 132, 133, 134, 135, 137, 140, 143, 146, 148, 149, 150, 151, 152, 153, 156, 159, 161, 162, 163, 164, 165, 167, 173, 176, 178, 179, 184, 185, 186, 187, 190, 191, 194, 197, 200, 202, 203, 204, 205, 206, 207, 208], "summary": {"covered_lines": 109, "num_statements": 109, "percent_covered": 100.0, "percent_covered_display": "100", "missing_lines": 0, "excluded_lines": 0, "percent_statements_covered": 100.0, "percent_statements_covered_display": "100"}, "missing_lines": [], "excluded_lines": [], "start_line": 1}}, "classes": {"InvoiceStatus": {"executed_lines": [], "summary": {"covered_lines": 0, "num_statements": 0, "percent_covered": 100.0, "percent_covered_display": "100", "missing_lines": 0, "excluded_lines": 0, "percent_statements_covered": 100.0, "percent_statements_covered_display": "100"}, "missing_lines": [], "excluded_lines": [], "start_line": 20}, "CustomerBalance": {"executed_lines": [], "summary": {"covered_lines": 0, "num_statements": 1, "percent_covered": 0.0, "percent_covered_display": "0", "missing_lines": 1, "excluded_lines": 0, "percent_statements_covered": 0.0, "percent_statements_covered_display": "0"}, "missing_lines": [50], "excluded_lines": [], "start_line": 31}, "RechargeRecord": {"executed_lines": [], "summary": {"covered_lines": 0, "num_statements": 0, "percent_covered": 100.0, "percent_covered_display": "100", "missing_lines": 0, "excluded_lines": 0, "percent_statements_covered": 100.0, "percent_statements_covered_display": "100"}, "missing_lines": [], "excluded_lines": [], "start_line": 53}, "PricingRule": {"executed_lines": [], "summary": {"covered_lines": 0, "num_statements": 0, "percent_covered": 100.0, "percent_covered_display": "100", "missing_lines": 0, "excluded_lines": 0, "percent_statements_covered": 100.0, "percent_statements_covered_display": "100"}, "missing_lines": [], "excluded_lines": [], "start_line": 67}, "Invoice": {"executed_lines": [], "summary": {"covered_lines": 0, "num_statements": 0, "percent_covered": 100.0, "percent_covered_display": "100", "missing_lines": 0, "excluded_lines": 0, "percent_statements_covered": 100.0, "percent_statements_covered_display": "100"}, "missing_lines": [], "excluded_lines": [], "start_line": 84}, "InvoiceItem": {"executed_lines": [], "summary": {"covered_lines": 0, "num_statements": 0, "percent_covered": 100.0, "percent_covered_display": "100", "missing_lines": 0, "excluded_lines": 0, "percent_statements_covered": 100.0, "percent_statements_covered_display": "100"}, "missing_lines": [], "excluded_lines": [], "start_line": 124}, "ConsumptionRecord": {"executed_lines": [], "summary": {"covered_lines": 0, "num_statements": 0, "percent_covered": 100.0, "percent_covered_display": "100", "missing_lines": 0, "excluded_lines": 0, "percent_statements_covered": 100.0, "percent_statements_covered_display": "100"}, "missing_lines": [], "excluded_lines": [], "start_line": 143}, "DailyUsage": {"executed_lines": [], "summary": {"covered_lines": 0, "num_statements": 0, "percent_covered": 100.0, "percent_covered_display": "100", "missing_lines": 0, "excluded_lines": 0, "percent_statements_covered": 100.0, "percent_statements_covered_display": "100"}, "missing_lines": [], "excluded_lines": [], "start_line": 156}, "SyncTaskLog": {"executed_lines": [], "summary": {"covered_lines": 0, "num_statements": 0, "percent_covered": 100.0, "percent_covered_display": "100", "missing_lines": 0, "excluded_lines": 0, "percent_statements_covered": 100.0, "percent_statements_covered_display": "100"}, "missing_lines": [], "excluded_lines": [], "start_line": 173}, "AuditLog": {"executed_lines": [], "summary": {"covered_lines": 0, "num_statements": 0, "percent_covered": 100.0, "percent_covered_display": "100", "missing_lines": 0, "excluded_lines": 0, "percent_statements_covered": 100.0, "percent_statements_covered_display": "100"}, "missing_lines": [], "excluded_lines": [], "start_line": 197}, "": {"executed_lines": [3, 15, 16, 17, 20, 23, 24, 25, 26, 27, 28, 31, 34, 36, 39, 40, 41, 42, 43, 44, 47, 49, 53, 56, 58, 59, 60, 62, 63, 64, 67, 70, 72, 73, 74, 75, 76, 77, 78, 79, 80, 81, 84, 87, 89, 90, 91, 92, 93, 94, 95, 96, 98, 101, 102, 103, 104, 105, 106, 107, 108, 111, 114, 116, 124, 127, 129, 132, 133, 134, 135, 137, 140, 143, 146, 148, 149, 150, 151, 152, 153, 156, 159, 161, 162, 163, 164, 165, 167, 173, 176, 178, 179, 184, 185, 186, 187, 190, 191, 194, 197, 200, 202, 203, 204, 205, 206, 207, 208], "summary": {"covered_lines": 109, "num_statements": 109, "percent_covered": 100.0, "percent_covered_display": "100", "missing_lines": 0, "excluded_lines": 0, "percent_statements_covered": 100.0, "percent_statements_covered_display": "100"}, "missing_lines": [], "excluded_lines": [], "start_line": 1}}}, "app/models/customers.py": {"executed_lines": [3, 12, 13, 16, 19, 21, 22, 23, 24, 25, 26, 27, 28, 29, 30, 31, 33, 39, 40, 41, 42, 44, 48, 51, 53, 54, 55, 56, 57, 58, 61, 62, 64], "summary": {"covered_lines": 33, "num_statements": 35, "percent_covered": 94.28571428571429, "percent_covered_display": "94", "missing_lines": 2, "excluded_lines": 0, "percent_statements_covered": 94.28571428571429, "percent_statements_covered_display": "94"}, "missing_lines": [45, 65], "excluded_lines": [], "functions": {"Customer.__repr__": {"executed_lines": [], "summary": {"covered_lines": 0, "num_statements": 1, "percent_covered": 0.0, "percent_covered_display": "0", "missing_lines": 1, "excluded_lines": 0, "percent_statements_covered": 0.0, "percent_statements_covered_display": "0"}, "missing_lines": [45], "excluded_lines": [], "start_line": 44}, "CustomerProfile.__repr__": {"executed_lines": [], "summary": {"covered_lines": 0, "num_statements": 1, "percent_covered": 0.0, "percent_covered_display": "0", "missing_lines": 1, "excluded_lines": 0, "percent_statements_covered": 0.0, "percent_statements_covered_display": "0"}, "missing_lines": [65], "excluded_lines": [], "start_line": 64}, "": {"executed_lines": [3, 12, 13, 16, 19, 21, 22, 23, 24, 25, 26, 27, 28, 29, 30, 31, 33, 39, 40, 41, 42, 44, 48, 51, 53, 54, 55, 56, 57, 58, 61, 62, 64], "summary": {"covered_lines": 33, "num_statements": 33, "percent_covered": 100.0, "percent_covered_display": "100", "missing_lines": 0, "excluded_lines": 0, "percent_statements_covered": 100.0, "percent_statements_covered_display": "100"}, "missing_lines": [], "excluded_lines": [], "start_line": 1}}, "classes": {"Customer": {"executed_lines": [], "summary": {"covered_lines": 0, "num_statements": 1, "percent_covered": 0.0, "percent_covered_display": "0", "missing_lines": 1, "excluded_lines": 0, "percent_statements_covered": 0.0, "percent_statements_covered_display": "0"}, "missing_lines": [45], "excluded_lines": [], "start_line": 16}, "CustomerProfile": {"executed_lines": [], "summary": {"covered_lines": 0, "num_statements": 1, "percent_covered": 0.0, "percent_covered_display": "0", "missing_lines": 1, "excluded_lines": 0, "percent_statements_covered": 0.0, "percent_statements_covered_display": "0"}, "missing_lines": [65], "excluded_lines": [], "start_line": 48}, "": {"executed_lines": [3, 12, 13, 16, 19, 21, 22, 23, 24, 25, 26, 27, 28, 29, 30, 31, 33, 39, 40, 41, 42, 44, 48, 51, 53, 54, 55, 56, 57, 58, 61, 62, 64], "summary": {"covered_lines": 33, "num_statements": 33, "percent_covered": 100.0, "percent_covered_display": "100", "missing_lines": 0, "excluded_lines": 0, "percent_statements_covered": 100.0, "percent_statements_covered_display": "100"}, "missing_lines": [], "excluded_lines": [], "start_line": 1}}}, "app/models/files.py": {"executed_lines": [3, 4, 5, 8, 11, 14, 15, 18, 19, 20, 23, 28, 33, 38, 41], "summary": {"covered_lines": 15, "num_statements": 15, "percent_covered": 100.0, "percent_covered_display": "100", "missing_lines": 0, "excluded_lines": 0, "percent_statements_covered": 100.0, "percent_statements_covered_display": "100"}, "missing_lines": [], "excluded_lines": [], "functions": {"": {"executed_lines": [3, 4, 5, 8, 11, 14, 15, 18, 19, 20, 23, 28, 33, 38, 41], "summary": {"covered_lines": 15, "num_statements": 15, "percent_covered": 100.0, "percent_covered_display": "100", "missing_lines": 0, "excluded_lines": 0, "percent_statements_covered": 100.0, "percent_statements_covered_display": "100"}, "missing_lines": [], "excluded_lines": [], "start_line": 1}}, "classes": {"File": {"executed_lines": [], "summary": {"covered_lines": 0, "num_statements": 0, "percent_covered": 100.0, "percent_covered_display": "100", "missing_lines": 0, "excluded_lines": 0, "percent_statements_covered": 100.0, "percent_statements_covered_display": "100"}, "missing_lines": [], "excluded_lines": [], "start_line": 8}, "": {"executed_lines": [3, 4, 5, 8, 11, 14, 15, 18, 19, 20, 23, 28, 33, 38, 41], "summary": {"covered_lines": 15, "num_statements": 15, "percent_covered": 100.0, "percent_covered_display": "100", "missing_lines": 0, "excluded_lines": 0, "percent_statements_covered": 100.0, "percent_statements_covered_display": "100"}, "missing_lines": [], "excluded_lines": [], "start_line": 1}}}, "app/models/groups.py": {"executed_lines": [3, 12, 13, 16, 19, 21, 22, 23, 24, 25, 27, 29, 30, 35, 38, 40, 43, 50, 51, 53], "summary": {"covered_lines": 20, "num_statements": 20, "percent_covered": 100.0, "percent_covered_display": "100", "missing_lines": 0, "excluded_lines": 0, "percent_statements_covered": 100.0, "percent_statements_covered_display": "100"}, "missing_lines": [], "excluded_lines": [], "functions": {"": {"executed_lines": [3, 12, 13, 16, 19, 21, 22, 23, 24, 25, 27, 29, 30, 35, 38, 40, 43, 50, 51, 53], "summary": {"covered_lines": 20, "num_statements": 20, "percent_covered": 100.0, "percent_covered_display": "100", "missing_lines": 0, "excluded_lines": 0, "percent_statements_covered": 100.0, "percent_statements_covered_display": "100"}, "missing_lines": [], "excluded_lines": [], "start_line": 1}}, "classes": {"CustomerGroup": {"executed_lines": [], "summary": {"covered_lines": 0, "num_statements": 0, "percent_covered": 100.0, "percent_covered_display": "100", "missing_lines": 0, "excluded_lines": 0, "percent_statements_covered": 100.0, "percent_statements_covered_display": "100"}, "missing_lines": [], "excluded_lines": [], "start_line": 16}, "CustomerGroupMember": {"executed_lines": [], "summary": {"covered_lines": 0, "num_statements": 0, "percent_covered": 100.0, "percent_covered_display": "100", "missing_lines": 0, "excluded_lines": 0, "percent_statements_covered": 100.0, "percent_statements_covered_display": "100"}, "missing_lines": [], "excluded_lines": [], "start_line": 35}, "": {"executed_lines": [3, 12, 13, 16, 19, 21, 22, 23, 24, 25, 27, 29, 30, 35, 38, 40, 43, 50, 51, 53], "summary": {"covered_lines": 20, "num_statements": 20, "percent_covered": 100.0, "percent_covered_display": "100", "missing_lines": 0, "excluded_lines": 0, "percent_statements_covered": 100.0, "percent_statements_covered_display": "100"}, "missing_lines": [], "excluded_lines": [], "start_line": 1}}}, "app/models/industry_type.py": {"executed_lines": [3, 4, 7, 10, 12, 13, 15], "summary": {"covered_lines": 7, "num_statements": 8, "percent_covered": 87.5, "percent_covered_display": "88", "missing_lines": 1, "excluded_lines": 0, "percent_statements_covered": 87.5, "percent_statements_covered_display": "88"}, "missing_lines": [16], "excluded_lines": [], "functions": {"IndustryType.__repr__": {"executed_lines": [], "summary": {"covered_lines": 0, "num_statements": 1, "percent_covered": 0.0, "percent_covered_display": "0", "missing_lines": 1, "excluded_lines": 0, "percent_statements_covered": 0.0, "percent_statements_covered_display": "0"}, "missing_lines": [16], "excluded_lines": [], "start_line": 15}, "": {"executed_lines": [3, 4, 7, 10, 12, 13, 15], "summary": {"covered_lines": 7, "num_statements": 7, "percent_covered": 100.0, "percent_covered_display": "100", "missing_lines": 0, "excluded_lines": 0, "percent_statements_covered": 100.0, "percent_statements_covered_display": "100"}, "missing_lines": [], "excluded_lines": [], "start_line": 1}}, "classes": {"IndustryType": {"executed_lines": [], "summary": {"covered_lines": 0, "num_statements": 1, "percent_covered": 0.0, "percent_covered_display": "0", "missing_lines": 1, "excluded_lines": 0, "percent_statements_covered": 0.0, "percent_statements_covered_display": "0"}, "missing_lines": [16], "excluded_lines": [], "start_line": 7}, "": {"executed_lines": [3, 4, 7, 10, 12, 13, 15], "summary": {"covered_lines": 7, "num_statements": 7, "percent_covered": 100.0, "percent_covered_display": "100", "missing_lines": 0, "excluded_lines": 0, "percent_statements_covered": 100.0, "percent_statements_covered_display": "100"}, "missing_lines": [], "excluded_lines": [], "start_line": 1}}}, "app/models/tags.py": {"executed_lines": [3, 4, 5, 8, 11, 13, 14, 15, 16, 18, 24, 26, 30, 33, 35, 36, 39, 40, 43, 46, 48, 53, 56, 57], "summary": {"covered_lines": 24, "num_statements": 25, "percent_covered": 96.0, "percent_covered_display": "96", "missing_lines": 1, "excluded_lines": 0, "percent_statements_covered": 96.0, "percent_statements_covered_display": "96"}, "missing_lines": [27], "excluded_lines": [], "functions": {"Tag.__repr__": {"executed_lines": [], "summary": {"covered_lines": 0, "num_statements": 1, "percent_covered": 0.0, "percent_covered_display": "0", "missing_lines": 1, "excluded_lines": 0, "percent_statements_covered": 0.0, "percent_statements_covered_display": "0"}, "missing_lines": [27], "excluded_lines": [], "start_line": 26}, "": {"executed_lines": [3, 4, 5, 8, 11, 13, 14, 15, 16, 18, 24, 26, 30, 33, 35, 36, 39, 40, 43, 46, 48, 53, 56, 57], "summary": {"covered_lines": 24, "num_statements": 24, "percent_covered": 100.0, "percent_covered_display": "100", "missing_lines": 0, "excluded_lines": 0, "percent_statements_covered": 100.0, "percent_statements_covered_display": "100"}, "missing_lines": [], "excluded_lines": [], "start_line": 1}}, "classes": {"Tag": {"executed_lines": [], "summary": {"covered_lines": 0, "num_statements": 1, "percent_covered": 0.0, "percent_covered_display": "0", "missing_lines": 1, "excluded_lines": 0, "percent_statements_covered": 0.0, "percent_statements_covered_display": "0"}, "missing_lines": [27], "excluded_lines": [], "start_line": 8}, "CustomerTag": {"executed_lines": [], "summary": {"covered_lines": 0, "num_statements": 0, "percent_covered": 100.0, "percent_covered_display": "100", "missing_lines": 0, "excluded_lines": 0, "percent_statements_covered": 100.0, "percent_statements_covered_display": "100"}, "missing_lines": [], "excluded_lines": [], "start_line": 30}, "ProfileTag": {"executed_lines": [], "summary": {"covered_lines": 0, "num_statements": 0, "percent_covered": 100.0, "percent_covered_display": "100", "missing_lines": 0, "excluded_lines": 0, "percent_statements_covered": 100.0, "percent_statements_covered_display": "100"}, "missing_lines": [], "excluded_lines": [], "start_line": 43}, "": {"executed_lines": [3, 4, 5, 8, 11, 13, 14, 15, 16, 18, 24, 26, 30, 33, 35, 36, 39, 40, 43, 46, 48, 53, 56, 57], "summary": {"covered_lines": 24, "num_statements": 24, "percent_covered": 100.0, "percent_covered_display": "100", "missing_lines": 0, "excluded_lines": 0, "percent_statements_covered": 100.0, "percent_statements_covered_display": "100"}, "missing_lines": [], "excluded_lines": [], "start_line": 1}}}, "app/models/token_blacklist.py": {"executed_lines": [4, 5, 6, 9, 12, 14, 15, 16, 17, 18, 20], "summary": {"covered_lines": 11, "num_statements": 11, "percent_covered": 100.0, "percent_covered_display": "100", "missing_lines": 0, "excluded_lines": 0, "percent_statements_covered": 100.0, "percent_statements_covered_display": "100"}, "missing_lines": [], "excluded_lines": [], "functions": {"": {"executed_lines": [4, 5, 6, 9, 12, 14, 15, 16, 17, 18, 20], "summary": {"covered_lines": 11, "num_statements": 11, "percent_covered": 100.0, "percent_covered_display": "100", "missing_lines": 0, "excluded_lines": 0, "percent_statements_covered": 100.0, "percent_statements_covered_display": "100"}, "missing_lines": [], "excluded_lines": [], "start_line": 1}}, "classes": {"TokenBlacklist": {"executed_lines": [], "summary": {"covered_lines": 0, "num_statements": 0, "percent_covered": 100.0, "percent_covered_display": "100", "missing_lines": 0, "excluded_lines": 0, "percent_statements_covered": 100.0, "percent_statements_covered_display": "100"}, "missing_lines": [], "excluded_lines": [], "start_line": 9}, "": {"executed_lines": [4, 5, 6, 9, 12, 14, 15, 16, 17, 18, 20], "summary": {"covered_lines": 11, "num_statements": 11, "percent_covered": 100.0, "percent_covered_display": "100", "missing_lines": 0, "excluded_lines": 0, "percent_statements_covered": 100.0, "percent_statements_covered_display": "100"}, "missing_lines": [], "excluded_lines": [], "start_line": 1}}}, "app/models/users.py": {"executed_lines": [3, 4, 5, 9, 18, 31, 34, 36, 37, 38, 39, 40, 41, 44, 45, 46, 48, 52, 55, 57, 58, 59, 62, 63, 65, 69, 72, 74, 75, 76, 77, 80, 82], "summary": {"covered_lines": 33, "num_statements": 36, "percent_covered": 91.66666666666667, "percent_covered_display": "92", "missing_lines": 3, "excluded_lines": 0, "percent_statements_covered": 91.66666666666667, "percent_statements_covered_display": "92"}, "missing_lines": [49, 66, 83], "excluded_lines": [], "functions": {"User.__repr__": {"executed_lines": [], "summary": {"covered_lines": 0, "num_statements": 1, "percent_covered": 0.0, "percent_covered_display": "0", "missing_lines": 1, "excluded_lines": 0, "percent_statements_covered": 0.0, "percent_statements_covered_display": "0"}, "missing_lines": [49], "excluded_lines": [], "start_line": 48}, "Role.__repr__": {"executed_lines": [], "summary": {"covered_lines": 0, "num_statements": 1, "percent_covered": 0.0, "percent_covered_display": "0", "missing_lines": 1, "excluded_lines": 0, "percent_statements_covered": 0.0, "percent_statements_covered_display": "0"}, "missing_lines": [66], "excluded_lines": [], "start_line": 65}, "Permission.__repr__": {"executed_lines": [], "summary": {"covered_lines": 0, "num_statements": 1, "percent_covered": 0.0, "percent_covered_display": "0", "missing_lines": 1, "excluded_lines": 0, "percent_statements_covered": 0.0, "percent_statements_covered_display": "0"}, "missing_lines": [83], "excluded_lines": [], "start_line": 82}, "": {"executed_lines": [3, 4, 5, 9, 18, 31, 34, 36, 37, 38, 39, 40, 41, 44, 45, 46, 48, 52, 55, 57, 58, 59, 62, 63, 65, 69, 72, 74, 75, 76, 77, 80, 82], "summary": {"covered_lines": 33, "num_statements": 33, "percent_covered": 100.0, "percent_covered_display": "100", "missing_lines": 0, "excluded_lines": 0, "percent_statements_covered": 100.0, "percent_statements_covered_display": "100"}, "missing_lines": [], "excluded_lines": [], "start_line": 1}}, "classes": {"User": {"executed_lines": [], "summary": {"covered_lines": 0, "num_statements": 1, "percent_covered": 0.0, "percent_covered_display": "0", "missing_lines": 1, "excluded_lines": 0, "percent_statements_covered": 0.0, "percent_statements_covered_display": "0"}, "missing_lines": [49], "excluded_lines": [], "start_line": 31}, "Role": {"executed_lines": [], "summary": {"covered_lines": 0, "num_statements": 1, "percent_covered": 0.0, "percent_covered_display": "0", "missing_lines": 1, "excluded_lines": 0, "percent_statements_covered": 0.0, "percent_statements_covered_display": "0"}, "missing_lines": [66], "excluded_lines": [], "start_line": 52}, "Permission": {"executed_lines": [], "summary": {"covered_lines": 0, "num_statements": 1, "percent_covered": 0.0, "percent_covered_display": "0", "missing_lines": 1, "excluded_lines": 0, "percent_statements_covered": 0.0, "percent_statements_covered_display": "0"}, "missing_lines": [83], "excluded_lines": [], "start_line": 69}, "": {"executed_lines": [3, 4, 5, 9, 18, 31, 34, 36, 37, 38, 39, 40, 41, 44, 45, 46, 48, 52, 55, 57, 58, 59, 62, 63, 65, 69, 72, 74, 75, 76, 77, 80, 82], "summary": {"covered_lines": 33, "num_statements": 33, "percent_covered": 100.0, "percent_covered_display": "100", "missing_lines": 0, "excluded_lines": 0, "percent_statements_covered": 100.0, "percent_statements_covered_display": "100"}, "missing_lines": [], "excluded_lines": [], "start_line": 1}}}, "app/models/webhooks.py": {"executed_lines": [3, 4, 7, 10, 12, 13, 14, 15, 18, 20], "summary": {"covered_lines": 10, "num_statements": 11, "percent_covered": 90.9090909090909, "percent_covered_display": "91", "missing_lines": 1, "excluded_lines": 0, "percent_statements_covered": 90.9090909090909, "percent_statements_covered_display": "91"}, "missing_lines": [21], "excluded_lines": [], "functions": {"WebhookSignature.__repr__": {"executed_lines": [], "summary": {"covered_lines": 0, "num_statements": 1, "percent_covered": 0.0, "percent_covered_display": "0", "missing_lines": 1, "excluded_lines": 0, "percent_statements_covered": 0.0, "percent_statements_covered_display": "0"}, "missing_lines": [21], "excluded_lines": [], "start_line": 20}, "": {"executed_lines": [3, 4, 7, 10, 12, 13, 14, 15, 18, 20], "summary": {"covered_lines": 10, "num_statements": 10, "percent_covered": 100.0, "percent_covered_display": "100", "missing_lines": 0, "excluded_lines": 0, "percent_statements_covered": 100.0, "percent_statements_covered_display": "100"}, "missing_lines": [], "excluded_lines": [], "start_line": 1}}, "classes": {"WebhookSignature": {"executed_lines": [], "summary": {"covered_lines": 0, "num_statements": 1, "percent_covered": 0.0, "percent_covered_display": "0", "missing_lines": 1, "excluded_lines": 0, "percent_statements_covered": 0.0, "percent_statements_covered_display": "0"}, "missing_lines": [21], "excluded_lines": [], "start_line": 7}, "": {"executed_lines": [3, 4, 7, 10, 12, 13, 14, 15, 18, 20], "summary": {"covered_lines": 10, "num_statements": 10, "percent_covered": 100.0, "percent_covered_display": "100", "missing_lines": 0, "excluded_lines": 0, "percent_statements_covered": 100.0, "percent_statements_covered_display": "100"}, "missing_lines": [], "excluded_lines": [], "start_line": 1}}}, "app/routes/__init__.py": {"executed_lines": [3, 4, 5, 6, 8], "summary": {"covered_lines": 5, "num_statements": 5, "percent_covered": 100.0, "percent_covered_display": "100", "missing_lines": 0, "excluded_lines": 0, "percent_statements_covered": 100.0, "percent_statements_covered_display": "100"}, "missing_lines": [], "excluded_lines": [], "functions": {"": {"executed_lines": [3, 4, 5, 6, 8], "summary": {"covered_lines": 5, "num_statements": 5, "percent_covered": 100.0, "percent_covered_display": "100", "missing_lines": 0, "excluded_lines": 0, "percent_statements_covered": 100.0, "percent_statements_covered_display": "100"}, "missing_lines": [], "excluded_lines": [], "start_line": 1}}, "classes": {"": {"executed_lines": [3, 4, 5, 6, 8], "summary": {"covered_lines": 5, "num_statements": 5, "percent_covered": 100.0, "percent_covered_display": "100", "missing_lines": 0, "excluded_lines": 0, "percent_statements_covered": 100.0, "percent_statements_covered_display": "100"}, "missing_lines": [], "excluded_lines": [], "start_line": 1}}}, "app/routes/analytics.py": {"executed_lines": [], "summary": {"covered_lines": 0, "num_statements": 286, "percent_covered": 0.0, "percent_covered_display": "0", "missing_lines": 286, "excluded_lines": 0, "percent_statements_covered": 0.0, "percent_statements_covered_display": "0"}, "missing_lines": [3, 4, 5, 6, 7, 8, 9, 11, 14, 15, 16, 18, 19, 20, 22, 24, 26, 27, 29, 30, 32, 33, 34, 35, 36, 38, 39, 41, 45, 46, 47, 50, 51, 52, 54, 55, 56, 58, 59, 61, 62, 64, 65, 67, 68, 69, 70, 72, 73, 75, 77, 78, 79, 82, 83, 84, 86, 87, 88, 90, 91, 93, 94, 96, 97, 99, 100, 101, 102, 103, 105, 106, 108, 112, 113, 114, 117, 118, 119, 121, 122, 123, 125, 126, 128, 129, 131, 132, 134, 135, 136, 137, 138, 140, 141, 143, 147, 148, 149, 152, 153, 154, 156, 157, 159, 160, 162, 163, 165, 166, 168, 169, 170, 171, 173, 174, 176, 178, 179, 180, 183, 184, 185, 187, 188, 189, 191, 192, 194, 196, 197, 198, 201, 202, 203, 205, 207, 208, 209, 210, 212, 213, 215, 217, 218, 219, 222, 223, 224, 226, 228, 229, 230, 231, 233, 234, 236, 238, 239, 240, 243, 244, 245, 247, 248, 250, 253, 259, 260, 265, 266, 268, 269, 272, 273, 274, 276, 277, 278, 280, 281, 283, 285, 286, 287, 290, 291, 292, 294, 295, 296, 298, 299, 301, 303, 304, 305, 308, 309, 310, 312, 313, 314, 316, 317, 319, 321, 322, 323, 326, 327, 328, 330, 331, 332, 334, 335, 337, 339, 340, 341, 344, 345, 346, 348, 349, 350, 352, 353, 355, 357, 358, 359, 362, 363, 364, 366, 367, 368, 370, 371, 372, 373, 374, 376, 377, 379, 383, 384, 385, 388, 389, 390, 392, 393, 394, 396, 397, 399, 401, 402, 403, 406, 407, 408, 410, 412, 413, 414, 415, 417, 418, 420, 422, 423, 424, 427, 428, 429, 431, 432, 433, 435, 436, 438, 440], "excluded_lines": [], "functions": {"get_consumption_trend": {"executed_lines": [], "summary": {"covered_lines": 0, "num_statements": 20, "percent_covered": 0.0, "percent_covered_display": "0", "missing_lines": 20, "excluded_lines": 0, "percent_statements_covered": 0.0, "percent_statements_covered_display": "0"}, "missing_lines": [18, 19, 20, 22, 24, 26, 27, 29, 30, 32, 33, 34, 35, 36, 38, 39, 41, 45, 46, 47], "excluded_lines": [], "start_line": 16}, "get_top_customers": {"executed_lines": [], "summary": {"covered_lines": 0, "num_statements": 19, "percent_covered": 0.0, "percent_covered_display": "0", "missing_lines": 19, "excluded_lines": 0, "percent_statements_covered": 0.0, "percent_statements_covered_display": "0"}, "missing_lines": [54, 55, 56, 58, 59, 61, 62, 64, 65, 67, 68, 69, 70, 72, 73, 75, 77, 78, 79], "excluded_lines": [], "start_line": 52}, "get_device_distribution": {"executed_lines": [], "summary": {"covered_lines": 0, "num_statements": 20, "percent_covered": 0.0, "percent_covered_display": "0", "missing_lines": 20, "excluded_lines": 0, "percent_statements_covered": 0.0, "percent_statements_covered_display": "0"}, "missing_lines": [86, 87, 88, 90, 91, 93, 94, 96, 97, 99, 100, 101, 102, 103, 105, 106, 108, 112, 113, 114], "excluded_lines": [], "start_line": 84}, "get_payment_analysis": {"executed_lines": [], "summary": {"covered_lines": 0, "num_statements": 20, "percent_covered": 0.0, "percent_covered_display": "0", "missing_lines": 20, "excluded_lines": 0, "percent_statements_covered": 0.0, "percent_statements_covered_display": "0"}, "missing_lines": [121, 122, 123, 125, 126, 128, 129, 131, 132, 134, 135, 136, 137, 138, 140, 141, 143, 147, 148, 149], "excluded_lines": [], "start_line": 119}, "get_invoice_status": {"executed_lines": [], "summary": {"covered_lines": 0, "num_statements": 18, "percent_covered": 0.0, "percent_covered_display": "0", "missing_lines": 18, "excluded_lines": 0, "percent_statements_covered": 0.0, "percent_statements_covered_display": "0"}, "missing_lines": [156, 157, 159, 160, 162, 163, 165, 166, 168, 169, 170, 171, 173, 174, 176, 178, 179, 180], "excluded_lines": [], "start_line": 154}, "get_health_stats": {"executed_lines": [], "summary": {"covered_lines": 0, "num_statements": 9, "percent_covered": 0.0, "percent_covered_display": "0", "missing_lines": 9, "excluded_lines": 0, "percent_statements_covered": 0.0, "percent_statements_covered_display": "0"}, "missing_lines": [187, 188, 189, 191, 192, 194, 196, 197, 198], "excluded_lines": [], "start_line": 185}, "get_warning_list": {"executed_lines": [], "summary": {"covered_lines": 0, "num_statements": 11, "percent_covered": 0.0, "percent_covered_display": "0", "missing_lines": 11, "excluded_lines": 0, "percent_statements_covered": 0.0, "percent_statements_covered_display": "0"}, "missing_lines": [205, 207, 208, 209, 210, 212, 213, 215, 217, 218, 219], "excluded_lines": [], "start_line": 203}, "get_inactive_list": {"executed_lines": [], "summary": {"covered_lines": 0, "num_statements": 11, "percent_covered": 0.0, "percent_covered_display": "0", "missing_lines": 11, "excluded_lines": 0, "percent_statements_covered": 0.0, "percent_statements_covered_display": "0"}, "missing_lines": [226, 228, 229, 230, 231, 233, 234, 236, 238, 239, 240], "excluded_lines": [], "start_line": 224}, "get_customer_health_score": {"executed_lines": [], "summary": {"covered_lines": 0, "num_statements": 10, "percent_covered": 0.0, "percent_covered_display": "0", "missing_lines": 10, "excluded_lines": 0, "percent_statements_covered": 0.0, "percent_statements_covered_display": "0"}, "missing_lines": [247, 248, 250, 253, 259, 260, 265, 266, 268, 269], "excluded_lines": [], "start_line": 245}, "get_industry_distribution": {"executed_lines": [], "summary": {"covered_lines": 0, "num_statements": 9, "percent_covered": 0.0, "percent_covered_display": "0", "missing_lines": 9, "excluded_lines": 0, "percent_statements_covered": 0.0, "percent_statements_covered_display": "0"}, "missing_lines": [276, 277, 278, 280, 281, 283, 285, 286, 287], "excluded_lines": [], "start_line": 274}, "get_level_stats": {"executed_lines": [], "summary": {"covered_lines": 0, "num_statements": 9, "percent_covered": 0.0, "percent_covered_display": "0", "missing_lines": 9, "excluded_lines": 0, "percent_statements_covered": 0.0, "percent_statements_covered_display": "0"}, "missing_lines": [294, 295, 296, 298, 299, 301, 303, 304, 305], "excluded_lines": [], "start_line": 292}, "get_scale_stats": {"executed_lines": [], "summary": {"covered_lines": 0, "num_statements": 9, "percent_covered": 0.0, "percent_covered_display": "0", "missing_lines": 9, "excluded_lines": 0, "percent_statements_covered": 0.0, "percent_statements_covered_display": "0"}, "missing_lines": [312, 313, 314, 316, 317, 319, 321, 322, 323], "excluded_lines": [], "start_line": 310}, "get_consume_level_stats": {"executed_lines": [], "summary": {"covered_lines": 0, "num_statements": 9, "percent_covered": 0.0, "percent_covered_display": "0", "missing_lines": 9, "excluded_lines": 0, "percent_statements_covered": 0.0, "percent_statements_covered_display": "0"}, "missing_lines": [330, 331, 332, 334, 335, 337, 339, 340, 341], "excluded_lines": [], "start_line": 328}, "get_real_estate_stats": {"executed_lines": [], "summary": {"covered_lines": 0, "num_statements": 9, "percent_covered": 0.0, "percent_covered_display": "0", "missing_lines": 9, "excluded_lines": 0, "percent_statements_covered": 0.0, "percent_statements_covered_display": "0"}, "missing_lines": [348, 349, 350, 352, 353, 355, 357, 358, 359], "excluded_lines": [], "start_line": 346}, "predict_monthly_payment": {"executed_lines": [], "summary": {"covered_lines": 0, "num_statements": 14, "percent_covered": 0.0, "percent_covered_display": "0", "missing_lines": 14, "excluded_lines": 0, "percent_statements_covered": 0.0, "percent_statements_covered_display": "0"}, "missing_lines": [366, 367, 368, 370, 371, 372, 373, 374, 376, 377, 379, 383, 384, 385], "excluded_lines": [], "start_line": 364}, "get_dashboard_stats": {"executed_lines": [], "summary": {"covered_lines": 0, "num_statements": 9, "percent_covered": 0.0, "percent_covered_display": "0", "missing_lines": 9, "excluded_lines": 0, "percent_statements_covered": 0.0, "percent_statements_covered_display": "0"}, "missing_lines": [392, 393, 394, 396, 397, 399, 401, 402, 403], "excluded_lines": [], "start_line": 390}, "get_dashboard_chart_data": {"executed_lines": [], "summary": {"covered_lines": 0, "num_statements": 11, "percent_covered": 0.0, "percent_covered_display": "0", "missing_lines": 11, "excluded_lines": 0, "percent_statements_covered": 0.0, "percent_statements_covered_display": "0"}, "missing_lines": [410, 412, 413, 414, 415, 417, 418, 420, 422, 423, 424], "excluded_lines": [], "start_line": 408}, "get_balance_trend": {"executed_lines": [], "summary": {"covered_lines": 0, "num_statements": 7, "percent_covered": 0.0, "percent_covered_display": "0", "missing_lines": 7, "excluded_lines": 0, "percent_statements_covered": 0.0, "percent_statements_covered_display": "0"}, "missing_lines": [431, 432, 433, 435, 436, 438, 440], "excluded_lines": [], "start_line": 429}, "": {"executed_lines": [], "summary": {"covered_lines": 0, "num_statements": 62, "percent_covered": 0.0, "percent_covered_display": "0", "missing_lines": 62, "excluded_lines": 0, "percent_statements_covered": 0.0, "percent_statements_covered_display": "0"}, "missing_lines": [3, 4, 5, 6, 7, 8, 9, 11, 14, 15, 16, 50, 51, 52, 82, 83, 84, 117, 118, 119, 152, 153, 154, 183, 184, 185, 201, 202, 203, 222, 223, 224, 243, 244, 245, 272, 273, 274, 290, 291, 292, 308, 309, 310, 326, 327, 328, 344, 345, 346, 362, 363, 364, 388, 389, 390, 406, 407, 408, 427, 428, 429], "excluded_lines": [], "start_line": 1}}, "classes": {"": {"executed_lines": [], "summary": {"covered_lines": 0, "num_statements": 286, "percent_covered": 0.0, "percent_covered_display": "0", "missing_lines": 286, "excluded_lines": 0, "percent_statements_covered": 0.0, "percent_statements_covered_display": "0"}, "missing_lines": [3, 4, 5, 6, 7, 8, 9, 11, 14, 15, 16, 18, 19, 20, 22, 24, 26, 27, 29, 30, 32, 33, 34, 35, 36, 38, 39, 41, 45, 46, 47, 50, 51, 52, 54, 55, 56, 58, 59, 61, 62, 64, 65, 67, 68, 69, 70, 72, 73, 75, 77, 78, 79, 82, 83, 84, 86, 87, 88, 90, 91, 93, 94, 96, 97, 99, 100, 101, 102, 103, 105, 106, 108, 112, 113, 114, 117, 118, 119, 121, 122, 123, 125, 126, 128, 129, 131, 132, 134, 135, 136, 137, 138, 140, 141, 143, 147, 148, 149, 152, 153, 154, 156, 157, 159, 160, 162, 163, 165, 166, 168, 169, 170, 171, 173, 174, 176, 178, 179, 180, 183, 184, 185, 187, 188, 189, 191, 192, 194, 196, 197, 198, 201, 202, 203, 205, 207, 208, 209, 210, 212, 213, 215, 217, 218, 219, 222, 223, 224, 226, 228, 229, 230, 231, 233, 234, 236, 238, 239, 240, 243, 244, 245, 247, 248, 250, 253, 259, 260, 265, 266, 268, 269, 272, 273, 274, 276, 277, 278, 280, 281, 283, 285, 286, 287, 290, 291, 292, 294, 295, 296, 298, 299, 301, 303, 304, 305, 308, 309, 310, 312, 313, 314, 316, 317, 319, 321, 322, 323, 326, 327, 328, 330, 331, 332, 334, 335, 337, 339, 340, 341, 344, 345, 346, 348, 349, 350, 352, 353, 355, 357, 358, 359, 362, 363, 364, 366, 367, 368, 370, 371, 372, 373, 374, 376, 377, 379, 383, 384, 385, 388, 389, 390, 392, 393, 394, 396, 397, 399, 401, 402, 403, 406, 407, 408, 410, 412, 413, 414, 415, 417, 418, 420, 422, 423, 424, 427, 428, 429, 431, 432, 433, 435, 436, 438, 440], "excluded_lines": [], "start_line": 1}}}, "app/routes/audit_logs.py": {"executed_lines": [], "summary": {"covered_lines": 0, "num_statements": 62, "percent_covered": 0.0, "percent_covered_display": "0", "missing_lines": 62, "excluded_lines": 0, "percent_statements_covered": 0.0, "percent_statements_covered_display": "0"}, "missing_lines": [3, 4, 5, 6, 7, 8, 9, 10, 11, 13, 16, 17, 18, 19, 32, 33, 34, 37, 39, 42, 44, 45, 47, 48, 50, 51, 52, 53, 54, 55, 57, 58, 59, 60, 61, 62, 64, 67, 68, 71, 80, 81, 83, 101, 115, 116, 117, 118, 120, 122, 128, 129, 131, 134, 135, 136, 137, 139, 141, 147, 148, 150], "excluded_lines": [], "functions": {"list_audit_logs": {"executed_lines": [], "summary": {"covered_lines": 0, "num_statements": 30, "percent_covered": 0.0, "percent_covered_display": "0", "missing_lines": 30, "excluded_lines": 0, "percent_statements_covered": 0.0, "percent_statements_covered_display": "0"}, "missing_lines": [32, 33, 34, 37, 39, 42, 44, 45, 47, 48, 50, 51, 52, 53, 54, 55, 57, 58, 59, 60, 61, 62, 64, 67, 68, 71, 80, 81, 83, 101], "excluded_lines": [], "start_line": 19}, "get_audit_actions": {"executed_lines": [], "summary": {"covered_lines": 0, "num_statements": 5, "percent_covered": 0.0, "percent_covered_display": "0", "missing_lines": 5, "excluded_lines": 0, "percent_statements_covered": 0.0, "percent_statements_covered_display": "0"}, "missing_lines": [120, 122, 128, 129, 131], "excluded_lines": [], "start_line": 118}, "get_audit_modules": {"executed_lines": [], "summary": {"covered_lines": 0, "num_statements": 5, "percent_covered": 0.0, "percent_covered_display": "0", "missing_lines": 5, "excluded_lines": 0, "percent_statements_covered": 0.0, "percent_statements_covered_display": "0"}, "missing_lines": [139, 141, 147, 148, 150], "excluded_lines": [], "start_line": 137}, "": {"executed_lines": [], "summary": {"covered_lines": 0, "num_statements": 22, "percent_covered": 0.0, "percent_covered_display": "0", "missing_lines": 22, "excluded_lines": 0, "percent_statements_covered": 0.0, "percent_statements_covered_display": "0"}, "missing_lines": [3, 4, 5, 6, 7, 8, 9, 10, 11, 13, 16, 17, 18, 19, 115, 116, 117, 118, 134, 135, 136, 137], "excluded_lines": [], "start_line": 1}}, "classes": {"": {"executed_lines": [], "summary": {"covered_lines": 0, "num_statements": 62, "percent_covered": 0.0, "percent_covered_display": "0", "missing_lines": 62, "excluded_lines": 0, "percent_statements_covered": 0.0, "percent_statements_covered_display": "0"}, "missing_lines": [3, 4, 5, 6, 7, 8, 9, 10, 11, 13, 16, 17, 18, 19, 32, 33, 34, 37, 39, 42, 44, 45, 47, 48, 50, 51, 52, 53, 54, 55, 57, 58, 59, 60, 61, 62, 64, 67, 68, 71, 80, 81, 83, 101, 115, 116, 117, 118, 120, 122, 128, 129, 131, 134, 135, 136, 137, 139, 141, 147, 148, 150], "excluded_lines": [], "start_line": 1}}}, "app/routes/auth.py": {"executed_lines": [3, 4, 5, 6, 7, 8, 9, 10, 11, 12, 13, 14, 15, 16, 18, 21, 22, 82, 83, 114, 115, 125, 126, 179, 180, 234, 235], "summary": {"covered_lines": 27, "num_statements": 130, "percent_covered": 20.76923076923077, "percent_covered_display": "21", "missing_lines": 103, "excluded_lines": 0, "percent_statements_covered": 20.76923076923077, "percent_statements_covered_display": "21"}, "missing_lines": [32, 33, 34, 36, 37, 39, 40, 42, 43, 44, 46, 47, 49, 50, 52, 54, 55, 58, 59, 61, 85, 87, 89, 90, 91, 93, 94, 95, 96, 97, 99, 100, 107, 108, 109, 111, 117, 119, 120, 122, 128, 129, 131, 132, 134, 136, 137, 139, 140, 142, 143, 144, 147, 148, 149, 150, 151, 157, 159, 164, 166, 190, 191, 192, 194, 195, 197, 198, 201, 203, 205, 209, 210, 213, 227, 228, 229, 231, 245, 246, 247, 249, 250, 252, 253, 255, 257, 259, 260, 262, 263, 264, 266, 267, 269, 270, 271, 274, 276, 278, 279, 280, 281], "excluded_lines": [], "functions": {"login": {"executed_lines": [], "summary": {"covered_lines": 0, "num_statements": 20, "percent_covered": 0.0, "percent_covered_display": "0", "missing_lines": 20, "excluded_lines": 0, "percent_statements_covered": 0.0, "percent_statements_covered_display": "0"}, "missing_lines": [32, 33, 34, 36, 37, 39, 40, 42, 43, 44, 46, 47, 49, 50, 52, 54, 55, 58, 59, 61], "excluded_lines": [], "start_line": 22}, "logout": {"executed_lines": [], "summary": {"covered_lines": 0, "num_statements": 16, "percent_covered": 0.0, "percent_covered_display": "0", "missing_lines": 16, "excluded_lines": 0, "percent_statements_covered": 0.0, "percent_statements_covered_display": "0"}, "missing_lines": [85, 87, 89, 90, 91, 93, 94, 95, 96, 97, 99, 100, 107, 108, 109, 111], "excluded_lines": [], "start_line": 83}, "get_me": {"executed_lines": [], "summary": {"covered_lines": 0, "num_statements": 4, "percent_covered": 0.0, "percent_covered_display": "0", "missing_lines": 4, "excluded_lines": 0, "percent_statements_covered": 0.0, "percent_statements_covered_display": "0"}, "missing_lines": [117, 119, 120, 122], "excluded_lines": [], "start_line": 115}, "refresh_token": {"executed_lines": [], "summary": {"covered_lines": 0, "num_statements": 21, "percent_covered": 0.0, "percent_covered_display": "0", "missing_lines": 21, "excluded_lines": 0, "percent_statements_covered": 0.0, "percent_statements_covered_display": "0"}, "missing_lines": [128, 129, 131, 132, 134, 136, 137, 139, 140, 142, 143, 144, 147, 148, 149, 150, 151, 157, 159, 164, 166], "excluded_lines": [], "start_line": 126}, "forgot_password": {"executed_lines": [], "summary": {"covered_lines": 0, "num_statements": 17, "percent_covered": 0.0, "percent_covered_display": "0", "missing_lines": 17, "excluded_lines": 0, "percent_statements_covered": 0.0, "percent_statements_covered_display": "0"}, "missing_lines": [190, 191, 192, 194, 195, 197, 198, 201, 203, 205, 209, 210, 213, 227, 228, 229, 231], "excluded_lines": [], "start_line": 180}, "reset_password": {"executed_lines": [], "summary": {"covered_lines": 0, "num_statements": 25, "percent_covered": 0.0, "percent_covered_display": "0", "missing_lines": 25, "excluded_lines": 0, "percent_statements_covered": 0.0, "percent_statements_covered_display": "0"}, "missing_lines": [245, 246, 247, 249, 250, 252, 253, 255, 257, 259, 260, 262, 263, 264, 266, 267, 269, 270, 271, 274, 276, 278, 279, 280, 281], "excluded_lines": [], "start_line": 235}, "": {"executed_lines": [3, 4, 5, 6, 7, 8, 9, 10, 11, 12, 13, 14, 15, 16, 18, 21, 22, 82, 83, 114, 115, 125, 126, 179, 180, 234, 235], "summary": {"covered_lines": 27, "num_statements": 27, "percent_covered": 100.0, "percent_covered_display": "100", "missing_lines": 0, "excluded_lines": 0, "percent_statements_covered": 100.0, "percent_statements_covered_display": "100"}, "missing_lines": [], "excluded_lines": [], "start_line": 1}}, "classes": {"": {"executed_lines": [3, 4, 5, 6, 7, 8, 9, 10, 11, 12, 13, 14, 15, 16, 18, 21, 22, 82, 83, 114, 115, 125, 126, 179, 180, 234, 235], "summary": {"covered_lines": 27, "num_statements": 130, "percent_covered": 20.76923076923077, "percent_covered_display": "21", "missing_lines": 103, "excluded_lines": 0, "percent_statements_covered": 20.76923076923077, "percent_statements_covered_display": "21"}, "missing_lines": [32, 33, 34, 36, 37, 39, 40, 42, 43, 44, 46, 47, 49, 50, 52, 54, 55, 58, 59, 61, 85, 87, 89, 90, 91, 93, 94, 95, 96, 97, 99, 100, 107, 108, 109, 111, 117, 119, 120, 122, 128, 129, 131, 132, 134, 136, 137, 139, 140, 142, 143, 144, 147, 148, 149, 150, 151, 157, 159, 164, 166, 190, 191, 192, 194, 195, 197, 198, 201, 203, 205, 209, 210, 213, 227, 228, 229, 231, 245, 246, 247, 249, 250, 252, 253, 255, 257, 259, 260, 262, 263, 264, 266, 267, 269, 270, 271, 274, 276, 278, 279, 280, 281], "excluded_lines": [], "start_line": 1}}}, "app/routes/billing.py": {"executed_lines": [], "summary": {"covered_lines": 0, "num_statements": 339, "percent_covered": 0.0, "percent_covered_display": "0", "missing_lines": 339, "excluded_lines": 0, "percent_statements_covered": 0.0, "percent_statements_covered_display": "0"}, "missing_lines": [3, 4, 5, 6, 7, 8, 9, 10, 11, 12, 13, 14, 15, 17, 23, 24, 25, 26, 28, 30, 31, 32, 33, 36, 37, 38, 41, 42, 48, 58, 59, 60, 61, 64, 72, 73, 74, 75, 77, 80, 81, 82, 84, 85, 87, 114, 115, 116, 117, 119, 120, 122, 124, 125, 140, 160, 161, 162, 163, 176, 177, 178, 180, 181, 182, 184, 185, 190, 192, 202, 203, 204, 206, 222, 223, 224, 225, 227, 228, 230, 235, 236, 238, 244, 273, 274, 275, 276, 278, 279, 280, 282, 287, 288, 290, 292, 293, 296, 298, 299, 302, 303, 305, 306, 308, 341, 342, 343, 344, 346, 347, 349, 354, 355, 357, 363, 388, 389, 390, 391, 405, 406, 407, 409, 410, 413, 414, 415, 416, 418, 421, 423, 438, 439, 440, 441, 443, 444, 446, 449, 450, 451, 452, 454, 456, 457, 460, 462, 475, 476, 477, 478, 480, 481, 483, 485, 486, 489, 491, 497, 498, 499, 500, 502, 503, 505, 510, 511, 512, 514, 521, 560, 561, 562, 563, 565, 566, 568, 570, 571, 573, 617, 618, 619, 620, 634, 635, 636, 638, 641, 642, 643, 645, 646, 648, 657, 659, 673, 674, 675, 676, 687, 688, 690, 692, 699, 700, 703, 705, 708, 709, 710, 711, 713, 714, 715, 717, 722, 723, 726, 728, 731, 732, 733, 734, 736, 737, 739, 741, 742, 745, 747, 750, 751, 752, 753, 755, 756, 757, 759, 764, 765, 768, 770, 773, 774, 775, 776, 778, 779, 781, 783, 784, 787, 789, 792, 793, 794, 795, 797, 798, 800, 802, 803, 806, 808, 811, 812, 813, 814, 827, 828, 829, 830, 833, 836, 841, 842, 843, 846, 857, 858, 860, 862, 863, 864, 871, 873, 874, 875, 876, 877, 878, 883, 884, 885, 886, 887, 888, 894, 895, 897, 898, 904, 905, 906, 909, 910, 913, 914, 915, 923, 936, 937, 938, 939, 940, 941, 944, 945, 946, 949, 958, 960, 966, 978, 979, 980, 981, 984, 985, 986, 991, 998, 999, 1000, 1003, 1004, 1007], "excluded_lines": [], "functions": {"get_balances": {"executed_lines": [], "summary": {"covered_lines": 0, "num_statements": 27, "percent_covered": 0.0, "percent_covered_display": "0", "missing_lines": 27, "excluded_lines": 0, "percent_statements_covered": 0.0, "percent_statements_covered_display": "0"}, "missing_lines": [28, 30, 31, 32, 33, 36, 37, 38, 41, 42, 48, 58, 59, 60, 61, 64, 72, 73, 74, 75, 77, 80, 81, 82, 84, 85, 87], "excluded_lines": [], "start_line": 26}, "get_customer_balance": {"executed_lines": [], "summary": {"covered_lines": 0, "num_statements": 6, "percent_covered": 0.0, "percent_covered_display": "0", "missing_lines": 6, "excluded_lines": 0, "percent_statements_covered": 0.0, "percent_statements_covered_display": "0"}, "missing_lines": [119, 120, 122, 124, 125, 140], "excluded_lines": [], "start_line": 117}, "recharge": {"executed_lines": [], "summary": {"covered_lines": 0, "num_statements": 14, "percent_covered": 0.0, "percent_covered_display": "0", "missing_lines": 14, "excluded_lines": 0, "percent_statements_covered": 0.0, "percent_statements_covered_display": "0"}, "missing_lines": [176, 177, 178, 180, 181, 182, 184, 185, 190, 192, 202, 203, 204, 206], "excluded_lines": [], "start_line": 163}, "get_recharge_records": {"executed_lines": [], "summary": {"covered_lines": 0, "num_statements": 7, "percent_covered": 0.0, "percent_covered_display": "0", "missing_lines": 7, "excluded_lines": 0, "percent_statements_covered": 0.0, "percent_statements_covered_display": "0"}, "missing_lines": [227, 228, 230, 235, 236, 238, 244], "excluded_lines": [], "start_line": 225}, "get_consumption_records": {"executed_lines": [], "summary": {"covered_lines": 0, "num_statements": 17, "percent_covered": 0.0, "percent_covered_display": "0", "missing_lines": 17, "excluded_lines": 0, "percent_statements_covered": 0.0, "percent_statements_covered_display": "0"}, "missing_lines": [278, 279, 280, 282, 287, 288, 290, 292, 293, 296, 298, 299, 302, 303, 305, 306, 308], "excluded_lines": [], "start_line": 276}, "get_pricing_rules": {"executed_lines": [], "summary": {"covered_lines": 0, "num_statements": 7, "percent_covered": 0.0, "percent_covered_display": "0", "missing_lines": 7, "excluded_lines": 0, "percent_statements_covered": 0.0, "percent_statements_covered_display": "0"}, "missing_lines": [346, 347, 349, 354, 355, 357, 363], "excluded_lines": [], "start_line": 344}, "create_pricing_rule": {"executed_lines": [], "summary": {"covered_lines": 0, "num_statements": 12, "percent_covered": 0.0, "percent_covered_display": "0", "missing_lines": 12, "excluded_lines": 0, "percent_statements_covered": 0.0, "percent_statements_covered_display": "0"}, "missing_lines": [405, 406, 407, 409, 410, 413, 414, 415, 416, 418, 421, 423], "excluded_lines": [], "start_line": 391}, "update_pricing_rule": {"executed_lines": [], "summary": {"covered_lines": 0, "num_statements": 12, "percent_covered": 0.0, "percent_covered_display": "0", "missing_lines": 12, "excluded_lines": 0, "percent_statements_covered": 0.0, "percent_statements_covered_display": "0"}, "missing_lines": [443, 444, 446, 449, 450, 451, 452, 454, 456, 457, 460, 462], "excluded_lines": [], "start_line": 441}, "delete_pricing_rule": {"executed_lines": [], "summary": {"covered_lines": 0, "num_statements": 7, "percent_covered": 0.0, "percent_covered_display": "0", "missing_lines": 7, "excluded_lines": 0, "percent_statements_covered": 0.0, "percent_statements_covered_display": "0"}, "missing_lines": [480, 481, 483, 485, 486, 489, 491], "excluded_lines": [], "start_line": 478}, "get_invoices": {"executed_lines": [], "summary": {"covered_lines": 0, "num_statements": 8, "percent_covered": 0.0, "percent_covered_display": "0", "
[...]
ments_covered_display": "0"}, "missing_lines": [167, 168, 169, 171, 174, 175], "excluded_lines": [], "start_line": 165}, "UserService.assign_roles": {"executed_lines": [179, 180, 181], "summary": {"covered_lines": 3, "num_statements": 12, "percent_covered": 25.0, "percent_covered_display": "25", "missing_lines": 9, "excluded_lines": 0, "percent_statements_covered": 25.0, "percent_statements_covered_display": "25"}, "missing_lines": [184, 185, 188, 189, 192, 193, 194, 196, 197], "excluded_lines": [], "start_line": 177}, "UserService.get_user_roles": {"executed_lines": [201, 202, 203], "summary": {"covered_lines": 3, "num_statements": 4, "percent_covered": 75.0, "percent_covered_display": "75", "missing_lines": 1, "excluded_lines": 0, "percent_statements_covered": 75.0, "percent_statements_covered_display": "75"}, "missing_lines": [204], "excluded_lines": [], "start_line": 199}, "": {"executed_lines": [3, 4, 5, 6, 7, 8, 9, 12, 18, 28, 35, 36, 40, 51, 62, 100, 132, 155, 165, 177, 199], "summary": {"covered_lines": 21, "num_statements": 21, "percent_covered": 100.0, "percent_covered_display": "100", "missing_lines": 0, "excluded_lines": 0, "percent_statements_covered": 100.0, "percent_statements_covered_display": "100"}, "missing_lines": [], "excluded_lines": [], "start_line": 1}}, "classes": {"UserService": {"executed_lines": [19, 22, 30, 31, 42, 44, 49, 53, 55, 60, 109, 110, 114, 116, 122, 124, 125, 126, 127, 140, 141, 142, 179, 180, 181, 201, 202, 203], "summary": {"covered_lines": 28, "num_statements": 78, "percent_covered": 35.8974358974359, "percent_covered_display": "36", "missing_lines": 50, "excluded_lines": 0, "percent_statements_covered": 35.8974358974359, "percent_statements_covered_display": "36"}, "missing_lines": [33, 38, 66, 68, 71, 74, 75, 76, 83, 84, 85, 88, 95, 96, 98, 111, 128, 129, 130, 144, 145, 146, 147, 148, 149, 151, 152, 153, 157, 158, 159, 161, 162, 163, 167, 168, 169, 171, 174, 175, 184, 185, 188, 189, 192, 193, 194, 196, 197, 204], "excluded_lines": [], "start_line": 12}, "": {"executed_lines": [3, 4, 5, 6, 7, 8, 9, 12, 18, 28, 35, 36, 40, 51, 62, 100, 132, 155, 165, 177, 199], "summary": {"covered_lines": 21, "num_statements": 21, "percent_covered": 100.0, "percent_covered_display": "100", "missing_lines": 0, "excluded_lines": 0, "percent_statements_covered": 100.0, "percent_statements_covered_display": "100"}, "missing_lines": [], "excluded_lines": [], "start_line": 1}}}, "app/tasks/__init__.py": {"executed_lines": [], "summary": {"covered_lines": 0, "num_statements": 0, "percent_covered": 100.0, "percent_covered_display": "100", "missing_lines": 0, "excluded_lines": 0, "percent_statements_covered": 100.0, "percent_statements_covered_display": "100"}, "missing_lines": [], "excluded_lines": [], "functions": {"": {"executed_lines": [], "summary": {"covered_lines": 0, "num_statements": 0, "percent_covered": 100.0, "percent_covered_display": "100", "missing_lines": 0, "excluded_lines": 0, "percent_statements_covered": 100.0, "percent_statements_covered_display": "100"}, "missing_lines": [], "excluded_lines": [], "start_line": 1}}, "classes": {"": {"executed_lines": [], "summary": {"covered_lines": 0, "num_statements": 0, "percent_covered": 100.0, "percent_covered_display": "100", "missing_lines": 0, "excluded_lines": 0, "percent_statements_covered": 100.0, "percent_statements_covered_display": "100"}, "missing_lines": [], "excluded_lines": [], "start_line": 1}}}, "app/tasks/balance_check.py": {"executed_lines": [6, 7, 8, 9, 11, 12, 14, 17, 18, 21, 28, 30, 32, 37, 39, 42, 43, 44, 46, 47, 49, 50, 52, 53, 61, 62, 67, 69, 71, 72, 80, 81, 90, 91, 99, 105, 107, 115, 126, 127, 128, 129, 142, 143, 146, 158, 160, 170, 171], "summary": {"covered_lines": 49, "num_statements": 55, "percent_covered": 89.0909090909091, "percent_covered_display": "89", "missing_lines": 6, "excluded_lines": 0, "percent_statements_covered": 89.0909090909091, "percent_statements_covered_display": "89"}, "missing_lines": [86, 101, 102, 103, 140, 141], "excluded_lines": [], "functions": {"check_balance_warning": {"executed_lines": [28, 30, 32, 37, 39, 42, 43, 44, 46, 47, 49, 50, 52, 53, 61, 62, 67, 69, 71, 72, 80, 81, 90, 91, 99, 105, 107, 115, 126, 127, 128, 129, 142, 143], "summary": {"covered_lines": 34, "num_statements": 40, "percent_covered": 85.0, "percent_covered_display": "85", "missing_lines": 6, "excluded_lines": 0, "percent_statements_covered": 85.0, "percent_statements_covered_display": "85"}, "missing_lines": [86, 101, 102, 103, 140, 141], "excluded_lines": [], "start_line": 21}, "_log_check_task": {"executed_lines": [158, 160, 170, 171], "summary": {"covered_lines": 4, "num_statements": 4, "percent_covered": 100.0, "percent_covered_display": "100", "missing_lines": 0, "excluded_lines": 0, "percent_statements_covered": 100.0, "percent_statements_covered_display": "100"}, "missing_lines": [], "excluded_lines": [], "start_line": 146}, "": {"executed_lines": [6, 7, 8, 9, 11, 12, 14, 17, 18, 21, 146], "summary": {"covered_lines": 11, "num_statements": 11, "percent_covered": 100.0, "percent_covered_display": "100", "missing_lines": 0, "excluded_lines": 0, "percent_statements_covered": 100.0, "percent_statements_covered_display": "100"}, "missing_lines": [], "excluded_lines": [], "start_line": 1}}, "classes": {"": {"executed_lines": [6, 7, 8, 9, 11, 12, 14, 17, 18, 21, 28, 30, 32, 37, 39, 42, 43, 44, 46, 47, 49, 50, 52, 53, 61, 62, 67, 69, 71, 72, 80, 81, 90, 91, 99, 105, 107, 115, 126, 127, 128, 129, 142, 143, 146, 158, 160, 170, 171], "summary": {"covered_lines": 49, "num_statements": 55, "percent_covered": 89.0909090909091, "percent_covered_display": "89", "missing_lines": 6, "excluded_lines": 0, "percent_statements_covered": 89.0909090909091, "percent_statements_covered_display": "89"}, "missing_lines": [86, 101, 102, 103, 140, 141], "excluded_lines": [], "start_line": 1}}}, "app/tasks/email_tasks.py": {"executed_lines": [6, 7, 8, 9, 10, 12, 14, 17, 24, 26, 28, 37, 39, 41, 42, 43, 46, 47, 48, 49, 50, 51, 52, 55, 56, 59, 61, 63, 64, 65, 66, 69, 77, 83, 84, 85, 89, 90, 92, 93, 94, 95, 97, 102, 112, 113, 114, 115, 127, 128, 131, 142, 144, 154, 155], "summary": {"covered_lines": 55, "num_statements": 57, "percent_covered": 96.49122807017544, "percent_covered_display": "96", "missing_lines": 2, "excluded_lines": 0, "percent_statements_covered": 96.49122807017544, "percent_statements_covered_display": "96"}, "missing_lines": [125, 126], "excluded_lines": [], "functions": {"send_overdue_emails": {"executed_lines": [24, 26, 28, 37, 39, 41, 42, 43, 46, 47, 48, 49, 50, 51, 52, 55, 56, 59, 61, 63, 64, 65, 66, 69, 77, 83, 84, 85, 89, 90, 92, 93, 94, 95, 97, 102, 112, 113, 114, 115, 127, 128], "summary": {"covered_lines": 42, "num_statements": 44, "percent_covered": 95.45454545454545, "percent_covered_display": "95", "missing_lines": 2, "excluded_lines": 0, "percent_statements_covered": 95.45454545454545, "percent_statements_covered_display": "95"}, "missing_lines": [125, 126], "excluded_lines": [], "start_line": 17}, "_log_email_task": {"executed_lines": [142, 144, 154, 155], "summary": {"covered_lines": 4, "num_statements": 4, "percent_covered": 100.0, "percent_covered_display": "100", "missing_lines": 0, "excluded_lines": 0, "percent_statements_covered": 100.0, "percent_statements_covered_display": "100"}, "missing_lines": [], "excluded_lines": [], "start_line": 131}, "": {"executed_lines": [6, 7, 8, 9, 10, 12, 14, 17, 131], "summary": {"covered_lines": 9, "num_statements": 9, "percent_covered": 100.0, "percent_covered_display": "100", "missing_lines": 0, "excluded_lines": 0, "percent_statements_covered": 100.0, "percent_statements_covered_display": "100"}, "missing_lines": [], "excluded_lines": [], "start_line": 1}}, "classes": {"": {"executed_lines": [6, 7, 8, 9, 10, 12, 14, 17, 24, 26, 28, 37, 39, 41, 42, 43, 46, 47, 48, 49, 50, 51, 52, 55, 56, 59, 61, 63, 64, 65, 66, 69, 77, 83, 84, 85, 89, 90, 92, 93, 94, 95, 97, 102, 112, 113, 114, 115, 127, 128, 131, 142, 144, 154, 155], "summary": {"covered_lines": 55, "num_statements": 57, "percent_covered": 96.49122807017544, "percent_covered_display": "96", "missing_lines": 2, "excluded_lines": 0, "percent_statements_covered": 96.49122807017544, "percent_statements_covered_display": "96"}, "missing_lines": [125, 126], "excluded_lines": [], "start_line": 1}}}, "app/tasks/file_cleanup.py": {"executed_lines": [6, 7, 8, 9, 11, 13, 16, 23, 25, 26, 27, 29, 30, 31], "summary": {"covered_lines": 14, "num_statements": 53, "percent_covered": 26.41509433962264, "percent_covered_display": "26", "missing_lines": 39, "excluded_lines": 0, "percent_statements_covered": 26.41509433962264, "percent_statements_covered_display": "26"}, "missing_lines": [34, 35, 38, 39, 40, 43, 44, 45, 47, 49, 51, 53, 54, 55, 56, 57, 59, 61, 62, 63, 66, 67, 68, 69, 70, 71, 72, 73, 76, 77, 78, 79, 80, 81, 83, 85, 92, 93, 94], "excluded_lines": [], "functions": {"cleanup_temp_files": {"executed_lines": [23, 25, 26, 27, 29, 30, 31], "summary": {"covered_lines": 7, "num_statements": 46, "percent_covered": 15.217391304347826, "percent_covered_display": "15", "missing_lines": 39, "excluded_lines": 0, "percent_statements_covered": 15.217391304347826, "percent_statements_covered_display": "15"}, "missing_lines": [34, 35, 38, 39, 40, 43, 44, 45, 47, 49, 51, 53, 54, 55, 56, 57, 59, 61, 62, 63, 66, 67, 68, 69, 70, 71, 72, 73, 76, 77, 78, 79, 80, 81, 83, 85, 92, 93, 94], "excluded_lines": [], "start_line": 16}, "": {"executed_lines": [6, 7, 8, 9, 11, 13, 16], "summary": {"covered_lines": 7, "num_statements": 7, "percent_covered": 100.0, "percent_covered_display": "100", "missing_lines": 0, "excluded_lines": 0, "percent_statements_covered": 100.0, "percent_statements_covered_display": "100"}, "missing_lines": [], "excluded_lines": [], "start_line": 1}}, "classes": {"": {"executed_lines": [6, 7, 8, 9, 11, 13, 16, 23, 25, 26, 27, 29, 30, 31], "summary": {"covered_lines": 14, "num_statements": 53, "percent_covered": 26.41509433962264, "percent_covered_display": "26", "missing_lines": 39, "excluded_lines": 0, "percent_statements_covered": 26.41509433962264, "percent_statements_covered_display": "26"}, "missing_lines": [34, 35, 38, 39, 40, 43, 44, 45, 47, 49, 51, 53, 54, 55, 56, 57, 59, 61, 62, 63, 66, 67, 68, 69, 70, 71, 72, 73, 76, 77, 78, 79, 80, 81, 83, 85, 92, 93, 94], "excluded_lines": [], "start_line": 1}}}, "app/tasks/invoice_generator.py": {"executed_lines": [6, 7, 8, 9, 10, 12, 13, 15, 18, 25, 27, 29, 30, 31, 35, 40, 46, 48, 51, 52, 53, 56, 58, 60, 61, 63, 94, 95, 96, 99, 101, 109, 120, 121, 122, 123, 136, 137, 140, 152, 154, 164, 165], "summary": {"covered_lines": 43, "num_statements": 55, "percent_covered": 78.18181818181819, "percent_covered_display": "78", "missing_lines": 12, "excluded_lines": 0, "percent_statements_covered": 78.18181818181819, "percent_statements_covered_display": "78"}, "missing_lines": [70, 71, 72, 73, 76, 83, 84, 85, 89, 90, 134, 135], "excluded_lines": [], "functions": {"generate_monthly_invoices": {"executed_lines": [25, 27, 29, 30, 31, 35, 40, 46, 48, 51, 52, 53, 56, 58, 60, 61, 63, 94, 95, 96, 99, 101, 109, 120, 121, 122, 123, 136, 137], "summary": {"covered_lines": 29, "num_statements": 41, "percent_covered": 70.73170731707317, "percent_covered_display": "71", "missing_lines": 12, "excluded_lines": 0, "percent_statements_covered": 70.73170731707317, "percent_statements_covered_display": "71"}, "missing_lines": [70, 71, 72, 73, 76, 83, 84, 85, 89, 90, 134, 135], "excluded_lines": [], "start_line": 18}, "_log_generation_task": {"executed_lines": [152, 154, 164, 165], "summary": {"covered_lines": 4, "num_statements": 4, "percent_covered": 100.0, "percent_covered_display": "100", "missing_lines": 0, "excluded_lines": 0, "percent_statements_covered": 100.0, "percent_statements_covered_display": "100"}, "missing_lines": [], "excluded_lines": [], "start_line": 140}, "": {"executed_lines": [6, 7, 8, 9, 10, 12, 13, 15, 18, 140], "summary": {"covered_lines": 10, "num_statements": 10, "percent_covered": 100.0, "percent_covered_display": "100", "missing_lines": 0, "excluded_lines": 0, "percent_statements_covered": 100.0, "percent_statements_covered_display": "100"}, "missing_lines": [], "excluded_lines": [], "start_line": 1}}, "classes": {"": {"executed_lines": [6, 7, 8, 9, 10, 12, 13, 15, 18, 25, 27, 29, 30, 31, 35, 40, 46, 48, 51, 52, 53, 56, 58, 60, 61, 63, 94, 95, 96, 99, 101, 109, 120, 121, 122, 123, 136, 137, 140, 152, 154, 164, 165], "summary": {"covered_lines": 43, "num_statements": 55, "percent_covered": 78.18181818181819, "percent_covered_display": "78", "missing_lines": 12, "excluded_lines": 0, "percent_statements_covered": 78.18181818181819, "percent_statements_covered_display": "78"}, "missing_lines": [70, 71, 72, 73, 76, 83, 84, 85, 89, 90, 134, 135], "excluded_lines": [], "start_line": 1}}}, "app/tasks/scheduler.py": {"executed_lines": [], "summary": {"covered_lines": 0, "num_statements": 35, "percent_covered": 0.0, "percent_covered_display": "0", "missing_lines": 35, "excluded_lines": 0, "percent_statements_covered": 0.0, "percent_statements_covered_display": "0"}, "missing_lines": [5, 6, 7, 8, 10, 13, 16, 20, 22, 23, 27, 30, 31, 32, 33, 34, 35, 39, 48, 57, 66, 75, 84, 93, 94, 97, 98, 100, 101, 103, 104, 105, 107, 110, 112], "excluded_lines": [], "functions": {"init_scheduler": {"executed_lines": [], "summary": {"covered_lines": 0, "num_statements": 6, "percent_covered": 0.0, "percent_covered_display": "0", "missing_lines": 6, "excluded_lines": 0, "percent_statements_covered": 0.0, "percent_statements_covered_display": "0"}, "missing_lines": [20, 22, 23, 100, 101, 107], "excluded_lines": [], "start_line": 16}, "init_scheduler.start_scheduler": {"executed_lines": [], "summary": {"covered_lines": 0, "num_statements": 17, "percent_covered": 0.0, "percent_covered_display": "0", "missing_lines": 17, "excluded_lines": 0, "percent_statements_covered": 0.0, "percent_statements_covered_display": "0"}, "missing_lines": [27, 30, 31, 32, 33, 34, 35, 39, 48, 57, 66, 75, 84, 93, 94, 97, 98], "excluded_lines": [], "start_line": 23}, "init_scheduler.stop_scheduler": {"executed_lines": [], "summary": {"covered_lines": 0, "num_statements": 3, "percent_covered": 0.0, "percent_covered_display": "0", "missing_lines": 3, "excluded_lines": 0, "percent_statements_covered": 0.0, "percent_statements_covered_display": "0"}, "missing_lines": [103, 104, 105], "excluded_lines": [], "start_line": 101}, "get_scheduler": {"executed_lines": [], "summary": {"covered_lines": 0, "num_statements": 1, "percent_covered": 0.0, "percent_covered_display": "0", "missing_lines": 1, "excluded_lines": 0, "percent_statements_covered": 0.0, "percent_statements_covered_display": "0"}, "missing_lines": [112], "excluded_lines": [], "start_line": 110}, "": {"executed_lines": [], "summary": {"covered_lines": 0, "num_statements": 8, "percent_covered": 0.0, "percent_covered_display": "0", "missing_lines": 8, "excluded_lines": 0, "percent_statements_covered": 0.0, "percent_statements_covered_display": "0"}, "missing_lines": [5, 6, 7, 8, 10, 13, 16, 110], "excluded_lines": [], "start_line": 1}}, "classes": {"": {"executed_lines": [], "summary": {"covered_lines": 0, "num_statements": 35, "percent_covered": 0.0, "percent_covered_display": "0", "missing_lines": 35, "excluded_lines": 0, "percent_statements_covered": 0.0, "percent_statements_covered_display": "0"}, "missing_lines": [5, 6, 7, 8, 10, 13, 16, 20, 22, 23, 27, 30, 31, 32, 33, 34, 35, 39, 48, 57, 66, 75, 84, 93, 94, 97, 98, 100, 101, 103, 104, 105, 107, 110, 112], "excluded_lines": [], "start_line": 1}}}, "app/tasks/usage_sync.py": {"executed_lines": [6, 7, 8, 9, 11, 12, 14, 17, 24, 26, 28, 30, 33, 36, 38, 41, 42, 43, 46, 48, 50, 106, 108, 116, 127, 128, 130, 131, 144, 145, 148, 160, 170, 171], "summary": {"covered_lines": 34, "num_statements": 56, "percent_covered": 60.714285714285715, "percent_covered_display": "61", "missing_lines": 22, "excluded_lines": 0, "percent_statements_covered": 60.714285714285715, "percent_statements_covered_display": "61"}, "missing_lines": [51, 53, 59, 60, 63, 64, 67, 73, 75, 82, 83, 84, 89, 96, 97, 98, 100, 101, 102, 103, 142, 143], "excluded_lines": [], "functions": {"sync_daily_usage": {"executed_lines": [24, 26, 28, 30, 33, 36, 38, 41, 42, 43, 46, 48, 50, 106, 108, 116, 127, 128, 130, 131, 144, 145], "summary": {"covered_lines": 22, "num_statements": 44, "percent_covered": 50.0, "percent_covered_display": "50", "missing_lines": 22, "excluded_lines": 0, "percent_statements_covered": 50.0, "percent_statements_covered_display": "50"}, "missing_lines": [51, 53, 59, 60, 63, 64, 67, 73, 75, 82, 83, 84, 89, 96, 97, 98, 100, 101, 102, 103, 142, 143], "excluded_lines": [], "start_line": 17}, "_log_sync_task": {"executed_lines": [160, 170, 171], "summary": {"covered_lines": 3, "num_statements": 3, "percent_covered": 100.0, "percent_covered_display": "100", "missing_lines": 0, "excluded_lines": 0, "percent_statements_covered": 100.0, "percent_statements_covered_display": "100"}, "missing_lines": [], "excluded_lines": [], "start_line": 148}, "": {"executed_lines": [6, 7, 8, 9, 11, 12, 14, 17, 148], "summary": {"covered_lines": 9, "num_statements": 9, "percent_covered": 100.0, "percent_covered_display": "100", "missing_lines": 0, "excluded_lines": 0, "percent_statements_covered": 100.0, "percent_statements_covered_display": "100"}, "missing_lines": [], "excluded_lines": [], "start_line": 1}}, "classes": {"": {"executed_lines": [6, 7, 8, 9, 11, 12, 14, 17, 24, 26, 28, 30, 33, 36, 38, 41, 42, 43, 46, 48, 50, 106, 108, 116, 127, 128, 130, 131, 144, 145, 148, 160, 170, 171], "summary": {"covered_lines": 34, "num_statements": 56, "percent_covered": 60.714285714285715, "percent_covered_display": "61", "missing_lines": 22, "excluded_lines": 0, "percent_statements_covered": 60.714285714285715, "percent_statements_covered_display": "61"}, "missing_lines": [51, 53, 59, 60, 63, 64, 67, 73, 75, 82, 83, 84, 89, 96, 97, 98, 100, 101, 102, 103, 142, 143], "excluded_lines": [], "start_line": 1}}}, "app/tasks/webhook_cleanup.py": {"executed_lines": [6, 7, 8, 9, 11, 13, 16, 19], "summary": {"covered_lines": 8, "num_statements": 23, "percent_covered": 34.78260869565217, "percent_covered_display": "35", "missing_lines": 15, "excluded_lines": 0, "percent_statements_covered": 34.78260869565217, "percent_statements_covered_display": "35"}, "missing_lines": [25, 27, 30, 36, 37, 39, 40, 41, 44, 51, 53, 60, 61, 62, 63], "excluded_lines": [], "functions": {"cleanup_webhook_signatures": {"executed_lines": [], "summary": {"covered_lines": 0, "num_statements": 15, "percent_covered": 0.0, "percent_covered_display": "0", "missing_lines": 15, "excluded_lines": 0, "percent_statements_covered": 0.0, "percent_statements_covered_display": "0"}, "missing_lines": [25, 27, 30, 36, 37, 39, 40, 41, 44, 51, 53, 60, 61, 62, 63], "excluded_lines": [], "start_line": 19}, "": {"executed_lines": [6, 7, 8, 9, 11, 13, 16, 19], "summary": {"covered_lines": 8, "num_statements": 8, "percent_covered": 100.0, "percent_covered_display": "100", "missing_lines": 0, "excluded_lines": 0, "percent_statements_covered": 100.0, "percent_statements_covered_display": "100"}, "missing_lines": [], "excluded_lines": [], "start_line": 1}}, "classes": {"": {"executed_lines": [6, 7, 8, 9, 11, 13, 16, 19], "summary": {"covered_lines": 8, "num_statements": 23, "percent_covered": 34.78260869565217, "percent_covered_display": "35", "missing_lines": 15, "excluded_lines": 0, "percent_statements_covered": 34.78260869565217, "percent_statements_covered_display": "35"}, "missing_lines": [25, 27, 30, 36, 37, 39, 40, 41, 44, 51, 53, 60, 61, 62, 63], "excluded_lines": [], "start_line": 1}}}}, "totals": {"covered_lines": 1758, "num_statements": 4358, "percent_covered": 40.33960532354291, "percent_covered_display": "40", "missing_lines": 2600, "excluded_lines": 1, "percent_statements_covered": 40.33960532354291, "percent_statements_covered_display": "40"}}