{"meta": {"format": 3, "version": "7.13.4", "timestamp": "2026-04-04T00:20:39.394100", "branch_coverage": false, "show_contexts": false}, "files": {"app/__init__.py": {"executed_lines": [3], "summary": {"covered_lines": 1, "num_statements": 1, "percent_covered": 100.0, "percent_covered_display": "100", "missing_lines": 0, "excluded_lines": 0, "percent_statements_covered": 100.0, "percent_statements_covered_display": "100"}, "missing_lines": [], "excluded_lines": [], "functions": {"": {"executed_lines": [3], "summary": {"covered_lines": 1, "num_statements": 1, "percent_covered": 100.0, "percent_covered_display": "100", "missing_lines": 0, "excluded_lines": 0, "percent_statements_covered": 100.0, "percent_statements_covered_display": "100"}, "missing_lines": [], "excluded_lines": [], "start_line": 1}}, "classes": {"": {"executed_lines": [3], "summary": {"covered_lines": 1, "num_statements": 1, "percent_covered": 100.0, "percent_covered_display": "100", "missing_lines": 0, "excluded_lines": 0, "percent_statements_covered": 100.0, "percent_statements_covered_display": "100"}, "missing_lines": [], "excluded_lines": [], "start_line": 1}}}, "app/config.py": {"executed_lines": [1, 2, 3, 4, 5, 8, 12, 13, 14, 17, 18, 19, 22, 23, 26, 30, 31, 32, 35, 36, 37, 38, 41, 42, 45, 46, 47, 48, 51, 52, 55, 63, 65, 66, 67, 70, 71, 73, 76], "summary": {"covered_lines": 39, "num_statements": 39, "percent_covered": 100.0, "percent_covered_display": "100", "missing_lines": 0, "excluded_lines": 0, "percent_statements_covered": 100.0, "percent_statements_covered_display": "100"}, "missing_lines": [], "excluded_lines": [], "functions": {"get_settings": {"executed_lines": [73], "summary": {"covered_lines": 1, "num_statements": 1, "percent_covered": 100.0, "percent_covered_display": "100", "missing_lines": 0, "excluded_lines": 0, "percent_statements_covered": 100.0, "percent_statements_covered_display": "100"}, "missing_lines": [], "excluded_lines": [], "start_line": 71}, "": {"executed_lines": [1, 2, 3, 4, 5, 8, 12, 13, 14, 17, 18, 19, 22, 23, 26, 30, 31, 32, 35, 36, 37, 38, 41, 42, 45, 46, 47, 48, 51, 52, 55, 63, 65, 66, 67, 70, 71, 76], "summary": {"covered_lines": 38, "num_statements": 38, "percent_covered": 100.0, "percent_covered_display": "100", "missing_lines": 0, "excluded_lines": 0, "percent_statements_covered": 100.0, "percent_statements_covered_display": "100"}, "missing_lines": [], "excluded_lines": [], "start_line": 1}}, "classes": {"Settings": {"executed_lines": [], "summary": {"covered_lines": 0, "num_statements": 0, "percent_covered": 100.0, "percent_covered_display": "100", "missing_lines": 0, "excluded_lines": 0, "percent_statements_covered": 100.0, "percent_statements_covered_display": "100"}, "missing_lines": [], "excluded_lines": [], "start_line": 8}, "Settings.Config": {"executed_lines": [], "summary": {"covered_lines": 0, "num_statements": 0, "percent_covered": 100.0, "percent_covered_display": "100", "missing_lines": 0, "excluded_lines": 0, "percent_statements_covered": 100.0, "percent_statements_covered_display": "100"}, "missing_lines": [], "excluded_lines": [], "start_line": 65}, "": {"executed_lines": [1, 2, 3, 4, 5, 8, 12, 13, 14, 17, 18, 19, 22, 23, 26, 30, 31, 32, 35, 36, 37, 38, 41, 42, 45, 46, 47, 48, 51, 52, 55, 63, 65, 66, 67, 70, 71, 73, 76], "summary": {"covered_lines": 39, "num_statements": 39, "percent_covered": 100.0, "percent_covered_display": "100", "missing_lines": 0, "excluded_lines": 0, "percent_statements_covered": 100.0, "percent_statements_covered_display": "100"}, "missing_lines": [], "excluded_lines": [], "start_line": 1}}}, "app/main.py": {"executed_lines": [], "summary": {"covered_lines": 0, "num_statements": 84, "percent_covered": 0.0, "percent_covered_display": "0", "missing_lines": 84, "excluded_lines": 0, "percent_statements_covered": 0.0, "percent_statements_covered_display": "0"}, "missing_lines": [1, 2, 3, 4, 10, 11, 12, 13, 14, 17, 29, 32, 41, 42, 43, 47, 48, 51, 52, 55, 56, 60, 65, 67, 68, 69, 71, 72, 73, 74, 77, 78, 79, 81, 82, 83, 84, 87, 90, 91, 92, 93, 94, 95, 96, 97, 98, 99, 100, 102, 103, 104, 105, 106, 107, 108, 109, 110, 111, 112, 113, 114, 117, 119, 122, 123, 125, 133, 134, 136, 145, 146, 147, 149, 150, 153, 154, 155, 156, 158, 160, 164, 167, 168], "excluded_lines": [], "functions": {"create_app": {"executed_lines": [], "summary": {"covered_lines": 0, "num_statements": 60, "percent_covered": 0.0, "percent_covered_display": "0", "missing_lines": 60, "excluded_lines": 0, "percent_statements_covered": 0.0, "percent_statements_covered_display": "0"}, "missing_lines": [29, 32, 41, 42, 43, 47, 48, 51, 52, 55, 56, 60, 65, 67, 68, 71, 72, 77, 78, 79, 81, 82, 83, 84, 87, 90, 91, 92, 93, 94, 95, 96, 97, 98, 99, 100, 102, 103, 104, 105, 106, 107, 108, 109, 110, 111, 112, 113, 114, 117, 119, 122, 123, 133, 134, 145, 146, 153, 154, 160], "excluded_lines": [], "start_line": 17}, "create_app.db_session_middleware": {"executed_lines": [], "summary": {"covered_lines": 0, "num_statements": 1, "percent_covered": 0.0, "percent_covered_display": "0", "missing_lines": 1, "excluded_lines": 0, "percent_statements_covered": 0.0, "percent_statements_covered_display": "0"}, "missing_lines": [69], "excluded_lines": [], "start_line": 68}, "create_app.close_db_session": {"executed_lines": [], "summary": {"covered_lines": 0, "num_statements": 2, "percent_covered": 0.0, "percent_covered_display": "0", "missing_lines": 2, "excluded_lines": 0, "percent_statements_covered": 0.0, "percent_statements_covered_display": "0"}, "missing_lines": [73, 74], "excluded_lines": [], "start_line": 72}, "create_app.health_check": {"executed_lines": [], "summary": {"covered_lines": 0, "num_statements": 1, "percent_covered": 0.0, "percent_covered_display": "0", "missing_lines": 1, "excluded_lines": 0, "percent_statements_covered": 0.0, "percent_statements_covered_display": "0"}, "missing_lines": [125], "excluded_lines": [], "start_line": 123}, "create_app.index": {"executed_lines": [], "summary": {"covered_lines": 0, "num_statements": 1, "percent_covered": 0.0, "percent_covered_display": "0", "missing_lines": 1, "excluded_lines": 0, "percent_statements_covered": 0.0, "percent_statements_covered_display": "0"}, "missing_lines": [136], "excluded_lines": [], "start_line": 134}, "create_app.on_start": {"executed_lines": [], "summary": {"covered_lines": 0, "num_statements": 3, "percent_covered": 0.0, "percent_covered_display": "0", "missing_lines": 3, "excluded_lines": 0, "percent_statements_covered": 0.0, "percent_statements_covered_display": "0"}, "missing_lines": [147, 149, 150], "excluded_lines": [], "start_line": 146}, "create_app.on_shutdown": {"executed_lines": [], "summary": {"covered_lines": 0, "num_statements": 3, "percent_covered": 0.0, "percent_covered_display": "0", "missing_lines": 3, "excluded_lines": 0, "percent_statements_covered": 0.0, "percent_statements_covered_display": "0"}, "missing_lines": [155, 156, 158], "excluded_lines": [], "start_line": 154}, "": {"executed_lines": [], "summary": {"covered_lines": 0, "num_statements": 13, "percent_covered": 0.0, "percent_covered_display": "0", "missing_lines": 13, "excluded_lines": 0, "percent_statements_covered": 0.0, "percent_statements_covered_display": "0"}, "missing_lines": [1, 2, 3, 4, 10, 11, 12, 13, 14, 17, 164, 167, 168], "excluded_lines": [], "start_line": 1}}, "classes": {"": {"executed_lines": [], "summary": {"covered_lines": 0, "num_statements": 84, "percent_covered": 0.0, "percent_covered_display": "0", "missing_lines": 84, "excluded_lines": 0, "percent_statements_covered": 0.0, "percent_statements_covered_display": "0"}, "missing_lines": [1, 2, 3, 4, 10, 11, 12, 13, 14, 17, 29, 32, 41, 42, 43, 47, 48, 51, 52, 55, 56, 60, 65, 67, 68, 69, 71, 72, 73, 74, 77, 78, 79, 81, 82, 83, 84, 87, 90, 91, 92, 93, 94, 95, 96, 97, 98, 99, 100, 102, 103, 104, 105, 106, 107, 108, 109, 110, 111, 112, 113, 114, 117, 119, 122, 123, 125, 133, 134, 136, 145, 146, 147, 149, 150, 153, 154, 155, 156, 158, 160, 164, 167, 168], "excluded_lines": [], "start_line": 1}}}, "app/middleware/__init__.py": {"executed_lines": [], "summary": {"covered_lines": 0, "num_statements": 2, "percent_covered": 0.0, "percent_covered_display": "0", "missing_lines": 2, "excluded_lines": 0, "percent_statements_covered": 0.0, "percent_statements_covered_display": "0"}, "missing_lines": [3, 5], "excluded_lines": [], "functions": {"": {"executed_lines": [], "summary": {"covered_lines": 0, "num_statements": 2, "percent_covered": 0.0, "percent_covered_display": "0", "missing_lines": 2, "excluded_lines": 0, "percent_statements_covered": 0.0, "percent_statements_covered_display": "0"}, "missing_lines": [3, 5], "excluded_lines": [], "start_line": 1}}, "classes": {"": {"executed_lines": [], "summary": {"covered_lines": 0, "num_statements": 2, "percent_covered": 0.0, "percent_covered_display": "0", "missing_lines": 2, "excluded_lines": 0, "percent_statements_covered": 0.0, "percent_statements_covered_display": "0"}, "missing_lines": [3, 5], "excluded_lines": [], "start_line": 1}}}, "app/middleware/auth.py": {"executed_lines": [], "summary": {"covered_lines": 0, "num_statements": 73, "percent_covered": 0.0, "percent_covered_display": "0", "missing_lines": 73, "excluded_lines": 0, "percent_statements_covered": 0.0, "percent_statements_covered_display": "0"}, "missing_lines": [3, 4, 5, 6, 7, 8, 9, 10, 11, 14, 17, 18, 20, 22, 23, 26, 33, 34, 35, 38, 39, 41, 42, 43, 45, 46, 49, 51, 52, 56, 57, 58, 59, 60, 61, 65, 66, 67, 72, 73, 74, 75, 76, 78, 79, 82, 84, 87, 90, 91, 92, 93, 95, 96, 99, 100, 102, 104, 105, 107, 110, 111, 113, 115, 117, 120, 123, 124, 125, 127, 128, 130, 132], "excluded_lines": [], "functions": {"auth_middleware": {"executed_lines": [], "summary": {"covered_lines": 0, "num_statements": 2, "percent_covered": 0.0, "percent_covered_display": "0", "missing_lines": 2, "excluded_lines": 0, "percent_statements_covered": 0.0, "percent_statements_covered_display": "0"}, "missing_lines": [17, 18], "excluded_lines": [], "start_line": 14}, "auth_middleware.authenticate": {"executed_lines": [], "summary": {"covered_lines": 0, "num_statements": 33, "percent_covered": 0.0, "percent_covered_display": "0", "missing_lines": 33, "excluded_lines": 0, "percent_statements_covered": 0.0, "percent_statements_covered_display": "0"}, "missing_lines": [20, 22, 23, 26, 33, 34, 35, 38, 39, 41, 42, 43, 45, 46, 49, 51, 52, 56, 57, 58, 59, 60, 61, 65, 66, 67, 72, 73, 74, 75, 76, 78, 79], "excluded_lines": [], "start_line": 18}, "get_current_user": {"executed_lines": [], "summary": {"covered_lines": 0, "num_statements": 1, "percent_covered": 0.0, "percent_covered_display": "0", "missing_lines": 1, "excluded_lines": 0, "percent_statements_covered": 0.0, "percent_statements_covered_display": "0"}, "missing_lines": [84], "excluded_lines": [], "start_line": 82}, "require_permission": {"executed_lines": [], "summary": {"covered_lines": 0, "num_statements": 3, "percent_covered": 0.0, "percent_covered_display": "0", "missing_lines": 3, "excluded_lines": 0, "percent_statements_covered": 0.0, "percent_statements_covered_display": "0"}, "missing_lines": [90, 91, 117], "excluded_lines": [], "start_line": 87}, "require_permission.decorator": {"executed_lines": [], "summary": {"covered_lines": 0, "num_statements": 2, "percent_covered": 0.0, "percent_covered_display": "0", "missing_lines": 2, "excluded_lines": 0, "percent_statements_covered": 0.0, "percent_statements_covered_display": "0"}, "missing_lines": [92, 115], "excluded_lines": [], "start_line": 90}, "require_permission.decorator.decorated_function": {"executed_lines": [], "summary": {"covered_lines": 0, "num_statements": 12, "percent_covered": 0.0, "percent_covered_display": "0", "missing_lines": 12, "excluded_lines": 0, "percent_statements_covered": 0.0, "percent_statements_covered_display": "0"}, "missing_lines": [93, 95, 96, 99, 100, 102, 104, 105, 107, 110, 111, 113], "excluded_lines": [], "start_line": 92}, "auth_required": {"executed_lines": [], "summary": {"covered_lines": 0, "num_statements": 3, "percent_covered": 0.0, "percent_covered_display": "0", "missing_lines": 3, "excluded_lines": 0, "percent_statements_covered": 0.0, "percent_statements_covered_display": "0"}, "missing_lines": [123, 124, 132], "excluded_lines": [], "start_line": 120}, "auth_required.decorated_function": {"executed_lines": [], "summary": {"covered_lines": 0, "num_statements": 4, "percent_covered": 0.0, "percent_covered_display": "0", "missing_lines": 4, "excluded_lines": 0, "percent_statements_covered": 0.0, "percent_statements_covered_display": "0"}, "missing_lines": [125, 127, 128, 130], "excluded_lines": [], "start_line": 124}, "": {"executed_lines": [], "summary": {"covered_lines": 0, "num_statements": 13, "percent_covered": 0.0, "percent_covered_display": "0", "missing_lines": 13, "excluded_lines": 0, "percent_statements_covered": 0.0, "percent_statements_covered_display": "0"}, "missing_lines": [3, 4, 5, 6, 7, 8, 9, 10, 11, 14, 82, 87, 120], "excluded_lines": [], "start_line": 1}}, "classes": {"": {"executed_lines": [], "summary": {"covered_lines": 0, "num_statements": 73, "percent_covered": 0.0, "percent_covered_display": "0", "missing_lines": 73, "excluded_lines": 0, "percent_statements_covered": 0.0, "percent_statements_covered_display": "0"}, "missing_lines": [3, 4, 5, 6, 7, 8, 9, 10, 11, 14, 17, 18, 20, 22, 23, 26, 33, 34, 35, 38, 39, 41, 42, 43, 45, 46, 49, 51, 52, 56, 57, 58, 59, 60, 61, 65, 66, 67, 72, 73, 74, 75, 76, 78, 79, 82, 84, 87, 90, 91, 92, 93, 95, 96, 99, 100, 102, 104, 105, 107, 110, 111, 113, 115, 117, 120, 123, 124, 125, 127, 128, 130, 132], "excluded_lines": [], "start_line": 1}}}, "app/models/__init__.py": {"executed_lines": [3, 6, 9, 13, 16], "summary": {"covered_lines": 5, "num_statements": 5, "percent_covered": 100.0, "percent_covered_display": "100", "missing_lines": 0, "excluded_lines": 0, "percent_statements_covered": 100.0, "percent_statements_covered_display": "100"}, "missing_lines": [], "excluded_lines": [], "functions": {"": {"executed_lines": [3, 6, 9, 13, 16], "summary": {"covered_lines": 5, "num_statements": 5, "percent_covered": 100.0, "percent_covered_display": "100", "missing_lines": 0, "excluded_lines": 0, "percent_statements_covered": 100.0, "percent_statements_covered_display": "100"}, "missing_lines": [], "excluded_lines": [], "start_line": 1}}, "classes": {"Base": {"executed_lines": [], "summary": {"covered_lines": 0, "num_statements": 0, "percent_covered": 100.0, "percent_covered_display": "100", "missing_lines": 0, "excluded_lines": 0, "percent_statements_covered": 100.0, "percent_statements_covered_display": "100"}, "missing_lines": [], "excluded_lines": [], "start_line": 6}, "": {"executed_lines": [3, 6, 9, 13, 16], "summary": {"covered_lines": 5, "num_statements": 5, "percent_covered": 100.0, "percent_covered_display": "100", "missing_lines": 0, "excluded_lines": 0, "percent_statements_covered": 100.0, "percent_statements_covered_display": "100"}, "missing_lines": [], "excluded_lines": [], "start_line": 1}}}, "app/models/base.py": {"executed_lines": [3, 4, 5, 8, 11, 12, 17, 20, 23, 26, 28], "summary": {"covered_lines": 11, "num_statements": 11, "percent_covered": 100.0, "percent_covered_display": "100", "missing_lines": 0, "excluded_lines": 0, "percent_statements_covered": 100.0, "percent_statements_covered_display": "100"}, "missing_lines": [], "excluded_lines": [], "functions": {"": {"executed_lines": [3, 4, 5, 8, 11, 12, 17, 20, 23, 26, 28], "summary": {"covered_lines": 11, "num_statements": 11, "percent_covered": 100.0, "percent_covered_display": "100", "missing_lines": 0, "excluded_lines": 0, "percent_statements_covered": 100.0, "percent_statements_covered_display": "100"}, "missing_lines": [], "excluded_lines": [], "start_line": 1}}, "classes": {"TimestampMixin": {"executed_lines": [], "summary": {"covered_lines": 0, "num_statements": 0, "percent_covered": 100.0, "percent_covered_display": "100", "missing_lines": 0, "excluded_lines": 0, "percent_statements_covered": 100.0, "percent_statements_covered_display": "100"}, "missing_lines": [], "excluded_lines": [], "start_line": 8}, "SoftDeleteMixin": {"executed_lines": [], "summary": {"covered_lines": 0, "num_statements": 0, "percent_covered": 100.0, "percent_covered_display": "100", "missing_lines": 0, "excluded_lines": 0, "percent_statements_covered": 100.0, "percent_statements_covered_display": "100"}, "missing_lines": [], "excluded_lines": [], "start_line": 17}, "BaseModel": {"executed_lines": [], "summary": {"covered_lines": 0, "num_statements": 0, "percent_covered": 100.0, "percent_covered_display": "100", "missing_lines": 0, "excluded_lines": 0, "percent_statements_covered": 100.0, "percent_statements_covered_display": "100"}, "missing_lines": [], "excluded_lines": [], "start_line": 23}, "": {"executed_lines": [3, 4, 5, 8, 11, 12, 17, 20, 23, 26, 28], "summary": {"covered_lines": 11, "num_statements": 11, "percent_covered": 100.0, "percent_covered_display": "100", "missing_lines": 0, "excluded_lines": 0, "percent_statements_covered": 100.0, "percent_statements_covered_display": "100"}, "missing_lines": [], "excluded_lines": [], "start_line": 1}}}, "app/models/billing.py": {"executed_lines": [3, 15, 16, 17, 20, 23, 24, 25, 26, 27, 28, 31, 34, 36, 39, 40, 41, 42, 43, 44, 47, 49, 53, 56, 58, 59, 60, 62, 63, 64, 67, 70, 72, 73, 74, 75, 76, 77, 78, 79, 80, 81, 84, 87, 89, 90, 91, 92, 93, 94, 95, 96, 98, 101, 102, 103, 104, 105, 106, 107, 108, 111, 115, 123, 126, 128, 131, 132, 133, 134, 136, 139, 142, 145, 147, 148, 149, 150, 151, 152, 155, 158, 160, 161, 162, 163, 164, 166, 172, 175, 177, 178, 183, 184, 185, 186, 189, 190, 193, 196, 199, 201, 202, 203, 204, 205, 206, 207], "summary": {"covered_lines": 108, "num_statements": 109, "percent_covered": 99.08256880733946, "percent_covered_display": "99", "missing_lines": 1, "excluded_lines": 0, "percent_statements_covered": 99.08256880733946, "percent_statements_covered_display": "99"}, "missing_lines": [50], "excluded_lines": [], "functions": {"CustomerBalance.__repr__": {"executed_lines": [], "summary": {"covered_lines": 0, "num_statements": 1, "percent_covered": 0.0, "percent_covered_display": "0", "missing_lines": 1, "excluded_lines": 0, "percent_statements_covered": 0.0, "percent_statements_covered_display": "0"}, "missing_lines": [50], "excluded_lines": [], "start_line": 49}, "": {"executed_lines": [3, 15, 16, 17, 20, 23, 24, 25, 26, 27, 28, 31, 34, 36, 39, 40, 41, 42, 43, 44, 47, 49, 53, 56, 58, 59, 60, 62, 63, 64, 67, 70, 72, 73, 74, 75, 76, 77, 78, 79, 80, 81, 84, 87, 89, 90, 91, 92, 93, 94, 95, 96, 98, 101, 102, 103, 104, 105, 106, 107, 108, 111, 115, 123, 126, 128, 131, 132, 133, 134, 136, 139, 142, 145, 147, 148, 149, 150, 151, 152, 155, 158, 160, 161, 162, 163, 164, 166, 172, 175, 177, 178, 183, 184, 185, 186, 189, 190, 193, 196, 199, 201, 202, 203, 204, 205, 206, 207], "summary": {"covered_lines": 108, "num_statements": 108, "percent_covered": 100.0, "percent_covered_display": "100", "missing_lines": 0, "excluded_lines": 0, "percent_statements_covered": 100.0, "percent_statements_covered_display": "100"}, "missing_lines": [], "excluded_lines": [], "start_line": 1}}, "classes": {"InvoiceStatus": {"executed_lines": [], "summary": {"covered_lines": 0, "num_statements": 0, "percent_covered": 100.0, "percent_covered_display": "100", "missing_lines": 0, "excluded_lines": 0, "percent_statements_covered": 100.0, "percent_statements_covered_display": "100"}, "missing_lines": [], "excluded_lines": [], "start_line": 20}, "CustomerBalance": {"executed_lines": [], "summary": {"covered_lines": 0, "num_statements": 1, "percent_covered": 0.0, "percent_covered_display": "0", "missing_lines": 1, "excluded_lines": 0, "percent_statements_covered": 0.0, "percent_statements_covered_display": "0"}, "missing_lines": [50], "excluded_lines": [], "start_line": 31}, "RechargeRecord": {"executed_lines": [], "summary": {"covered_lines": 0, "num_statements": 0, "percent_covered": 100.0, "percent_covered_display": "100", "missing_lines": 0, "excluded_lines": 0, "percent_statements_covered": 100.0, "percent_statements_covered_display": "100"}, "missing_lines": [], "excluded_lines": [], "start_line": 53}, "PricingRule": {"executed_lines": [], "summary": {"covered_lines": 0, "num_statements": 0, "percent_covered": 100.0, "percent_covered_display": "100", "missing_lines": 0, "excluded_lines": 0, "percent_statements_covered": 100.0, "percent_statements_covered_display": "100"}, "missing_lines": [], "excluded_lines": [], "start_line": 67}, "Invoice": {"executed_lines": [], "summary": {"covered_lines": 0, "num_statements": 0, "percent_covered": 100.0, "percent_covered_display": "100", "missing_lines": 0, "excluded_lines": 0, "percent_statements_covered": 100.0, "percent_statements_covered_display": "100"}, "missing_lines": [], "excluded_lines": [], "start_line": 84}, "InvoiceItem": {"executed_lines": [], "summary": {"covered_lines": 0, "num_statements": 0, "percent_covered": 100.0, "percent_covered_display": "100", "missing_lines": 0, "excluded_lines": 0, "percent_statements_covered": 100.0, "percent_statements_covered_display": "100"}, "missing_lines": [], "excluded_lines": [], "start_line": 123}, "ConsumptionRecord": {"executed_lines": [], "summary": {"covered_lines": 0, "num_statements": 0, "percent_covered": 100.0, "percent_covered_display": "100", "missing_lines": 0, "excluded_lines": 0, "percent_statements_covered": 100.0, "percent_statements_covered_display": "100"}, "missing_lines": [], "excluded_lines": [], "start_line": 142}, "DailyUsage": {"executed_lines": [], "summary": {"covered_lines": 0, "num_statements": 0, "percent_covered": 100.0, "percent_covered_display": "100", "missing_lines": 0, "excluded_lines": 0, "percent_statements_covered": 100.0, "percent_statements_covered_display": "100"}, "missing_lines": [], "excluded_lines": [], "start_line": 155}, "SyncTaskLog": {"executed_lines": [], "summary": {"covered_lines": 0, "num_statements": 0, "percent_covered": 100.0, "percent_covered_display": "100", "missing_lines": 0, "excluded_lines": 0, "percent_statements_covered": 100.0, "percent_statements_covered_display": "100"}, "missing_lines": [], "excluded_lines": [], "start_line": 172}, "AuditLog": {"executed_lines": [], "summary": {"covered_lines": 0, "num_statements": 0, "percent_covered": 100.0, "percent_covered_display": "100", "missing_lines": 0, "excluded_lines": 0, "percent_statements_covered": 100.0, "percent_statements_covered_display": "100"}, "missing_lines": [], "excluded_lines": [], "start_line": 196}, "": {"executed_lines": [3, 15, 16, 17, 20, 23, 24, 25, 26, 27, 28, 31, 34, 36, 39, 40, 41, 42, 43, 44, 47, 49, 53, 56, 58, 59, 60, 62, 63, 64, 67, 70, 72, 73, 74, 75, 76, 77, 78, 79, 80, 81, 84, 87, 89, 90, 91, 92, 93, 94, 95, 96, 98, 101, 102, 103, 104, 105, 106, 107, 108, 111, 115, 123, 126, 128, 131, 132, 133, 134, 136, 139, 142, 145, 147, 148, 149, 150, 151, 152, 155, 158, 160, 161, 162, 163, 164, 166, 172, 175, 177, 178, 183, 184, 185, 186, 189, 190, 193, 196, 199, 201, 202, 203, 204, 205, 206, 207], "summary": {"covered_lines": 108, "num_statements": 108, "percent_covered": 100.0, "percent_covered_display": "100", "missing_lines": 0, "excluded_lines": 0, "percent_statements_covered": 100.0, "percent_statements_covered_display": "100"}, "missing_lines": [], "excluded_lines": [], "start_line": 1}}}, "app/models/customers.py": {"executed_lines": [3, 16, 17, 20, 23, 25, 26, 27, 28, 29, 30, 31, 32, 33, 34, 35, 37, 43, 44, 45, 46, 48, 52, 55, 57, 60, 61, 62, 63, 64, 67, 68, 70], "summary": {"covered_lines": 33, "num_statements": 35, "percent_covered": 94.28571428571429, "percent_covered_display": "94", "missing_lines": 2, "excluded_lines": 0, "percent_statements_covered": 94.28571428571429, "percent_statements_covered_display": "94"}, "missing_lines": [49, 71], "excluded_lines": [], "functions": {"Customer.__repr__": {"executed_lines": [], "summary": {"covered_lines": 0, "num_statements": 1, "percent_covered": 0.0, "percent_covered_display": "0", "missing_lines": 1, "excluded_lines": 0, "percent_statements_covered": 0.0, "percent_statements_covered_display": "0"}, "missing_lines": [49], "excluded_lines": [], "start_line": 48}, "CustomerProfile.__repr__": {"executed_lines": [], "summary": {"covered_lines": 0, "num_statements": 1, "percent_covered": 0.0, "percent_covered_display": "0", "missing_lines": 1, "excluded_lines": 0, "percent_statements_covered": 0.0, "percent_statements_covered_display": "0"}, "missing_lines": [71], "excluded_lines": [], "start_line": 70}, "": {"executed_lines": [3, 16, 17, 20, 23, 25, 26, 27, 28, 29, 30, 31, 32, 33, 34, 35, 37, 43, 44, 45, 46, 48, 52, 55, 57, 60, 61, 62, 63, 64, 67, 68, 70], "summary": {"covered_lines": 33, "num_statements": 33, "percent_covered": 100.0, "percent_covered_display": "100", "missing_lines": 0, "excluded_lines": 0, "percent_statements_covered": 100.0, "percent_statements_covered_display": "100"}, "missing_lines": [], "excluded_lines": [], "start_line": 1}}, "classes": {"Customer": {"executed_lines": [], "summary": {"covered_lines": 0, "num_statements": 1, "percent_covered": 0.0, "percent_covered_display": "0", "missing_lines": 1, "excluded_lines": 0, "percent_statements_covered": 0.0, "percent_statements_covered_display": "0"}, "missing_lines": [49], "excluded_lines": [], "start_line": 20}, "CustomerProfile": {"executed_lines": [], "summary": {"covered_lines": 0, "num_statements": 1, "percent_covered": 0.0, "percent_covered_display": "0", "missing_lines": 1, "excluded_lines": 0, "percent_statements_covered": 0.0, "percent_statements_covered_display": "0"}, "missing_lines": [71], "excluded_lines": [], "start_line": 52}, "": {"executed_lines": [3, 16, 17, 20, 23, 25, 26, 27, 28, 29, 30, 31, 32, 33, 34, 35, 37, 43, 44, 45, 46, 48, 52, 55, 57, 60, 61, 62, 63, 64, 67, 68, 70], "summary": {"covered_lines": 33, "num_statements": 33, "percent_covered": 100.0, "percent_covered_display": "100", "missing_lines": 0, "excluded_lines": 0, "percent_statements_covered": 100.0, "percent_statements_covered_display": "100"}, "missing_lines": [], "excluded_lines": [], "start_line": 1}}}, "app/models/groups.py": {"executed_lines": [3, 12, 13, 16, 19, 21, 22, 23, 24, 25, 27, 29, 30, 35, 38, 40, 43, 50, 51, 53], "summary": {"covered_lines": 20, "num_statements": 20, "percent_covered": 100.0, "percent_covered_display": "100", "missing_lines": 0, "excluded_lines": 0, "percent_statements_covered": 100.0, "percent_statements_covered_display": "100"}, "missing_lines": [], "excluded_lines": [], "functions": {"": {"executed_lines": [3, 12, 13, 16, 19, 21, 22, 23, 24, 25, 27, 29, 30, 35, 38, 40, 43, 50, 51, 53], "summary": {"covered_lines": 20, "num_statements": 20, "percent_covered": 100.0, "percent_covered_display": "100", "missing_lines": 0, "excluded_lines": 0, "percent_statements_covered": 100.0, "percent_statements_covered_display": "100"}, "missing_lines": [], "excluded_lines": [], "start_line": 1}}, "classes": {"CustomerGroup": {"executed_lines": [], "summary": {"covered_lines": 0, "num_statements": 0, "percent_covered": 100.0, "percent_covered_display": "100", "missing_lines": 0, "excluded_lines": 0, "percent_statements_covered": 100.0, "percent_statements_covered_display": "100"}, "missing_lines": [], "excluded_lines": [], "start_line": 16}, "CustomerGroupMember": {"executed_lines": [], "summary": {"covered_lines": 0, "num_statements": 0, "percent_covered": 100.0, "percent_covered_display": "100", "missing_lines": 0, "excluded_lines": 0, "percent_statements_covered": 100.0, "percent_statements_covered_display": "100"}, "missing_lines": [], "excluded_lines": [], "start_line": 35}, "": {"executed_lines": [3, 12, 13, 16, 19, 21, 22, 23, 24, 25, 27, 29, 30, 35, 38, 40, 43, 50, 51, 53], "summary": {"covered_lines": 20, "num_statements": 20, "percent_covered": 100.0, "percent_covered_display": "100", "missing_lines": 0, "excluded_lines": 0, "percent_statements_covered": 100.0, "percent_statements_covered_display": "100"}, "missing_lines": [], "excluded_lines": [], "start_line": 1}}}, "app/models/tags.py": {"executed_lines": [3, 4, 5, 8, 11, 13, 14, 15, 16, 18, 24, 26, 30, 33, 35, 38, 43, 44, 47, 50, 52, 57, 62, 63], "summary": {"covered_lines": 24, "num_statements": 25, "percent_covered": 96.0, "percent_covered_display": "96", "missing_lines": 1, "excluded_lines": 0, "percent_statements_covered": 96.0, "percent_statements_covered_display": "96"}, "missing_lines": [27], "excluded_lines": [], "functions": {"Tag.__repr__": {"executed_lines": [], "summary": {"covered_lines": 0, "num_statements": 1, "percent_covered": 0.0, "percent_covered_display": "0", "missing_lines": 1, "excluded_lines": 0, "percent_statements_covered": 0.0, "percent_statements_covered_display": "0"}, "missing_lines": [27], "excluded_lines": [], "start_line": 26}, "": {"executed_lines": [3, 4, 5, 8, 11, 13, 14, 15, 16, 18, 24, 26, 30, 33, 35, 38, 43, 44, 47, 50, 52, 57, 62, 63], "summary": {"covered_lines": 24, "num_statements": 24, "percent_covered": 100.0, "percent_covered_display": "100", "missing_lines": 0, "excluded_lines": 0, "percent_statements_covered": 100.0, "percent_statements_covered_display": "100"}, "missing_lines": [], "excluded_lines": [], "start_line": 1}}, "classes": {"Tag": {"executed_lines": [], "summary": {"covered_lines": 0, "num_statements": 1, "percent_covered": 0.0, "percent_covered_display": "0", "missing_lines": 1, "excluded_lines": 0, "percent_statements_covered": 0.0, "percent_statements_covered_display": "0"}, "missing_lines": [27], "excluded_lines": [], "start_line": 8}, "CustomerTag": {"executed_lines": [], "summary": {"covered_lines": 0, "num_statements": 0, "percent_covered": 100.0, "percent_covered_display": "100", "missing_lines": 0, "excluded_lines": 0, "percent_statements_covered": 100.0, "percent_statements_covered_display": "100"}, "missing_lines": [], "excluded_lines": [], "start_line": 30}, "ProfileTag": {"executed_lines": [], "summary": {"covered_lines": 0, "num_statements": 0, "percent_covered": 100.0, "percent_covered_display": "100", "missing_lines": 0, "excluded_lines": 0, "percent_statements_covered": 100.0, "percent_statements_covered_display": "100"}, "missing_lines": [], "excluded_lines": [], "start_line": 47}, "": {"executed_lines": [3, 4, 5, 8, 11, 13, 14, 15, 16, 18, 24, 26, 30, 33, 35, 38, 43, 44, 47, 50, 52, 57, 62, 63], "summary": {"covered_lines": 24, "num_statements": 24, "percent_covered": 100.0, "percent_covered_display": "100", "missing_lines": 0, "excluded_lines": 0, "percent_statements_covered": 100.0, "percent_statements_covered_display": "100"}, "missing_lines": [], "excluded_lines": [], "start_line": 1}}}, "app/models/users.py": {"executed_lines": [3, 4, 5, 9, 22, 37, 40, 42, 43, 44, 45, 46, 47, 50, 51, 52, 54, 58, 61, 63, 64, 65, 68, 69, 73, 77, 80, 82, 83, 84, 85, 88, 92], "summary": {"covered_lines": 33, "num_statements": 36, "percent_covered": 91.66666666666667, "percent_covered_display": "92", "missing_lines": 3, "excluded_lines": 0, "percent_statements_covered": 91.66666666666667, "percent_statements_covered_display": "92"}, "missing_lines": [55, 74, 93], "excluded_lines": [], "functions": {"User.__repr__": {"executed_lines": [], "summary": {"covered_lines": 0, "num_statements": 1, "percent_covered": 0.0, "percent_covered_display": "0", "missing_lines": 1, "excluded_lines": 0, "percent_statements_covered": 0.0, "percent_statements_covered_display": "0"}, "missing_lines": [55], "excluded_lines": [], "start_line": 54}, "Role.__repr__": {"executed_lines": [], "summary": {"covered_lines": 0, "num_statements": 1, "percent_covered": 0.0, "percent_covered_display": "0", "missing_lines": 1, "excluded_lines": 0, "percent_statements_covered": 0.0, "percent_statements_covered_display": "0"}, "missing_lines": [74], "excluded_lines": [], "start_line": 73}, "Permission.__repr__": {"executed_lines": [], "summary": {"covered_lines": 0, "num_statements": 1, "percent_covered": 0.0, "percent_covered_display": "0", "missing_lines": 1, "excluded_lines": 0, "percent_statements_covered": 0.0, "percent_statements_covered_display": "0"}, "missing_lines": [93], "excluded_lines": [], "start_line": 92}, "": {"executed_lines": [3, 4, 5, 9, 22, 37, 40, 42, 43, 44, 45, 46, 47, 50, 51, 52, 54, 58, 61, 63, 64, 65, 68, 69, 73, 77, 80, 82, 83, 84, 85, 88, 92], "summary": {"covered_lines": 33, "num_statements": 33, "percent_covered": 100.0, "percent_covered_display": "100", "missing_lines": 0, "excluded_lines": 0, "percent_statements_covered": 100.0, "percent_statements_covered_display": "100"}, "missing_lines": [], "excluded_lines": [], "start_line": 1}}, "classes": {"User": {"executed_lines": [], "summary": {"covered_lines": 0, "num_statements": 1, "percent_covered": 0.0, "percent_covered_display": "0", "missing_lines": 1, "excluded_lines": 0, "percent_statements_covered": 0.0, "percent_statements_covered_display": "0"}, "missing_lines": [55], "excluded_lines": [], "start_line": 37}, "Role": {"executed_lines": [], "summary": {"covered_lines": 0, "num_statements": 1, "percent_covered": 0.0, "percent_covered_display": "0", "missing_lines": 1, "excluded_lines": 0, "percent_statements_covered": 0.0, "percent_statements_covered_display": "0"}, "missing_lines": [74], "excluded_lines": [], "start_line": 58}, "Permission": {"executed_lines": [], "summary": {"covered_lines": 0, "num_statements": 1, "percent_covered": 0.0, "percent_covered_display": "0", "missing_lines": 1, "excluded_lines": 0, "percent_statements_covered": 0.0, "percent_statements_covered_display": "0"}, "missing_lines": [93], "excluded_lines": [], "start_line": 77}, "": {"executed_lines": [3, 4, 5, 9, 22, 37, 40, 42, 43, 44, 45, 46, 47, 50, 51, 52, 54, 58, 61, 63, 64, 65, 68, 69, 73, 77, 80, 82, 83, 84, 85, 88, 92], "summary": {"covered_lines": 33, "num_statements": 33, "percent_covered": 100.0, "percent_covered_display": "100", "missing_lines": 0, "excluded_lines": 0, "percent_statements_covered": 100.0, "percent_statements_covered_display": "100"}, "missing_lines": [], "excluded_lines": [], "start_line": 1}}}, "app/models/webhooks.py": {"executed_lines": [3, 4, 5, 8, 11, 13, 16, 17, 18, 21, 23], "summary": {"covered_lines": 11, "num_statements": 12, "percent_covered": 91.66666666666667, "percent_covered_display": "92", "missing_lines": 1, "excluded_lines": 0, "percent_statements_covered": 91.66666666666667, "percent_statements_covered_display": "92"}, "missing_lines": [24], "excluded_lines": [], "functions": {"WebhookSignature.__repr__": {"executed_lines": [], "summary": {"covered_lines": 0, "num_statements": 1, "percent_covered": 0.0, "percent_covered_display": "0", "missing_lines": 1, "excluded_lines": 0, "percent_statements_covered": 0.0, "percent_statements_covered_display": "0"}, "missing_lines": [24], "excluded_lines": [], "start_line": 23}, "": {"executed_lines": [3, 4, 5, 8, 11, 13, 16, 17, 18, 21, 23], "summary": {"covered_lines": 11, "num_statements": 11, "percent_covered": 100.0, "percent_covered_display": "100", "missing_lines": 0, "excluded_lines": 0, "percent_statements_covered": 100.0, "percent_statements_covered_display": "100"}, "missing_lines": [], "excluded_lines": [], "start_line": 1}}, "classes": {"WebhookSignature": {"executed_lines": [], "summary": {"covered_lines": 0, "num_statements": 1, "percent_covered": 0.0, "percent_covered_display": "0", "missing_lines": 1, "excluded_lines": 0, "percent_statements_covered": 0.0, "percent_statements_covered_display": "0"}, "missing_lines": [24], "excluded_lines": [], "start_line": 8}, "": {"executed_lines": [3, 4, 5, 8, 11, 13, 16, 17, 18, 21, 23], "summary": {"covered_lines": 11, "num_statements": 11, "percent_covered": 100.0, "percent_covered_display": "100", "missing_lines": 0, "excluded_lines": 0, "percent_statements_covered": 100.0, "percent_statements_covered_display": "100"}, "missing_lines": [], "excluded_lines": [], "start_line": 1}}}, "app/routes/__init__.py": {"executed_lines": [], "summary": {"covered_lines": 0, "num_statements": 2, "percent_covered": 0.0, "percent_covered_display": "0", "missing_lines": 2, "excluded_lines": 0, "percent_statements_covered": 0.0, "percent_statements_covered_display": "0"}, "missing_lines": [3, 5], "excluded_lines": [], "functions": {"": {"executed_lines": [], "summary": {"covered_lines": 0, "num_statements": 2, "percent_covered": 0.0, "percent_covered_display": "0", "missing_lines": 2, "excluded_lines": 0, "percent_statements_covered": 0.0, "percent_statements_covered_display": "0"}, "missing_lines": [3, 5], "excluded_lines": [], "start_line": 1}}, "classes": {"": {"executed_lines": [], "summary": {"covered_lines": 0, "num_statements": 2, "percent_covered": 0.0, "percent_covered_display": "0", "missing_lines": 2, "excluded_lines": 0, "percent_statements_covered": 0.0, "percent_statements_covered_display": "0"}, "missing_lines": [3, 5], "excluded_lines": [], "start_line": 1}}}, "app/routes/analytics.py": {"executed_lines": [], "summary": {"covered_lines": 0, "num_statements": 169, "percent_covered": 0.0, "percent_covered_display": "0", "missing_lines": 169, "excluded_lines": 0, "percent_statements_covered": 0.0, "percent_statements_covered_display": "0"}, "missing_lines": [3, 4, 5, 6, 7, 8, 10, 13, 14, 15, 17, 18, 20, 21, 22, 24, 26, 28, 29, 31, 32, 34, 38, 41, 42, 43, 45, 46, 48, 49, 50, 52, 53, 55, 56, 58, 59, 61, 63, 66, 67, 68, 70, 71, 73, 74, 75, 77, 78, 80, 81, 83, 84, 86, 90, 93, 94, 95, 97, 98, 100, 101, 102, 104, 105, 107, 108, 110, 111, 113, 117, 120, 121, 122, 124, 125, 127, 128, 130, 131, 133, 134, 136, 137, 139, 141, 144, 145, 146, 148, 149, 151, 153, 156, 157, 158, 160, 161, 163, 165, 167, 170, 171, 172, 174, 175, 177, 179, 181, 184, 185, 186, 188, 189, 191, 193, 196, 197, 198, 200, 201, 203, 205, 208, 209, 210, 212, 213, 215, 217, 220, 221, 222, 224, 225, 227, 229, 232, 233, 234, 236, 237, 239, 241, 244, 245, 246, 248, 249, 251, 252, 253, 255, 259, 262, 263, 264, 266, 267, 269, 271, 274, 275, 276, 278, 279, 281, 283, 285], "excluded_lines": [], "functions": {"get_consumption_trend": {"executed_lines": [], "summary": {"covered_lines": 0, "num_statements": 13, "percent_covered": 0.0, "percent_covered_display": "0", "missing_lines": 13, "excluded_lines": 0, "percent_statements_covered": 0.0, "percent_statements_covered_display": "0"}, "missing_lines": [17, 18, 20, 21, 22, 24, 26, 28, 29, 31, 32, 34, 38], "excluded_lines": [], "start_line": 15}, "get_top_customers": {"executed_lines": [], "summary": {"covered_lines": 0, "num_statements": 13, "percent_covered": 0.0, "percent_covered_display": "0", "missing_lines": 13, "excluded_lines": 0, "percent_statements_covered": 0.0, "percent_statements_covered_display": "0"}, "missing_lines": [45, 46, 48, 49, 50, 52, 53, 55, 56, 58, 59, 61, 63], "excluded_lines": [], "start_line": 43}, "get_device_distribution": {"executed_lines": [], "summary": {"covered_lines": 0, "num_statements": 13, "percent_covered": 0.0, "percent_covered_display": "0", "missing_lines": 13, "excluded_lines": 0, "percent_statements_covered": 0.0, "percent_statements_covered_display": "0"}, "missing_lines": [70, 71, 73, 74, 75, 77, 78, 80, 81, 83, 84, 86, 90], "excluded_lines": [], "start_line": 68}, "get_payment_analysis": {"executed_lines": [], "summary": {"covered_lines": 0, "num_statements": 13, "percent_covered": 0.0, "percent_covered_display": "0", "missing_lines": 13, "excluded_lines": 0, "percent_statements_covered": 0.0, "percent_statements_covered_display": "0"}, "missing_lines": [97, 98, 100, 101, 102, 104, 105, 107, 108, 110, 111, 113, 117], "excluded_lines": [], "start_line": 95}, "get_invoice_status": {"executed_lines": [], "summary": {"covered_lines": 0, "num_statements": 12, "percent_covered": 0.0, "percent_covered_display": "0", "missing_lines": 12, "excluded_lines": 0, "percent_statements_covered": 0.0, "percent_statements_covered_display": "0"}, "missing_lines": [124, 125, 127, 128, 130, 131, 133, 134, 136, 137, 139, 141], "excluded_lines": [], "start_line": 122}, "get_health_stats": {"executed_lines": [], "summary": {"covered_lines": 0, "num_statements": 4, "percent_covered": 0.0, "percent_covered_display": "0", "missing_lines": 4, "excluded_lines": 0, "percent_statements_covered": 0.0, "percent_statements_covered_display": "0"}, "missing_lines": [148, 149, 151, 153], "excluded_lines": [], "start_line": 146}, "get_warning_list": {"executed_lines": [], "summary": {"covered_lines": 0, "num_statements": 5, "percent_covered": 0.0, "percent_covered_display": "0", "missing_lines": 5, "excluded_lines": 0, "percent_statements_covered": 0.0, "percent_statements_covered_display": "0"}, "missing_lines": [160, 161, 163, 165, 167], "excluded_lines": [], "start_line": 158}, "get_inactive_list": {"executed_lines": [], "summary": {"covered_lines": 0, "num_statements": 5, "percent_covered": 0.0, "percent_covered_display": "0", "missing_lines": 5, "excluded_lines": 0, "percent_statements_covered": 0.0, "percent_statements_covered_display": "0"}, "missing_lines": [174, 175, 177, 179, 181], "excluded_lines": [], "start_line": 172}, "get_industry_distribution": {"executed_lines": [], "summary": {"covered_lines": 0, "num_statements": 4, "percent_covered": 0.0, "percent_covered_display": "0", "missing_lines": 4, "excluded_lines": 0, "percent_statements_covered": 0.0, "percent_statements_covered_display": "0"}, "missing_lines": [188, 189, 191, 193], "excluded_lines": [], "start_line": 186}, "get_level_stats": {"executed_lines": [], "summary": {"covered_lines": 0, "num_statements": 4, "percent_covered": 0.0, "percent_covered_display": "0", "missing_lines": 4, "excluded_lines": 0, "percent_statements_covered": 0.0, "percent_statements_covered_display": "0"}, "missing_lines": [200, 201, 203, 205], "excluded_lines": [], "start_line": 198}, "get_scale_stats": {"executed_lines": [], "summary": {"covered_lines": 0, "num_statements": 4, "percent_covered": 0.0, "percent_covered_display": "0", "missing_lines": 4, "excluded_lines": 0, "percent_statements_covered": 0.0, "percent_statements_covered_display": "0"}, "missing_lines": [212, 213, 215, 217], "excluded_lines": [], "start_line": 210}, "get_consume_level_stats": {"executed_lines": [], "summary": {"covered_lines": 0, "num_statements": 4, "percent_covered": 0.0, "percent_covered_display": "0", "missing_lines": 4, "excluded_lines": 0, "percent_statements_covered": 0.0, "percent_statements_covered_display": "0"}, "missing_lines": [224, 225, 227, 229], "excluded_lines": [], "start_line": 222}, "get_real_estate_stats": {"executed_lines": [], "summary": {"covered_lines": 0, "num_statements": 4, "percent_covered": 0.0, "percent_covered_display": "0", "missing_lines": 4, "excluded_lines": 0, "percent_statements_covered": 0.0, "percent_statements_covered_display": "0"}, "missing_lines": [236, 237, 239, 241], "excluded_lines": [], "start_line": 234}, "predict_monthly_payment": {"executed_lines": [], "summary": {"covered_lines": 0, "num_statements": 7, "percent_covered": 0.0, "percent_covered_display": "0", "missing_lines": 7, "excluded_lines": 0, "percent_statements_covered": 0.0, "percent_statements_covered_display": "0"}, "missing_lines": [248, 249, 251, 252, 253, 255, 259], "excluded_lines": [], "start_line": 246}, "get_dashboard_stats": {"executed_lines": [], "summary": {"covered_lines": 0, "num_statements": 4, "percent_covered": 0.0, "percent_covered_display": "0", "missing_lines": 4, "excluded_lines": 0, "percent_statements_covered": 0.0, "percent_statements_covered_display": "0"}, "missing_lines": [266, 267, 269, 271], "excluded_lines": [], "start_line": 264}, "get_dashboard_chart_data": {"executed_lines": [], "summary": {"covered_lines": 0, "num_statements": 5, "percent_covered": 0.0, "percent_covered_display": "0", "missing_lines": 5, "excluded_lines": 0, "percent_statements_covered": 0.0, "percent_statements_covered_display": "0"}, "missing_lines": [278, 279, 281, 283, 285], "excluded_lines": [], "start_line": 276}, "": {"executed_lines": [], "summary": {"covered_lines": 0, "num_statements": 55, "percent_covered": 0.0, "percent_covered_display": "0", "missing_lines": 55, "excluded_lines": 0, "percent_statements_covered": 0.0, "percent_statements_covered_display": "0"}, "missing_lines": [3, 4, 5, 6, 7, 8, 10, 13, 14, 15, 41, 42, 43, 66, 67, 68, 93, 94, 95, 120, 121, 122, 144, 145, 146, 156, 157, 158, 170, 171, 172, 184, 185, 186, 196, 197, 198, 208, 209, 210, 220, 221, 222, 232, 233, 234, 244, 245, 246, 262, 263, 264, 274, 275, 276], "excluded_lines": [], "start_line": 1}}, "classes": {"": {"executed_lines": [], "summary": {"covered_lines": 0, "num_statements": 169, "percent_covered": 0.0, "percent_covered_display": "0", "missing_lines": 169, "excluded_lines": 0, "percent_statements_covered": 0.0, "percent_statements_covered_display": "0"}, "missing_lines": [3, 4, 5, 6, 7, 8, 10, 13, 14, 15, 17, 18, 20, 21, 22, 24, 26, 28, 29, 31, 32, 34, 38, 41, 42, 43, 45, 46, 48, 49, 50, 52, 53, 55, 56, 58, 59, 61, 63, 66, 67, 68, 70, 71, 73, 74, 75, 77, 78, 80, 81, 83, 84, 86, 90, 93, 94, 95, 97, 98, 100, 101, 102, 104, 105, 107, 108, 110, 111, 113, 117, 120, 121, 122, 124, 125, 127, 128, 130, 131, 133, 134, 136, 137, 139, 141, 144, 145, 146, 148, 149, 151, 153, 156, 157, 158, 160, 161, 163, 165, 167, 170, 171, 172, 174, 175, 177, 179, 181, 184, 185, 186, 188, 189, 191, 193, 196, 197, 198, 200, 201, 203, 205, 208, 209, 210, 212, 213, 215, 217, 220, 221, 222, 224, 225, 227, 229, 232, 233, 234, 236, 237, 239, 241, 244, 245, 246, 248, 249, 251, 252, 253, 255, 259, 262, 263, 264, 266, 267, 269, 271, 274, 275, 276, 278, 279, 281, 283, 285], "excluded_lines": [], "start_line": 1}}}, "app/routes/audit_logs.py": {"executed_lines": [], "summary": {"covered_lines": 0, "num_statements": 56, "percent_covered": 0.0, "percent_covered_display": "0", "missing_lines": 56, "excluded_lines": 0, "percent_statements_covered": 0.0, "percent_statements_covered_display": "0"}, "missing_lines": [3, 4, 5, 6, 7, 8, 9, 10, 11, 13, 16, 17, 30, 31, 32, 35, 37, 38, 40, 41, 43, 44, 46, 47, 48, 49, 50, 51, 53, 54, 55, 56, 57, 58, 60, 63, 64, 67, 76, 77, 79, 97, 111, 112, 114, 116, 122, 123, 125, 128, 129, 131, 133, 139, 140, 142], "excluded_lines": [], "functions": {"list_audit_logs": {"executed_lines": [], "summary": {"covered_lines": 0, "num_statements": 30, "percent_covered": 0.0, "percent_covered_display": "0", "missing_lines": 30, "excluded_lines": 0, "percent_statements_covered": 0.0, "percent_statements_covered_display": "0"}, "missing_lines": [30, 31, 32, 35, 37, 38, 40, 41, 43, 44, 46, 47, 48, 49, 50, 51, 53, 54, 55, 56, 57, 58, 60, 63, 64, 67, 76, 77, 79, 97], "excluded_lines": [], "start_line": 17}, "get_audit_actions": {"executed_lines": [], "summary": {"covered_lines": 0, "num_statements": 5, "percent_covered": 0.0, "percent_covered_display": "0", "missing_lines": 5, "excluded_lines": 0, "percent_statements_covered": 0.0, "percent_statements_covered_display": "0"}, "missing_lines": [114, 116, 122, 123, 125], "excluded_lines": [], "start_line": 112}, "get_audit_modules": {"executed_lines": [], "summary": {"covered_lines": 0, "num_statements": 5, "percent_covered": 0.0, "percent_covered_display": "0", "missing_lines": 5, "excluded_lines": 0, "percent_statements_covered": 0.0, "percent_statements_covered_display": "0"}, "missing_lines": [131, 133, 139, 140, 142], "excluded_lines": [], "start_line": 129}, "": {"executed_lines": [], "summary": {"covered_lines": 0, "num_statements": 16, "percent_covered": 0.0, "percent_covered_display": "0", "missing_lines": 16, "excluded_lines": 0, "percent_statements_covered": 0.0, "percent_statements_covered_display": "0"}, "missing_lines": [3, 4, 5, 6, 7, 8, 9, 10, 11, 13, 16, 17, 111, 112, 128, 129], "excluded_lines": [], "start_line": 1}}, "classes": {"": {"executed_lines": [], "summary": {"covered_lines": 0, "num_statements": 56, "percent_covered": 0.0, "percent_covered_display": "0", "missing_lines": 56, "excluded_lines": 0, "percent_statements_covered": 0.0, "percent_statements_covered_display": "0"}, "missing_lines": [3, 4, 5, 6, 7, 8, 9, 10, 11, 13, 16, 17, 30, 31, 32, 35, 37, 38, 40, 41, 43, 44, 46, 47, 48, 49, 50, 51, 53, 54, 55, 56, 57, 58, 60, 63, 64, 67, 76, 77, 79, 97, 111, 112, 114, 116, 122, 123, 125, 128, 129, 131, 133, 139, 140, 142], "excluded_lines": [], "start_line": 1}}}, "app/routes/auth.py": {"executed_lines": [], "summary": {"covered_lines": 0, "num_statements": 54, "percent_covered": 0.0, "percent_covered_display": "0", "missing_lines": 54, "excluded_lines": 0, "percent_statements_covered": 0.0, "percent_statements_covered_display": "0"}, "missing_lines": [3, 4, 5, 6, 7, 8, 9, 11, 14, 15, 25, 26, 27, 29, 30, 32, 33, 35, 36, 37, 39, 40, 42, 43, 45, 47, 50, 52, 72, 73, 76, 79, 80, 82, 84, 85, 87, 90, 91, 93, 94, 96, 97, 99, 101, 102, 106, 107, 109, 110, 111, 113, 115, 121], "excluded_lines": [], "functions": {"login": {"executed_lines": [], "summary": {"covered_lines": 0, "num_statements": 18, "percent_covered": 0.0, "percent_covered_display": "0", "missing_lines": 18, "excluded_lines": 0, "percent_statements_covered": 0.0, "percent_statements_covered_display": "0"}, "missing_lines": [25, 26, 27, 29, 30, 32, 33, 35, 36, 37, 39, 40, 42, 43, 45, 47, 50, 52], "excluded_lines": [], "start_line": 15}, "logout": {"executed_lines": [], "summary": {"covered_lines": 0, "num_statements": 1, "percent_covered": 0.0, "percent_covered_display": "0", "missing_lines": 1, "excluded_lines": 0, "percent_statements_covered": 0.0, "percent_statements_covered_display": "0"}, "missing_lines": [76], "excluded_lines": [], "start_line": 73}, "get_me": {"executed_lines": [], "summary": {"covered_lines": 0, "num_statements": 4, "percent_covered": 0.0, "percent_covered_display": "0", "missing_lines": 4, "excluded_lines": 0, "percent_statements_covered": 0.0, "percent_statements_covered_display": "0"}, "missing_lines": [82, 84, 85, 87], "excluded_lines": [], "start_line": 80}, "refresh_token": {"executed_lines": [], "summary": {"covered_lines": 0, "num_statements": 15, "percent_covered": 0.0, "percent_covered_display": "0", "missing_lines": 15, "excluded_lines": 0, "percent_statements_covered": 0.0, "percent_statements_covered_display": "0"}, "missing_lines": [93, 94, 96, 97, 99, 101, 102, 106, 107, 109, 110, 111, 113, 115, 121], "excluded_lines": [], "start_line": 91}, "": {"executed_lines": [], "summary": {"covered_lines": 0, "num_statements": 16, "percent_covered": 0.0, "percent_covered_display": "0", "missing_lines": 16, "excluded_lines": 0, "percent_statements_covered": 0.0, "percent_statements_covered_display": "0"}, "missing_lines": [3, 4, 5, 6, 7, 8, 9, 11, 14, 15, 72, 73, 79, 80, 90, 91], "excluded_lines": [], "start_line": 1}}, "classes": {"": {"executed_lines": [], "summary": {"covered_lines": 0, "num_statements": 54, "percent_covered": 0.0, "percent_covered_display": "0", "missing_lines": 54, "excluded_lines": 0, "percent_statements_covered": 0.0, "percent_statements_covered_display": "0"}, "missing_lines": [3, 4, 5, 6, 7, 8, 9, 11, 14, 15, 25, 26, 27, 29, 30, 32, 33, 35, 36, 37, 39, 40, 42, 43, 45, 47, 50, 52, 72, 73, 76, 79, 80, 82, 84, 85, 87, 90, 91, 93, 94, 96, 97, 99, 101, 102, 106, 107, 109, 110, 111, 113, 115, 121], "excluded_lines": [], "start_line": 1}}}, "app/routes/billing.py": {"executed_lines": [], "summary": {"covered_lines": 0, "num_statements": 213, "percent_covered": 0.0, "percent_covered_display": "0", "missing_lines": 213, "excluded_lines": 0, "percent_statements_covered": 0.0, "percent_statements_covered_display": "0"}, "missing_lines": [3, 4, 5, 6, 7, 8, 9, 10, 12, 18, 19, 21, 23, 24, 25, 26, 29, 30, 31, 34, 35, 37, 47, 48, 49, 50, 53, 61, 62, 63, 64, 66, 69, 70, 71, 73, 74, 76, 103, 104, 106, 107, 109, 111, 112, 127, 147, 148, 149, 162, 163, 164, 166, 167, 168, 170, 171, 176, 178, 187, 203, 204, 206, 207, 209, 210, 211, 213, 219, 248, 249, 251, 252, 253, 255, 256, 257, 259, 261, 262, 265, 267, 268, 271, 272, 274, 275, 277, 310, 311, 313, 314, 316, 317, 318, 320, 326, 351, 352, 366, 367, 368, 370, 371, 374, 375, 376, 377, 379, 381, 396, 397, 399, 400, 402, 405, 406, 407, 408, 410, 412, 413, 415, 428, 429, 431, 432, 434, 436, 437, 439, 445, 446, 448, 449, 451, 452, 453, 454, 456, 463, 502, 503, 505, 506, 508, 510, 511, 513, 557, 558, 572, 573, 574, 576, 579, 580, 581, 583, 584, 586, 594, 608, 609, 620, 621, 623, 625, 632, 633, 635, 638, 639, 641, 642, 643, 645, 650, 651, 653, 656, 657, 659, 660, 662, 664, 665, 667, 670, 671, 673, 674, 675, 677, 682, 683, 685, 688, 689, 691, 692, 694, 696, 697, 699, 702, 703, 705, 706, 708, 710, 711, 713], "excluded_lines": [], "functions": {"get_balances": {"executed_lines": [], "summary": {"covered_lines": 0, "num_statements": 27, "percent_covered": 0.0, "percent_covered_display": "0", "missing_lines": 27, "excluded_lines": 0, "percent_statements_covered": 0.0, "percent_statements_covered_display": "0"}, "missing_lines": [21, 23, 24, 25, 26, 29, 30, 31, 34, 35, 37, 47, 48, 49, 50, 53, 61, 62, 63, 64, 66, 69, 70, 71, 73, 74, 76], "excluded_lines": [], "start_line": 19}, "get_customer_balance": {"executed_lines": [], "summary": {"covered_lines": 0, "num_statements": 6, "percent_covered": 0.0, "percent_covered_display": "0", "missing_lines": 6, "excluded_lines": 0, "percent_statements_covered": 0.0, "percent_statements_covered_display": "0"}, "missing_lines": [106, 107, 109, 111, 112, 127], "excluded_lines": [], "start_line": 104}, "recharge": {"executed_lines": [], "summary": {"covered_lines": 0, "num_statements": 11, "percent_covered": 0.0, "percent_covered_display": "0", "missing_lines": 11, "excluded_lines": 0, "percent_statements_covered": 0.0, "percent_statements_covered_display": "0"}, "missing_lines": [162, 163, 164, 166, 167, 168, 170, 171, 176, 178, 187], "excluded_lines": [], "start_line": 149}, "get_recharge_records": {"executed_lines": [], "summary": {"covered_lines": 0, "num_statements": 7, "percent_covered": 0.0, "percent_covered_display": "0", "missing_lines": 7, "excluded_lines": 0, "percent_statements_covered": 0.0, "percent_statements_covered_display": "0"}, "missing_lines": [206, 207, 209, 210, 211, 213, 219], "excluded_lines": [], "start_line": 204}, "get_consumption_records": {"executed_lines": [], "summary": {"covered_lines": 0, "num_statements": 17, "percent_covered": 0.0, "percent_covered_display": "0", "missing_lines": 17, "excluded_lines": 0, "percent_statements_covered": 0.0, "percent_statements_covered_display": "0"}, "missing_lines": [251, 252, 253, 255, 256, 257, 259, 261, 262, 265, 267, 268, 271, 272, 274, 275, 277], "excluded_lines": [], "start_line": 249}, "get_pricing_rules": {"executed_lines": [], "summary": {"covered_lines": 0, "num_statements": 7, "percent_covered": 0.0, "percent_covered_display": "0", "missing_lines": 7, "excluded_lines": 0, "percent_statements_covered": 0.0, "percent_statements_covered_display": "0"}, "missing_lines": [313, 314, 316, 317, 318, 320, 326], "excluded_lines": [], "start_line": 311}, "create_pricing_rule": {"executed_lines": [], "summary": {"covered_lines": 0, "num_statements": 11, "percent_covered": 0.0, "percent_covered_display": "0", "missing_lines": 11, "excluded_lines": 0, "percent_statements_covered": 0.0, "percent_statements_covered_display": "0"}, "missing_lines": [366, 367, 368, 370, 371, 374, 375, 376, 377, 379, 381], "excluded_lines": [], "start_line": 352}, "update_pricing_rule": {"executed_lines": [], "summary": {"covered_lines": 0, "num_statements": 11, "percent_covered": 0.0, "percent_covered_display": "0", "missing_lines": 11, "excluded_lines": 0, "percent_statements_covered": 0.0, "percent_statements_covered_display": "0"}, "missing_lines": [399, 400, 402, 405, 406, 407, 408, 410, 412, 413, 415], "excluded_lines": [], "start_line": 397}, "delete_pricing_rule": {"executed_lines": [], "summary": {"covered_lines": 0, "num_statements": 6, "percent_covered": 0.0, "percent_covered_display": "0", "missing_lines": 6, "excluded_lines": 0, "percent_statements_covered": 0.0, "percent_statements_covered_display": "0"}, "missing_lines": [431, 432, 434, 436, 437, 439], "excluded_lines": [], "start_line": 429}, "get_invoices": {"executed_lines": [], "summary": {"covered_lines": 0, "num_statements": 8, "percent_covered": 0.0, "percent_covered_display": "0", "missing_lines": 8, "excluded_lines": 0, "percent_statements_covered": 0.0, "percent_statements_covered_display": "0"}, "missing_lines": [448, 449, 451, 452, 453, 454, 456, 463], "excluded_lines": [], "start_line": 446}, "get_invoice": {"executed_lines": [], "summary": {"covered_lines": 0, "num_statements": 6, "percent_covered": 0.0, "percent_covered_display": "0", "missing_lines": 6, "excluded_lines": 0, "percent_statements_covered": 0.0, "percent_statements_covered_display": "0"}, "missing_lines": [505, 506, 508, 510, 511, 513], "excluded_lines": [], "start_line": 503}, "generate_invoice": {"executed_lines": [], "summary": {"covered_lines": 0, "num_statements": 11, "percent_covered": 0.0, "percent_covered_display": "0", "missing_lines": 11, "excluded_lines": 0, "percent_statements_covered": 0.0, "percent_statements_covered_display": "0"}, "missing_lines": [572, 573, 574, 576, 579, 580, 581, 583, 584, 586, 594], "excluded_lines": [], "start_line": 558}, "apply_discount": {"executed_lines": [], "summary": {"covered_lines": 0, "num_statements": 7, "percent_covered": 0.0, "percent_covered_display": "0", "missing_lines": 7, "excluded_lines": 0, "percent_statements_covered": 0.0, "percent_statements_covered_display": "0"}, "missing_lines": [620, 621, 623, 625, 632, 633, 635], "excluded_lines": [], "start_line": 609}, "submit_invoice": {"executed_lines": [], "summary": {"covered_lines": 0, "num_statements": 7, "percent_covered": 0.0, "percent_covered_display": "0", "missing_lines": 7, "excluded_lines": 0, "percent_statements_covered": 0.0, "percent_statements_covered_display": "0"}, "missing_lines": [641, 642, 643, 645, 650, 651, 653], "excluded_lines": [], "start_line": 639}, "confirm_invoice": {"executed_lines": [], "summary": {"covered_lines": 0, "num_statements": 6, "percent_covered": 0.0, "percent_covered_display": "0", "missing_lines": 6, "excluded_lines": 0, "percent_statements_covered": 0.0, "percent_statements_covered_display": "0"}, "missing_lines": [659, 660, 662, 664, 665, 667], "excluded_lines": [], "start_line": 657}, "pay_invoice": {"executed_lines": [], "summary": {"covered_lines": 0, "num_statements": 7, "percent_covered": 0.0, "percent_covered_display": "0", "missing_lines": 7, "excluded_lines": 0, "percent_statements_covered": 0.0, "percent_statements_covered_display": "0"}, "missing_lines": [673, 674, 675, 677, 682, 683, 685], "excluded_lines": [], "start_line": 671}, "complete_invoice": {"executed_lines": [], "summary": {"covered_lines": 0, "num_statements": 6, "percent_covered": 0.0, "percent_covered_display": "0", "missing_lines": 6, "excluded_lines": 0, "percent_statements_covered": 0.0, "percent_statements_covered_display": "0"}, "missing_lines": [691, 692, 694, 696, 697, 699], "excluded_lines": [], "start_line": 689}, "delete_invoice": {"executed_lines": [], "summary": {"covered_lines": 0, "num_statements": 6, "percent_covered": 0.0, "percent_covered_display": "0", "missing_lines": 6, "excluded_lines": 0, "percent_statements_covered": 0.0, "percent_statements_covered_display": "0"}, "missing_lines": [705, 706, 708, 710, 711, 713], "excluded_lines": [], "start_line": 703}, "": {"executed_lines": [], "summary": {"covered_lines": 0, "num_statements": 46, "percent_covered": 0.0, "percent_covered_display": "0", "missing_lines": 46, "excluded_lines": 0, "percent_statements_covered": 0.0, "percent_statements_covered_display": "0"}, "missing_lines": [3, 4, 5, 6, 7, 8, 9, 10, 12, 18, 19, 103, 104, 147, 148, 149, 203, 204, 248, 249, 310, 311, 351, 352, 396, 397, 428, 429, 445, 446, 502, 503, 557, 558, 608, 609, 638, 639, 656, 657, 670, 671, 688, 689, 702, 703], "excluded_lines": [], "start_line": 1}}, "classes": {"": {"executed_lines": [], "summary": {"covered_lines": 0, "num_statements": 213, "percent_covered": 0.0, "percent_covered_display": "0", "missing_lines": 213, "excluded_lines": 0, "percent_statements_covered": 0.0, "percent_statements_covered_display": "0"}, "missing_lines": [3, 4, 5, 6, 7, 8, 9, 10, 12, 18, 19, 21, 23, 24, 25, 26, 29, 30, 31, 34, 35, 37, 47, 48, 49, 50, 53, 61, 62, 63, 64, 66, 69, 70, 71, 73, 74, 76, 103, 104, 106, 107, 109, 111, 112, 127, 147, 148, 149, 162, 163, 164, 166, 167, 168, 170, 171, 176, 178, 187, 203, 204, 206, 207, 209, 210, 211, 213, 219, 248, 249, 251, 252, 253, 255, 256, 257, 259, 261, 262, 265, 267, 268, 271, 272, 274, 275, 277, 310, 311, 313, 314, 316, 317, 318, 320, 326, 351, 352, 366, 367, 368, 370, 371, 374, 375, 376, 377, 379, 381, 396, 397, 399, 400, 402, 405, 406, 407, 408, 410, 412, 413, 415, 428, 429, 431, 432, 434, 436, 437, 439, 445, 446, 448, 449, 451, 452, 453, 454, 456, 463, 502, 503, 505, 506, 508, 510, 511, 513, 557, 558, 572, 573, 574, 576, 579, 580, 581, 583, 584, 586, 594, 608, 609, 620, 621, 623, 625, 632, 633, 635, 638, 639, 641, 642, 643, 645, 650, 651, 653, 656, 657, 659, 660, 662, 664, 665, 667, 670, 671, 673, 674, 675, 677, 682, 683, 685, 688, 689, 691, 692, 694, 696, 697, 699, 702, 703, 705, 706, 708, 710, 711, 713], "excluded_lines": [], "start_line": 1}}}, "app/routes/customers.py": {"executed_lines": [], "summary": {"covered_lines": 0, "num_statements": 165, "percent_covered": 0.0, "percent_covered_display": "0", "missing_lines": 165, "excluded_lines": 0, "percent_statements_covered": 0.0, "percent_statements_covered_display": "0"}, "missing_lines": [3, 4, 5, 6, 7, 8, 9, 10, 11, 12, 14, 17, 18, 33, 34, 35, 38, 50, 51, 52, 55, 58, 59, 60, 61, 63, 64, 66, 70, 99, 101, 104, 105, 108, 109, 110, 112, 113, 115, 117, 118, 120, 137, 138, 147, 150, 151, 172, 174, 177, 179, 182, 183, 202, 205, 206, 211, 212, 213, 215, 216, 217, 219, 220, 222, 223, 224, 225, 228, 230, 244, 245, 263, 266, 267, 268, 270, 271, 272, 274, 275, 277, 279, 280, 283, 285, 298, 299, 301, 302, 304, 306, 307, 310, 312, 315, 316, 318, 319, 322, 323, 324, 326, 328, 329, 331, 347, 348, 361, 362, 365, 366, 367, 369, 371, 387, 388, 407, 408, 409, 411, 412, 413, 415, 417, 420, 421, 422, 423, 432, 435, 436, 437, 438, 439, 440, 441, 443, 445, 446, 448, 450, 462, 463, 466, 467, 481, 490, 491, 492, 494, 496, 497, 500, 505, 506, 507, 522, 525, 526, 527, 529, 532, 533, 536], "excluded_lines": [], "functions": {"list_customers": {"executed_lines": [], "summary": {"covered_lines": 0, "num_statements": 18, "percent_covered": 0.0, "percent_covered_display": "0", "missing_lines": 18, "excluded_lines": 0, "percent_statements_covered": 0.0, "percent_statements_covered_display": "0"}, "missing_lines": [33, 34, 35, 38, 50, 51, 52, 55, 58, 59, 60, 61, 63, 64, 66, 70, 99, 101], "excluded_lines": [], "start_line": 18}, "get_customer": {"executed_lines": [], "summary": {"covered_lines": 0, "num_statements": 18, "percent_covered": 0.0, "percent_covered_display": "0", "missing_lines": 18, "excluded_lines": 0, "percent_statements_covered": 0.0, "percent_statements_covered_display": "0"}, "missing_lines": [108, 109, 110, 112, 113, 115, 117, 118, 120, 137, 138, 147, 150, 151, 172, 174, 177, 179], "excluded_lines": [], "start_line": 105}, "create_customer": {"executed_lines": [], "summary": {"covered_lines": 0, "num_statements": 17, "percent_covered": 0.0, "percent_covered_display": "0", "missing_lines": 17, "excluded_lines": 0, "percent_statements_covered": 0.0, "percent_statements_covered_display": "0"}, "missing_lines": [202, 205, 206, 211, 212, 213, 215, 216, 217, 219, 220, 222, 223, 224, 225, 228, 230], "excluded_lines": [], "start_line": 183}, "update_customer": {"executed_lines": [], "summary": {"covered_lines": 0, "num_statements": 14, "percent_covered": 0.0, "percent_covered_display": "0", "missing_lines": 14, "excluded_lines": 0, "percent_statements_covered": 0.0, "percent_statements_covered_display": "0"}, "missing_lines": [263, 266, 267, 268, 270, 271, 272, 274, 275, 277, 279, 280, 283, 285], "excluded_lines": [], "start_line": 245}, "delete_customer": {"executed_lines": [], "summary": {"covered_lines": 0, "num_statements": 7, "percent_covered": 0.0, "percent_covered_display": "0", "missing_lines": 7, "excluded_lines": 0, "percent_statements_covered": 0.0, "percent_statements_covered_display": "0"}, "missing_lines": [301, 302, 304, 306, 307, 310, 312], "excluded_lines": [], "start_line": 299}, "get_profile": {"executed_lines": [], "summary": {"covered_lines": 0, "num_statements": 9, "percent_covered": 0.0, "percent_covered_display": "0", "missing_lines": 9, "excluded_lines": 0, "percent_statements_covered": 0.0, "percent_statements_covered_display": "0"}, "missing_lines": [318, 319, 322, 323, 324, 326, 328, 329, 331], "excluded_lines": [], "start_line": 316}, "update_profile": {"executed_lines": [], "summary": {"covered_lines": 0, "num_statements": 7, "percent_covered": 0.0, "percent_covered_display": "0", "missing_lines": 7, "excluded_lines": 0, "percent_statements_covered": 0.0, "percent_statements_covered_display": "0"}, "missing_lines": [361, 362, 365, 366, 367, 369, 371], "excluded_lines": [], "start_line": 348}, "import_customers": {"executed_lines": [], "summary": {"covered_lines": 0, "num_statements": 27, "percent_covered": 0.0, "percent_covered_display": "0", "missing_lines": 27, "excluded_lines": 0, "percent_statements_covered": 0.0, "percent_statements_covered_display": "0"}, "missing_lines": [407, 408, 409, 411, 412, 413, 415, 417, 420, 421, 422, 423, 432, 435, 436, 437, 438, 439, 440, 441, 443, 445, 446, 448, 450, 462, 463], "excluded_lines": [], "start_line": 388}, "export_customers": {"executed_lines": [], "summary": {"covered_lines": 0, "num_statements": 19, "percent_covered": 0.0, "percent_covered_display": "0", "missing_lines": 19, "excluded_lines": 0, "percent_statements_covered": 0.0, "percent_statements_covered_display": "0"}, "missing_lines": [481, 490, 491, 492, 494, 496, 497, 500, 505, 506, 507, 522, 525, 526, 527, 529, 532, 533, 536], "excluded_lines": [], "start_line": 467}, "": {"executed_lines": [], "summary": {"covered_lines": 0, "num_statements": 29, "percent_covered": 0.0, "percent_covered_display": "0", "missing_lines": 29, "excluded_lines": 0, "percent_statements_covered": 0.0, "percent_statements_covered_display": "0"}, "missing_lines": [3, 4, 5, 6, 7, 8, 9, 10, 11, 12, 14, 17, 18, 104, 105, 182, 183, 244, 245, 298, 299, 315, 316, 347, 348, 387, 388, 466, 467], "excluded_lines": [], "start_line": 1}}, "classes": {"": {"executed_lines": [], "summary": {"covered_lines": 0, "num_statements": 165, "percent_covered": 0.0, "percent_covered_display": "0", "missing_lines": 165, "excluded_lines": 0, "percent_statements_covered": 0.0, "percent_statements_covered_display": "0"}, "missing_lines": [3, 4, 5, 6, 7, 8, 9, 10, 11, 12, 14, 17, 18, 33, 34, 35, 38, 50, 51, 52, 55, 58, 59, 60, 61, 63, 64, 66, 70, 99, 101, 104, 105, 108, 109, 110, 112, 113, 115, 117, 118, 120, 137, 138, 147, 150, 151, 172, 174, 177, 179, 182, 183, 202, 205, 206, 211, 212, 213, 215, 216, 217, 219, 220, 222, 223, 224, 225, 228, 230, 244, 245, 263, 266, 267, 268, 270, 271, 272, 274, 275, 277, 279, 280, 283, 285, 298, 299, 301, 302, 304, 306, 307, 310, 312, 315, 316, 318, 319, 322, 323, 324, 326, 328, 329, 331, 347, 348, 361, 362, 365, 366, 367, 369, 371, 387, 388, 407, 408, 409, 411, 412, 413, 415, 417, 420, 421, 422, 423, 432, 435, 436, 437, 438, 439, 440, 441, 443, 445, 446, 448, 450, 462, 463, 466, 467, 481, 490, 491, 492, 494, 496, 497, 500, 505, 506, 507, 522, 525, 526, 527, 529, 532, 533, 536], "excluded_lines": [], "start_line": 1}}}, "app/routes/files.py": {"executed_lines": [], "summary": {"covered_lines": 0, "num_statements": 89, "percent_covered": 0.0, "percent_covered_display": "0", "missing_lines": 89, "excluded_lines": 0, "percent_statements_covered": 0.0, "percent_statements_covered_display": "0"}, "missing_lines": [11, 12, 13, 14, 15, 16, 17, 18, 19, 21, 22, 24, 26, 29, 39, 48, 51, 53, 56, 58, 59, 62, 69, 71, 72, 75, 76, 79, 80, 82, 84, 85, 86, 87, 88, 89, 91, 97, 99, 100, 101, 104, 111, 113, 114, 117, 118, 119, 147, 149, 150, 154, 157, 158, 163, 164, 165, 168, 181, 182, 183, 186, 199, 202, 203, 206, 219, 222, 223, 224, 225, 227, 230, 231, 234, 236, 246, 251, 255, 256, 257, 263, 264, 265, 273, 276, 277, 278, 289], "excluded_lines": [], "functions": {"get_file_extension": {"executed_lines": [], "summary": {"covered_lines": 0, "num_statements": 1, "percent_covered": 0.0, "percent_covered_display": "0", "missing_lines": 1, "excluded_lines": 0, "percent_statements_covered": 0.0, "percent_statements_covered_display": "0"}, "missing_lines": [53], "excluded_lines": [], "start_line": 51}, "allowed_extension": {"executed_lines": [], "summary": {"covered_lines": 0, "num_statements": 2, "percent_covered": 0.0, "percent_covered_display": "0", "missing_lines": 2, "excluded_lines": 0, "percent_statements_covered": 0.0, "percent_statements_covered_display": "0"}, "missing_lines": [58, 59], "excluded_lines": [], "start_line": 56}, "validate_mime_type": {"executed_lines": [], "summary": {"covered_lines": 0, "num_statements": 19, "percent_covered": 0.0, "percent_covered_display": "0", "missing_lines": 19, "excluded_lines": 0, "percent_statements_covered": 0.0, "percent_statements_covered_display": "0"}, "missing_lines": [69, 71, 72, 75, 76, 79, 80, 82, 84, 85, 86, 87, 88, 89, 91, 97, 99, 100, 101], "excluded_lines": [], "start_line": 62}, "generate_secure_filename": {"executed_lines": [], "summary": {"covered_lines": 0, "num_statements": 3, "percent_covered": 0.0, "percent_covered_display": "0", "missing_lines": 3, "excluded_lines": 0, "percent_statements_covered": 0.0, "percent_statements_covered_display": "0"}, "missing_lines": [111, 113, 114], "excluded_lines": [], "start_line": 104}, "upload_file": {"executed_lines": [], "summary": {"covered_lines": 0, "num_statements": 33, "percent_covered": 0.0, "percent_covered_display": "0", "missing_lines": 33, "excluded_lines": 0, "percent_statements_covered": 0.0, "percent_statements_covered_display": "0"}, "missing_lines": [147, 149, 150, 154, 157, 158, 163, 164, 165, 168, 181, 182, 183, 186, 199, 202, 203, 206, 219, 222, 223, 224, 225, 227, 230, 231, 234, 236, 246, 251, 255, 256, 257], "excluded_lines": [], "start_line": 119}, "get_file_info": {"executed_lines": [], "summary": {"covered_lines": 0, "num_statements": 1, "percent_covered": 0.0, "percent_covered_display": "0", "missing_lines": 1, "excluded_lines": 0, "percent_statements_covered": 0.0, "percent_statements_covered_display": "0"}, "missing_lines": [273], "excluded_lines": [], "start_line": 265}, "delete_file": {"executed_lines": [], "summary": {"covered_lines": 0, "num_statements": 1, "percent_covered": 0.0, "percent_covered_display": "0", "missing_lines": 1, "excluded_lines": 0, "percent_statements_covered": 0.0, "percent_statements_covered_display": "0"}, "missing_lines": [289], "excluded_lines": [], "start_line": 278}, "": {"executed_lines": [], "summary": {"covered_lines": 0, "num_statements": 29, "percent_covered": 0.0, "percent_covered_display": "0", "missing_lines": 29, "excluded_lines": 0, "percent_statements_covered": 0.0, "percent_statements_covered_display": "0"}, "missing_lines": [11, 12, 13, 14, 15, 16, 17, 18, 19, 21, 22, 24, 26, 29, 39, 48, 51, 56, 62, 104, 117, 118, 119, 263, 264, 265, 276, 277, 278], "excluded_lines": [], "start_line": 1}}, "classes": {"": {"executed_lines": [], "summary": {"covered_lines": 0, "num_statements": 89, "percent_covered": 0.0, "percent_covered_display": "0", "missing_lines": 89, "excluded_lines": 0, "percent_statements_covered": 0.0, "percent_statements_covered_display": "0"}, "missing_lines": [11, 12, 13, 14, 15, 16, 17, 18, 19, 21, 22, 24, 26, 29, 39, 48, 51, 53, 56, 58, 59, 62, 69, 71, 72, 75, 76, 79, 80, 82, 84, 85, 86, 87, 88, 89, 91, 97, 99, 100, 101, 104, 111, 113, 114, 117, 118, 119, 147, 149, 150, 154, 157, 158, 163, 164, 165, 168, 181, 182, 183, 186, 199, 202, 203, 206, 219, 222, 223, 224, 225, 227, 230, 231, 234, 236, 246, 251, 255, 256, 257, 263, 264, 265, 273, 276, 277, 278, 289], "excluded_lines": [], "start_line": 1}}}, "app/routes/groups.py": {"executed_lines": [], "summary": {"covered_lines": 0, "num_statements": 102, "percent_covered": 0.0, "percent_covered_display": "0", "missing_lines": 102, "excluded_lines": 0, "percent_statements_covered": 0.0, "percent_statements_covered_display": "0"}, "missing_lines": [3, 4, 5, 6, 7, 8, 10, 13, 14, 15, 17, 18, 20, 22, 44, 45, 46, 48, 49, 51, 52, 54, 55, 57, 65, 75, 76, 77, 79, 80, 82, 84, 85, 87, 105, 106, 107, 109, 111, 112, 114, 116, 117, 119, 128, 129, 130, 132, 133, 135, 137, 138, 140, 143, 144, 145, 147, 148, 150, 151, 153, 155, 172, 173, 174, 176, 177, 179, 180, 182, 183, 185, 187, 188, 190, 193, 194, 195, 197, 198, 200, 202, 203, 205, 208, 209, 210, 212, 213, 215, 216, 218, 220, 237, 238, 239, 241, 242, 244, 246, 247, 249], "excluded_lines": [], "functions": {"list_groups": {"executed_lines": [], "summary": {"covered_lines": 0, "num_statements": 4, "percent_covered": 0.0, "percent_covered_display": "0", "missing_lines": 4, "excluded_lines": 0, "percent_statements_covered": 0.0, "percent_statements_covered_display": "0"}, "missing_lines": [17, 18, 20, 22], "excluded_lines": [], "start_line": 15}, "create_group": {"executed_lines": [], "summary": {"covered_lines": 0, "num_statements": 8, "percent_covered": 0.0, "percent_covered_display": "0", "missing_lines": 8, "excluded_lines": 0, "percent_statements_covered": 0.0, "percent_statements_covered_display": "0"}, "missing_lines": [48, 49, 51, 52, 54, 55, 57, 65], "excluded_lines": [], "start_line": 46}, "get_group": {"executed_lines": [], "summary": {"covered_lines": 0, "num_statements": 6, "percent_covered": 0.0, "percent_covered_display": "0", "missing_lines": 6, "excluded_lines": 0, "percent_statements_covered": 0.0, "percent_statements_covered_display": "0"}, "missing_lines": [79, 80, 82, 84, 85, 87], "excluded_lines": [], "start_line": 77}, "update_group": {"executed_lines": [], "summary": {"covered_lines": 0, "num_statements": 7, "percent_covered": 0.0, "percent_covered_display": "0", "missing_lines": 7, "excluded_lines": 0, "percent_statements_covered": 0.0, "percent_statements_covered_display": "0"}, "missing_lines": [109, 111, 112, 114, 116, 117, 119], "excluded_lines": [], "start_line": 107}, "delete_group": {"executed_lines": [], "summary": {"covered_lines": 0, "num_statements": 6, "percent_covered": 0.0, "percent_covered_display": "0", "missing_lines": 6, "excluded_lines": 0, "percent_statements_covered": 0.0, "percent_statements_covered_display": "0"}, "missing_lines": [132, 133, 135, 137, 138, 140], "excluded_lines": [], "start_line": 130}, "get_group_members": {"executed_lines": [], "summary": {"covered_lines": 0, "num_statements": 6, "percent_covered": 0.0, "percent_covered_display": "0", "missing_lines": 6, "excluded_lines": 0, "percent_statements_covered": 0.0, "percent_statements_covered_display": "0"}, "missing_lines": [147, 148, 150, 151, 153, 155], "excluded_lines": [], "start_line": 145}, "add_member": {"executed_lines": [], "summary": {"covered_lines": 0, "num_statements": 10, "percent_covered": 0.0, "percent_covered_display": "0", "missing_lines": 10, "excluded_lines": 0, "percent_statements_covered": 0.0, "percent_statements_covered_display": "0"}, "missing_lines": [176, 177, 179, 180, 182, 183, 185, 187, 188, 190], "excluded_lines": [], "start_line": 174}, "remove_member": {"executed_lines": [], "summary": {"covered_lines": 0, "num_statements": 6, "percent_covered": 0.0, "percent_covered_display": "0", "missing_lines": 6, "excluded_lines": 0, "percent_statements_covered": 0.0, "percent_statements_covered_display": "0"}, "missing_lines": [197, 198, 200, 202, 203, 205], "excluded_lines": [], "start_line": 195}, "apply_group_filter": {"executed_lines": [], "summary": {"covered_lines": 0, "num_statements": 6, "percent_covered": 0.0, "percent_covered_display": "0", "missing_lines": 6, "excluded_lines": 0, "percent_statements_covered": 0.0, "percent_statements_covered_display": "0"}, "missing_lines": [212, 213, 215, 216, 218, 220], "excluded_lines": [], "start_line": 210}, "get_group_stats": {"executed_lines": [], "summary": {"covered_lines": 0, "num_statements": 6, "percent_covered": 0.0, "percent_covered_display": "0", "missing_lines": 6, "excluded_lines": 0, "percent_statements_covered": 0.0, "percent_statements_covered_display": "0"}, "missing_lines": [241, 242, 244, 246, 247, 249], "excluded_lines": [], "start_line": 239}, "": {"executed_lines": [], "summary": {"covered_lines": 0, "num_statements": 37, "percent_covered": 0.0, "percent_covered_display": "0", "missing_lines": 37, "excluded_lines": 0, "percent_statements_covered": 0.0, "percent_statements_covered_display": "0"}, "missing_lines": [3, 4, 5, 6, 7, 8, 10, 13, 14, 15, 44, 45, 46, 75, 76, 77, 105, 106, 107, 128, 129, 130, 143, 144, 145, 172, 173, 174, 193, 194, 195, 208, 209, 210, 237, 238, 239], "excluded_lines": [], "start_line": 1}}, "classes": {"": {"executed_lines": [], "summary": {"covered_lines": 0, "num_statements": 102, "percent_covered": 0.0, "percent_covered_display": "0", "missing_lines": 102, "excluded_lines": 0, "percent_statements_covered": 0.0, "percent_statements_covered_display": "0"}, "missing_lines": [3, 4, 5, 6, 7, 8, 10, 13, 14, 15, 17, 18, 20, 22, 44, 45, 46, 48, 49, 51, 52, 54, 55, 57, 65, 75, 76, 77, 79, 80, 82, 84, 85, 87, 105, 106, 107, 109, 111, 112, 114, 116, 117, 119, 128, 129, 130, 132, 133, 135, 137, 138, 140, 143, 144, 145, 147, 148, 150, 151, 153, 155, 172, 173, 174, 176, 177, 179, 180, 182, 183, 185, 187, 188, 190, 193, 194, 195, 197, 198, 200, 202, 203, 205, 208, 209, 210, 212, 213, 215, 216, 218, 220, 237, 238, 239, 241, 242, 244, 246, 247, 249], "excluded_lines": [], "start_line": 1}}}, "app/routes/sync_logs.py": {"executed_lines": [], "summary": {"covered_lines": 0, "num_statements": 53, "percent_covered": 0.0, "percent_covered_display": "0", "missing_lines": 53, "excluded_lines": 1, "percent_statements_covered": 0.0, "percent_statements_covered_display": "0"}, "missing_lines": [5, 6, 7, 8, 10, 11, 13, 16, 17, 18, 42, 43, 46, 47, 48, 49, 52, 54, 55, 56, 57, 60, 61, 62, 65, 66, 69, 70, 73, 90, 105, 106, 112, 113, 114, 137, 138, 139, 142, 143, 146, 153, 154, 155, 156, 159, 166, 169, 179, 188, 190, 207, 208], "excluded_lines": [115], "functions": {"get_sync_logs": {"executed_lines": [], "summary": {"covered_lines": 0, "num_statements": 22, "percent_covered": 0.0, "percent_covered_display": "0", "missing_lines": 22, "excluded_lines": 0, "percent_statements_covered": 0.0, "percent_statements_covered_display": "0"}, "missing_lines": [42, 43, 46, 47, 48, 49, 52, 54, 55, 56, 57, 60, 61, 62, 65, 66, 69, 70, 73, 90, 105, 106], "excluded_lines": [], "start_line": 18}, "get_sync_stats": {"executed_lines": [], "summary": {"covered_lines": 0, "num_statements": 18, "percent_covered": 0.0, "percent_covered_display": "0", "missing_lines": 18, "excluded_lines": 1, "percent_statements_covered": 0.0, "percent_statements_covered_display": "0"}, "missing_lines": [137, 138, 139, 142, 143, 146, 153, 154, 155, 156, 159, 166, 169, 179, 188, 190, 207, 208], "excluded_lines": [115], "start_line": 114}, "": {"executed_lines": [], "summary": {"covered_lines": 0, "num_statements": 13, "percent_covered": 0.0, "percent_covered_display": "0", "missing_lines": 13, "excluded_lines": 0, "percent_statements_covered": 0.0, "percent_statements_covered_display": "0"}, "missing_lines": [5, 6, 7, 8, 10, 11, 13, 16, 17, 18, 112, 113, 114], "excluded_lines": [], "start_line": 1}}, "classes": {"": {"executed_lines": [], "summary": {"covered_lines": 0, "num_statements": 53, "percent_covered": 0.0, "percent_covered_display": "0", "missing_lines": 53, "excluded_lines": 1, "percent_statements_covered": 0.0, "percent_statements_covered_display": "0"}, "missing_lines": [5, 6, 7, 8, 10, 11, 13, 16,
[...]
ent_covered": 0.0, "percent_covered_display": "0", "missing_lines": 6, "excluded_lines": 0, "percent_statements_covered": 0.0, "percent_statements_covered_display": "0"}, "missing_lines": [136, 137, 138, 140, 141, 142], "excluded_lines": [], "start_line": 134}, "UserService.reset_password": {"executed_lines": [], "summary": {"covered_lines": 0, "num_statements": 6, "percent_covered": 0.0, "percent_covered_display": "0", "missing_lines": 6, "excluded_lines": 0, "percent_statements_covered": 0.0, "percent_statements_covered_display": "0"}, "missing_lines": [146, 147, 148, 150, 153, 154], "excluded_lines": [], "start_line": 144}, "UserService.assign_roles": {"executed_lines": [], "summary": {"covered_lines": 0, "num_statements": 12, "percent_covered": 0.0, "percent_covered_display": "0", "missing_lines": 12, "excluded_lines": 0, "percent_statements_covered": 0.0, "percent_statements_covered_display": "0"}, "missing_lines": [158, 159, 160, 163, 164, 167, 168, 171, 172, 173, 175, 176], "excluded_lines": [], "start_line": 156}, "UserService.get_user_roles": {"executed_lines": [], "summary": {"covered_lines": 0, "num_statements": 4, "percent_covered": 0.0, "percent_covered_display": "0", "missing_lines": 4, "excluded_lines": 0, "percent_statements_covered": 0.0, "percent_statements_covered_display": "0"}, "missing_lines": [180, 181, 182, 183], "excluded_lines": [], "start_line": 178}, "": {"executed_lines": [], "summary": {"covered_lines": 0, "num_statements": 21, "percent_covered": 0.0, "percent_covered_display": "0", "missing_lines": 21, "excluded_lines": 0, "percent_statements_covered": 0.0, "percent_statements_covered_display": "0"}, "missing_lines": [3, 4, 5, 6, 7, 8, 9, 12, 18, 27, 34, 35, 41, 49, 57, 82, 111, 134, 144, 156, 178], "excluded_lines": [], "start_line": 1}}, "classes": {"UserService": {"executed_lines": [], "summary": {"covered_lines": 0, "num_statements": 67, "percent_covered": 0.0, "percent_covered_display": "0", "missing_lines": 67, "excluded_lines": 0, "percent_statements_covered": 0.0, "percent_statements_covered_display": "0"}, "missing_lines": [19, 22, 29, 30, 32, 37, 44, 47, 52, 55, 61, 64, 67, 68, 71, 77, 78, 80, 91, 92, 93, 96, 100, 106, 107, 108, 109, 119, 120, 121, 123, 124, 125, 126, 127, 128, 130, 131, 132, 136, 137, 138, 140, 141, 142, 146, 147, 148, 150, 153, 154, 158, 159, 160, 163, 164, 167, 168, 171, 172, 173, 175, 176, 180, 181, 182, 183], "excluded_lines": [], "start_line": 12}, "": {"executed_lines": [], "summary": {"covered_lines": 0, "num_statements": 21, "percent_covered": 0.0, "percent_covered_display": "0", "missing_lines": 21, "excluded_lines": 0, "percent_statements_covered": 0.0, "percent_statements_covered_display": "0"}, "missing_lines": [3, 4, 5, 6, 7, 8, 9, 12, 18, 27, 34, 35, 41, 49, 57, 82, 111, 134, 144, 156, 178], "excluded_lines": [], "start_line": 1}}}, "app/tasks/__init__.py": {"executed_lines": [], "summary": {"covered_lines": 0, "num_statements": 0, "percent_covered": 100.0, "percent_covered_display": "100", "missing_lines": 0, "excluded_lines": 0, "percent_statements_covered": 100.0, "percent_statements_covered_display": "100"}, "missing_lines": [], "excluded_lines": [], "functions": {"": {"executed_lines": [], "summary": {"covered_lines": 0, "num_statements": 0, "percent_covered": 100.0, "percent_covered_display": "100", "missing_lines": 0, "excluded_lines": 0, "percent_statements_covered": 100.0, "percent_statements_covered_display": "100"}, "missing_lines": [], "excluded_lines": [], "start_line": 1}}, "classes": {"": {"executed_lines": [], "summary": {"covered_lines": 0, "num_statements": 0, "percent_covered": 100.0, "percent_covered_display": "100", "missing_lines": 0, "excluded_lines": 0, "percent_statements_covered": 100.0, "percent_statements_covered_display": "100"}, "missing_lines": [], "excluded_lines": [], "start_line": 1}}}, "app/tasks/balance_check.py": {"executed_lines": [], "summary": {"covered_lines": 0, "num_statements": 56, "percent_covered": 0.0, "percent_covered_display": "0", "missing_lines": 56, "excluded_lines": 0, "percent_statements_covered": 0.0, "percent_statements_covered_display": "0"}, "missing_lines": [6, 7, 8, 9, 10, 12, 13, 15, 18, 19, 22, 29, 31, 33, 38, 40, 43, 44, 45, 47, 48, 50, 51, 53, 54, 62, 63, 68, 70, 72, 73, 81, 82, 87, 91, 92, 100, 102, 103, 104, 106, 108, 116, 127, 128, 129, 130, 141, 142, 143, 144, 147, 159, 161, 171, 172], "excluded_lines": [], "functions": {"check_balance_warning": {"executed_lines": [], "summary": {"covered_lines": 0, "num_statements": 40, "percent_covered": 0.0, "percent_covered_display": "0", "missing_lines": 40, "excluded_lines": 0, "percent_statements_covered": 0.0, "percent_statements_covered_display": "0"}, "missing_lines": [29, 31, 33, 38, 40, 43, 44, 45, 47, 48, 50, 51, 53, 54, 62, 63, 68, 70, 72, 73, 81, 82, 87, 91, 92, 100, 102, 103, 104, 106, 108, 116, 127, 128, 129, 130, 141, 142, 143, 144], "excluded_lines": [], "start_line": 22}, "_log_check_task": {"executed_lines": [], "summary": {"covered_lines": 0, "num_statements": 4, "percent_covered": 0.0, "percent_covered_display": "0", "missing_lines": 4, "excluded_lines": 0, "percent_statements_covered": 0.0, "percent_statements_covered_display": "0"}, "missing_lines": [159, 161, 171, 172], "excluded_lines": [], "start_line": 147}, "": {"executed_lines": [], "summary": {"covered_lines": 0, "num_statements": 12, "percent_covered": 0.0, "percent_covered_display": "0", "missing_lines": 12, "excluded_lines": 0, "percent_statements_covered": 0.0, "percent_statements_covered_display": "0"}, "missing_lines": [6, 7, 8, 9, 10, 12, 13, 15, 18, 19, 22, 147], "excluded_lines": [], "start_line": 1}}, "classes": {"": {"executed_lines": [], "summary": {"covered_lines": 0, "num_statements": 56, "percent_covered": 0.0, "percent_covered_display": "0", "missing_lines": 56, "excluded_lines": 0, "percent_statements_covered": 0.0, "percent_statements_covered_display": "0"}, "missing_lines": [6, 7, 8, 9, 10, 12, 13, 15, 18, 19, 22, 29, 31, 33, 38, 40, 43, 44, 45, 47, 48, 50, 51, 53, 54, 62, 63, 68, 70, 72, 73, 81, 82, 87, 91, 92, 100, 102, 103, 104, 106, 108, 116, 127, 128, 129, 130, 141, 142, 143, 144, 147, 159, 161, 171, 172], "excluded_lines": [], "start_line": 1}}}, "app/tasks/email_tasks.py": {"executed_lines": [], "summary": {"covered_lines": 0, "num_statements": 60, "percent_covered": 0.0, "percent_covered_display": "0", "missing_lines": 60, "excluded_lines": 0, "percent_statements_covered": 0.0, "percent_statements_covered_display": "0"}, "missing_lines": [6, 7, 8, 9, 10, 11, 13, 14, 15, 17, 20, 27, 29, 31, 40, 42, 44, 45, 46, 49, 50, 51, 52, 53, 54, 55, 58, 59, 62, 64, 66, 67, 68, 69, 72, 80, 86, 87, 88, 92, 93, 95, 96, 97, 98, 100, 105, 115, 116, 117, 118, 128, 129, 130, 131, 134, 145, 147, 157, 158], "excluded_lines": [], "functions": {"send_overdue_emails": {"executed_lines": [], "summary": {"covered_lines": 0, "num_statements": 44, "percent_covered": 0.0, "percent_covered_display": "0", "missing_lines": 44, "excluded_lines": 0, "percent_statements_covered": 0.0, "percent_statements_covered_display": "0"}, "missing_lines": [27, 29, 31, 40, 42, 44, 45, 46, 49, 50, 51, 52, 53, 54, 55, 58, 59, 62, 64, 66, 67, 68, 69, 72, 80, 86, 87, 88, 92, 93, 95, 96, 97, 98, 100, 105, 115, 116, 117, 118, 128, 129, 130, 131], "excluded_lines": [], "start_line": 20}, "_log_email_task": {"executed_lines": [], "summary": {"covered_lines": 0, "num_statements": 4, "percent_covered": 0.0, "percent_covered_display": "0", "missing_lines": 4, "excluded_lines": 0, "percent_statements_covered": 0.0, "percent_statements_covered_display": "0"}, "missing_lines": [145, 147, 157, 158], "excluded_lines": [], "start_line": 134}, "": {"executed_lines": [], "summary": {"covered_lines": 0, "num_statements": 12, "percent_covered": 0.0, "percent_covered_display": "0", "missing_lines": 12, "excluded_lines": 0, "percent_statements_covered": 0.0, "percent_statements_covered_display": "0"}, "missing_lines": [6, 7, 8, 9, 10, 11, 13, 14, 15, 17, 20, 134], "excluded_lines": [], "start_line": 1}}, "classes": {"": {"executed_lines": [], "summary": {"covered_lines": 0, "num_statements": 60, "percent_covered": 0.0, "percent_covered_display": "0", "missing_lines": 60, "excluded_lines": 0, "percent_statements_covered": 0.0, "percent_statements_covered_display": "0"}, "missing_lines": [6, 7, 8, 9, 10, 11, 13, 14, 15, 17, 20, 27, 29, 31, 40, 42, 44, 45, 46, 49, 50, 51, 52, 53, 54, 55, 58, 59, 62, 64, 66, 67, 68, 69, 72, 80, 86, 87, 88, 92, 93, 95, 96, 97, 98, 100, 105, 115, 116, 117, 118, 128, 129, 130, 131, 134, 145, 147, 157, 158], "excluded_lines": [], "start_line": 1}}}, "app/tasks/file_cleanup.py": {"executed_lines": [], "summary": {"covered_lines": 0, "num_statements": 54, "percent_covered": 0.0, "percent_covered_display": "0", "missing_lines": 54, "excluded_lines": 0, "percent_statements_covered": 0.0, "percent_statements_covered_display": "0"}, "missing_lines": [6, 7, 8, 9, 10, 12, 14, 17, 24, 26, 27, 28, 30, 31, 32, 35, 36, 39, 40, 41, 44, 45, 46, 48, 50, 52, 54, 55, 56, 57, 58, 60, 62, 63, 64, 67, 68, 69, 70, 71, 72, 73, 74, 77, 78, 79, 80, 81, 82, 84, 86, 93, 94, 95], "excluded_lines": [], "functions": {"cleanup_temp_files": {"executed_lines": [], "summary": {"covered_lines": 0, "num_statements": 46, "percent_covered": 0.0, "percent_covered_display": "0", "missing_lines": 46, "excluded_lines": 0, "percent_statements_covered": 0.0, "percent_statements_covered_display": "0"}, "missing_lines": [24, 26, 27, 28, 30, 31, 32, 35, 36, 39, 40, 41, 44, 45, 46, 48, 50, 52, 54, 55, 56, 57, 58, 60, 62, 63, 64, 67, 68, 69, 70, 71, 72, 73, 74, 77, 78, 79, 80, 81, 82, 84, 86, 93, 94, 95], "excluded_lines": [], "start_line": 17}, "": {"executed_lines": [], "summary": {"covered_lines": 0, "num_statements": 8, "percent_covered": 0.0, "percent_covered_display": "0", "missing_lines": 8, "excluded_lines": 0, "percent_statements_covered": 0.0, "percent_statements_covered_display": "0"}, "missing_lines": [6, 7, 8, 9, 10, 12, 14, 17], "excluded_lines": [], "start_line": 1}}, "classes": {"": {"executed_lines": [], "summary": {"covered_lines": 0, "num_statements": 54, "percent_covered": 0.0, "percent_covered_display": "0", "missing_lines": 54, "excluded_lines": 0, "percent_statements_covered": 0.0, "percent_statements_covered_display": "0"}, "missing_lines": [6, 7, 8, 9, 10, 12, 14, 17, 24, 26, 27, 28, 30, 31, 32, 35, 36, 39, 40, 41, 44, 45, 46, 48, 50, 52, 54, 55, 56, 57, 58, 60, 62, 63, 64, 67, 68, 69, 70, 71, 72, 73, 74, 77, 78, 79, 80, 81, 82, 84, 86, 93, 94, 95], "excluded_lines": [], "start_line": 1}}}, "app/tasks/invoice_generator.py": {"executed_lines": [], "summary": {"covered_lines": 0, "num_statements": 56, "percent_covered": 0.0, "percent_covered_display": "0", "missing_lines": 56, "excluded_lines": 0, "percent_statements_covered": 0.0, "percent_statements_covered_display": "0"}, "missing_lines": [6, 7, 8, 9, 10, 11, 13, 14, 16, 19, 26, 28, 30, 31, 32, 36, 41, 48, 50, 53, 54, 55, 58, 60, 62, 63, 65, 72, 73, 74, 75, 78, 85, 86, 87, 91, 92, 96, 97, 98, 101, 103, 111, 122, 123, 124, 125, 136, 137, 138, 139, 142, 154, 156, 166, 167], "excluded_lines": [], "functions": {"generate_monthly_invoices": {"executed_lines": [], "summary": {"covered_lines": 0, "num_statements": 41, "percent_covered": 0.0, "percent_covered_display": "0", "missing_lines": 41, "excluded_lines": 0, "percent_statements_covered": 0.0, "percent_statements_covered_display": "0"}, "missing_lines": [26, 28, 30, 31, 32, 36, 41, 48, 50, 53, 54, 55, 58, 60, 62, 63, 65, 72, 73, 74, 75, 78, 85, 86, 87, 91, 92, 96, 97, 98, 101, 103, 111, 122, 123, 124, 125, 136, 137, 138, 139], "excluded_lines": [], "start_line": 19}, "_log_generation_task": {"executed_lines": [], "summary": {"covered_lines": 0, "num_statements": 4, "percent_covered": 0.0, "percent_covered_display": "0", "missing_lines": 4, "excluded_lines": 0, "percent_statements_covered": 0.0, "percent_statements_covered_display": "0"}, "missing_lines": [154, 156, 166, 167], "excluded_lines": [], "start_line": 142}, "": {"executed_lines": [], "summary": {"covered_lines": 0, "num_statements": 11, "percent_covered": 0.0, "percent_covered_display": "0", "missing_lines": 11, "excluded_lines": 0, "percent_statements_covered": 0.0, "percent_statements_covered_display": "0"}, "missing_lines": [6, 7, 8, 9, 10, 11, 13, 14, 16, 19, 142], "excluded_lines": [], "start_line": 1}}, "classes": {"": {"executed_lines": [], "summary": {"covered_lines": 0, "num_statements": 56, "percent_covered": 0.0, "percent_covered_display": "0", "missing_lines": 56, "excluded_lines": 0, "percent_statements_covered": 0.0, "percent_statements_covered_display": "0"}, "missing_lines": [6, 7, 8, 9, 10, 11, 13, 14, 16, 19, 26, 28, 30, 31, 32, 36, 41, 48, 50, 53, 54, 55, 58, 60, 62, 63, 65, 72, 73, 74, 75, 78, 85, 86, 87, 91, 92, 96, 97, 98, 101, 103, 111, 122, 123, 124, 125, 136, 137, 138, 139, 142, 154, 156, 166, 167], "excluded_lines": [], "start_line": 1}}}, "app/tasks/scheduler.py": {"executed_lines": [], "summary": {"covered_lines": 0, "num_statements": 34, "percent_covered": 0.0, "percent_covered_display": "0", "missing_lines": 34, "excluded_lines": 0, "percent_statements_covered": 0.0, "percent_statements_covered_display": "0"}, "missing_lines": [5, 6, 7, 8, 9, 11, 14, 17, 20, 21, 24, 25, 26, 27, 28, 29, 33, 42, 51, 60, 69, 78, 87, 88, 91, 92, 94, 95, 97, 98, 99, 101, 104, 106], "excluded_lines": [], "functions": {"init_scheduler": {"executed_lines": [], "summary": {"covered_lines": 0, "num_statements": 5, "percent_covered": 0.0, "percent_covered_display": "0", "missing_lines": 5, "excluded_lines": 0, "percent_statements_covered": 0.0, "percent_statements_covered_display": "0"}, "missing_lines": [20, 21, 94, 95, 101], "excluded_lines": [], "start_line": 17}, "init_scheduler.start_scheduler": {"executed_lines": [], "summary": {"covered_lines": 0, "num_statements": 16, "percent_covered": 0.0, "percent_covered_display": "0", "missing_lines": 16, "excluded_lines": 0, "percent_statements_covered": 0.0, "percent_statements_covered_display": "0"}, "missing_lines": [24, 25, 26, 27, 28, 29, 33, 42, 51, 60, 69, 78, 87, 88, 91, 92], "excluded_lines": [], "start_line": 21}, "init_scheduler.stop_scheduler": {"executed_lines": [], "summary": {"covered_lines": 0, "num_statements": 3, "percent_covered": 0.0, "percent_covered_display": "0", "missing_lines": 3, "excluded_lines": 0, "percent_statements_covered": 0.0, "percent_statements_covered_display": "0"}, "missing_lines": [97, 98, 99], "excluded_lines": [], "start_line": 95}, "get_scheduler": {"executed_lines": [], "summary": {"covered_lines": 0, "num_statements": 1, "percent_covered": 0.0, "percent_covered_display": "0", "missing_lines": 1, "excluded_lines": 0, "percent_statements_covered": 0.0, "percent_statements_covered_display": "0"}, "missing_lines": [106], "excluded_lines": [], "start_line": 104}, "": {"executed_lines": [], "summary": {"covered_lines": 0, "num_statements": 9, "percent_covered": 0.0, "percent_covered_display": "0", "missing_lines": 9, "excluded_lines": 0, "percent_statements_covered": 0.0, "percent_statements_covered_display": "0"}, "missing_lines": [5, 6, 7, 8, 9, 11, 14, 17, 104], "excluded_lines": [], "start_line": 1}}, "classes": {"": {"executed_lines": [], "summary": {"covered_lines": 0, "num_statements": 34, "percent_covered": 0.0, "percent_covered_display": "0", "missing_lines": 34, "excluded_lines": 0, "percent_statements_covered": 0.0, "percent_statements_covered_display": "0"}, "missing_lines": [5, 6, 7, 8, 9, 11, 14, 17, 20, 21, 24, 25, 26, 27, 28, 29, 33, 42, 51, 60, 69, 78, 87, 88, 91, 92, 94, 95, 97, 98, 99, 101, 104, 106], "excluded_lines": [], "start_line": 1}}}, "app/tasks/usage_sync.py": {"executed_lines": [], "summary": {"covered_lines": 0, "num_statements": 59, "percent_covered": 0.0, "percent_covered_display": "0", "missing_lines": 59, "excluded_lines": 0, "percent_statements_covered": 0.0, "percent_statements_covered_display": "0"}, "missing_lines": [6, 7, 8, 9, 10, 12, 13, 15, 18, 25, 27, 29, 30, 31, 33, 36, 41, 43, 46, 47, 48, 51, 53, 55, 56, 58, 64, 65, 68, 69, 72, 78, 80, 87, 88, 89, 94, 101, 102, 103, 105, 106, 107, 108, 111, 113, 121, 132, 133, 135, 136, 147, 148, 149, 150, 153, 165, 175, 176], "excluded_lines": [], "functions": {"sync_daily_usage": {"executed_lines": [], "summary": {"covered_lines": 0, "num_statements": 46, "percent_covered": 0.0, "percent_covered_display": "0", "missing_lines": 46, "excluded_lines": 0, "percent_statements_covered": 0.0, "percent_statements_covered_display": "0"}, "missing_lines": [25, 27, 29, 30, 31, 33, 36, 41, 43, 46, 47, 48, 51, 53, 55, 56, 58, 64, 65, 68, 69, 72, 78, 80, 87, 88, 89, 94, 101, 102, 103, 105, 106, 107, 108, 111, 113, 121, 132, 133, 135, 136, 147, 148, 149, 150], "excluded_lines": [], "start_line": 18}, "_log_sync_task": {"executed_lines": [], "summary": {"covered_lines": 0, "num_statements": 3, "percent_covered": 0.0, "percent_covered_display": "0", "missing_lines": 3, "excluded_lines": 0, "percent_statements_covered": 0.0, "percent_statements_covered_display": "0"}, "missing_lines": [165, 175, 176], "excluded_lines": [], "start_line": 153}, "": {"executed_lines": [], "summary": {"covered_lines": 0, "num_statements": 10, "percent_covered": 0.0, "percent_covered_display": "0", "missing_lines": 10, "excluded_lines": 0, "percent_statements_covered": 0.0, "percent_statements_covered_display": "0"}, "missing_lines": [6, 7, 8, 9, 10, 12, 13, 15, 18, 153], "excluded_lines": [], "start_line": 1}}, "classes": {"": {"executed_lines": [], "summary": {"covered_lines": 0, "num_statements": 59, "percent_covered": 0.0, "percent_covered_display": "0", "missing_lines": 59, "excluded_lines": 0, "percent_statements_covered": 0.0, "percent_statements_covered_display": "0"}, "missing_lines": [6, 7, 8, 9, 10, 12, 13, 15, 18, 25, 27, 29, 30, 31, 33, 36, 41, 43, 46, 47, 48, 51, 53, 55, 56, 58, 64, 65, 68, 69, 72, 78, 80, 87, 88, 89, 94, 101, 102, 103, 105, 106, 107, 108, 111, 113, 121, 132, 133, 135, 136, 147, 148, 149, 150, 153, 165, 175, 176], "excluded_lines": [], "start_line": 1}}}, "app/tasks/webhook_cleanup.py": {"executed_lines": [], "summary": {"covered_lines": 0, "num_statements": 23, "percent_covered": 0.0, "percent_covered_display": "0", "missing_lines": 23, "excluded_lines": 0, "percent_statements_covered": 0.0, "percent_statements_covered_display": "0"}, "missing_lines": [6, 7, 8, 9, 11, 13, 16, 19, 25, 27, 30, 36, 37, 39, 40, 41, 44, 51, 53, 60, 61, 62, 63], "excluded_lines": [], "functions": {"cleanup_webhook_signatures": {"executed_lines": [], "summary": {"covered_lines": 0, "num_statements": 15, "percent_covered": 0.0, "percent_covered_display": "0", "missing_lines": 15, "excluded_lines": 0, "percent_statements_covered": 0.0, "percent_statements_covered_display": "0"}, "missing_lines": [25, 27, 30, 36, 37, 39, 40, 41, 44, 51, 53, 60, 61, 62, 63], "excluded_lines": [], "start_line": 19}, "": {"executed_lines": [], "summary": {"covered_lines": 0, "num_statements": 8, "percent_covered": 0.0, "percent_covered_display": "0", "missing_lines": 8, "excluded_lines": 0, "percent_statements_covered": 0.0, "percent_statements_covered_display": "0"}, "missing_lines": [6, 7, 8, 9, 11, 13, 16, 19], "excluded_lines": [], "start_line": 1}}, "classes": {"": {"executed_lines": [], "summary": {"covered_lines": 0, "num_statements": 23, "percent_covered": 0.0, "percent_covered_display": "0", "missing_lines": 23, "excluded_lines": 0, "percent_statements_covered": 0.0, "percent_statements_covered_display": "0"}, "missing_lines": [6, 7, 8, 9, 11, 13, 16, 19, 25, 27, 30, 36, 37, 39, 40, 41, 44, 51, 53, 60, 61, 62, 63], "excluded_lines": [], "start_line": 1}}}}, "totals": {"covered_lines": 571, "num_statements": 3130, "percent_covered": 18.242811501597444, "percent_covered_display": "18", "missing_lines": 2559, "excluded_lines": 1, "percent_statements_covered": 18.242811501597444, "percent_statements_covered_display": "18"}}